{"meta":{"serverLogs":"server-logs"},"level":"info","message":"Thu Sep 02 2021 03:04:49 GMT+0000 (Coordinated Universal Time) POST /v1/search 200 487072 - 1096.624 ms\n"}
{"meta":{"serverLogs":"server-logs"},"level":"info","message":"Thu Sep 02 2021 03:04:50 GMT+0000 (Coordinated Universal Time) POST /v1/search 200 487072 - 978.278 ms\n"}
{"meta":{"serverLogs":"server-logs"},"level":"info","message":"Thu Sep 02 2021 03:06:07 GMT+0000 (Coordinated Universal Time) POST /v1/search 200 487071 - 292.369 ms\n"}
{"meta":{"serverLogs":"server-logs"},"level":"info","message":"Thu Sep 02 2021 03:06:07 GMT+0000 (Coordinated Universal Time) POST /v1/search 200 487071 - 926.934 ms\n"}
{"meta":{"serverLogs":"server-logs"},"level":"info","message":"Thu Sep 02 2021 06:09:08 GMT+0000 (Coordinated Universal Time) POST /v1/search 200 178817 - 748.395 ms\n"}
{"meta":{"serverLogs":"server-logs"},"level":"info","message":"Thu Sep 02 2021 06:09:08 GMT+0000 (Coordinated Universal Time) POST /v1/search 200 178817 - 587.420 ms\n"}
{"meta":{"serverLogs":"server-logs"},"level":"info","message":"Thu Sep 02 2021 06:11:26 GMT+0000 (Coordinated Universal Time) POST /v1/search 200 178816 - 301.246 ms\n"}
{"meta":{"serverLogs":"server-logs"},"level":"info","message":"Thu Sep 02 2021 06:11:26 GMT+0000 (Coordinated Universal Time) POST /v1/search 200 178816 - 312.158 ms\n"}
{"meta":{"serverLogs":"server-logs"},"level":"info","message":"Thu Sep 02 2021 06:33:49 GMT+0000 (Coordinated Universal Time) POST /v1/search 200 178817 - 459.734 ms\n"}
{"meta":{"serverLogs":"server-logs"},"level":"info","message":"Thu Sep 02 2021 06:33:49 GMT+0000 (Coordinated Universal Time) POST /v1/search 200 178817 - 633.363 ms\n"}
{"meta":{"serverLogs":"server-logs"},"level":"info","message":"Thu Sep 02 2021 06:33:52 GMT+0000 (Coordinated Universal Time) POST /v1/search 200 195328 - 313.799 ms\n"}
{"meta":{"serverLogs":"server-logs"},"level":"info","message":"Thu Sep 02 2021 06:34:58 GMT+0000 (Coordinated Universal Time) POST /v1/search 200 195327 - 446.477 ms\n"}
{"meta":{"serverLogs":"server-logs"},"level":"info","message":"Thu Sep 02 2021 06:34:59 GMT+0000 (Coordinated Universal Time) POST /v1/search 200 178816 - 151.979 ms\n"}
{"meta":{"serverLogs":"server-logs"},"level":"info","message":"Thu Sep 02 2021 06:34:59 GMT+0000 (Coordinated Universal Time) POST /v1/search 200 178816 - 169.159 ms\n"}
{"meta":{"serverLogs":"server-logs"},"level":"info","message":"Thu Sep 02 2021 06:35:40 GMT+0000 (Coordinated Universal Time) POST /v1/search 200 178816 - 266.305 ms\n"}
{"meta":{"serverLogs":"server-logs"},"level":"info","message":"Thu Sep 02 2021 06:35:40 GMT+0000 (Coordinated Universal Time) POST /v1/search 200 178816 - 360.710 ms\n"}
{"meta":{"serverLogs":"server-logs"},"level":"info","message":"Thu Sep 02 2021 06:35:44 GMT+0000 (Coordinated Universal Time) POST /v1/search 200 195327 - 183.843 ms\n"}
{"meta":{"serverLogs":"server-logs"},"level":"info","message":"Thu Sep 02 2021 06:36:23 GMT+0000 (Coordinated Universal Time) POST /v1/search 200 178817 - 393.361 ms\n"}
{"meta":{"serverLogs":"server-logs"},"level":"info","message":"Thu Sep 02 2021 06:36:23 GMT+0000 (Coordinated Universal Time) POST /v1/search 200 178817 - 453.576 ms\n"}
{"meta":{"serverLogs":"server-logs"},"level":"info","message":"Thu Sep 02 2021 06:36:25 GMT+0000 (Coordinated Universal Time) POST /v1/search 200 195327 - 130.403 ms\n"}
{"meta":{"serverLogs":"server-logs"},"level":"info","message":"Thu Sep 02 2021 06:41:24 GMT+0000 (Coordinated Universal Time) POST /v1/search 200 195326 - 160.892 ms\n"}
{"meta":{"serverLogs":"server-logs"},"level":"info","message":"Thu Sep 02 2021 06:41:32 GMT+0000 (Coordinated Universal Time) POST /v1/search 200 178816 - 211.574 ms\n"}
{"meta":{"serverLogs":"server-logs"},"level":"info","message":"Thu Sep 02 2021 06:41:32 GMT+0000 (Coordinated Universal Time) POST /v1/search 200 178816 - 137.908 ms\n"}
{"meta":{"serverLogs":"server-logs"},"level":"info","message":"Thu Sep 02 2021 06:42:56 GMT+0000 (Coordinated Universal Time) POST /v1/search 200 178816 - 155.575 ms\n"}
{"meta":{"serverLogs":"server-logs"},"level":"info","message":"Thu Sep 02 2021 06:42:57 GMT+0000 (Coordinated Universal Time) POST /v1/search 200 178816 - 545.555 ms\n"}
{"meta":{"serverLogs":"server-logs"},"level":"info","message":"Thu Sep 02 2021 06:42:59 GMT+0000 (Coordinated Universal Time) POST /v1/search 200 195327 - 109.520 ms\n"}
{"meta":{"serverLogs":"server-logs"},"level":"info","message":"Thu Sep 02 2021 06:43:38 GMT+0000 (Coordinated Universal Time) POST /v1/search 200 178816 - 290.468 ms\n"}
{"meta":{"serverLogs":"server-logs"},"level":"info","message":"Thu Sep 02 2021 06:43:38 GMT+0000 (Coordinated Universal Time) POST /v1/search 200 178816 - 143.590 ms\n"}
{"meta":{"serverLogs":"server-logs"},"level":"info","message":"Thu Sep 02 2021 06:43:41 GMT+0000 (Coordinated Universal Time) POST /v1/search 200 195327 - 126.863 ms\n"}
{"meta":{"serverLogs":"server-logs"},"level":"info","message":"Thu Sep 02 2021 06:44:14 GMT+0000 (Coordinated Universal Time) POST /v1/search 200 178816 - 291.990 ms\n"}
{"meta":{"serverLogs":"server-logs"},"level":"info","message":"Thu Sep 02 2021 06:44:15 GMT+0000 (Coordinated Universal Time) POST /v1/search 200 178816 - 499.742 ms\n"}
{"meta":{"serverLogs":"server-logs"},"level":"info","message":"Thu Sep 02 2021 06:45:45 GMT+0000 (Coordinated Universal Time) POST /v1/search 200 195327 - 291.883 ms\n"}
{"meta":{"serverLogs":"server-logs"},"level":"info","message":"Thu Sep 02 2021 06:58:23 GMT+0000 (Coordinated Universal Time) POST /v1/search 200 21320 - 354.409 ms\n"}
{"meta":{"serverLogs":"server-logs"},"level":"info","message":"Thu Sep 02 2021 07:00:14 GMT+0000 (Coordinated Universal Time) POST /v1/search 200 21321 - 99.347 ms\n"}
{"message":"log❯❯▶ /v1/syc_local without session","level":"error"}
{"meta":{"serverLogs":"server-logs"},"level":"info","message":"Thu Sep 02 2021 07:00:31 GMT+0000 (Coordinated Universal Time) POST /v1/syc_local 200 44 - 2159.646 ms\n"}
{"meta":{"serverLogs":"server-logs"},"level":"info","message":"Thu Sep 02 2021 07:03:31 GMT+0000 (Coordinated Universal Time) POST /v1/search 200 21321 - 266.291 ms\n"}
{"meta":{"serverLogs":"server-logs"},"level":"info","message":"Thu Sep 02 2021 07:03:42 GMT+0000 (Coordinated Universal Time) POST /v1/search 200 178817 - 159.628 ms\n"}
{"meta":{"serverLogs":"server-logs"},"level":"info","message":"Thu Sep 02 2021 07:03:42 GMT+0000 (Coordinated Universal Time) POST /v1/search 200 178816 - 251.055 ms\n"}
{"message":"log❯❯▶ /v1/syc_local without session","level":"error"}
{"meta":{"serverLogs":"server-logs"},"level":"info","message":"Thu Sep 02 2021 07:03:46 GMT+0000 (Coordinated Universal Time) POST /v1/syc_local 200 44 - 76.866 ms\n"}
{"meta":{"serverLogs":"server-logs"},"level":"info","message":"Thu Sep 02 2021 07:05:08 GMT+0000 (Coordinated Universal Time) POST /v1/syc_local 200 99 - 4839.907 ms\n"}
{"meta":{"serverLogs":"server-logs"},"level":"info","message":"Thu Sep 02 2021 07:16:53 GMT+0000 (Coordinated Universal Time) POST /v1/search 200 21322 - 167.896 ms\n"}
{"meta":{"serverLogs":"server-logs"},"level":"info","message":"Thu Sep 02 2021 07:17:54 GMT+0000 (Coordinated Universal Time) POST /v1/search 200 21321 - 182.696 ms\n"}
{"meta":{"serverLogs":"server-logs"},"level":"info","message":"Thu Sep 02 2021 07:18:08 GMT+0000 (Coordinated Universal Time) POST /v1/search 200 178816 - 184.286 ms\n"}
{"meta":{"serverLogs":"server-logs"},"level":"info","message":"Thu Sep 02 2021 07:18:09 GMT+0000 (Coordinated Universal Time) POST /v1/search 200 178816 - 292.496 ms\n"}
{"meta":{"serverLogs":"server-logs"},"level":"info","message":"Thu Sep 02 2021 07:19:34 GMT+0000 (Coordinated Universal Time) POST /v1/search 200 20974 - 72.190 ms\n"}
{"meta":{"serverLogs":"server-logs"},"level":"info","message":"Thu Sep 02 2021 07:19:43 GMT+0000 (Coordinated Universal Time) POST /v1/search 200 178816 - 127.405 ms\n"}
{"meta":{"serverLogs":"server-logs"},"level":"info","message":"Thu Sep 02 2021 07:19:43 GMT+0000 (Coordinated Universal Time) POST /v1/search 200 178816 - 175.416 ms\n"}
{"meta":{"serverLogs":"server-logs"},"level":"info","message":"Thu Sep 02 2021 07:27:40 GMT+0000 (Coordinated Universal Time) POST /v1/search 200 178816 - 156.236 ms\n"}
{"meta":{"serverLogs":"server-logs"},"level":"info","message":"Thu Sep 02 2021 07:27:40 GMT+0000 (Coordinated Universal Time) POST /v1/search 200 178816 - 195.449 ms\n"}
{"meta":{"serverLogs":"server-logs"},"level":"info","message":"Thu Sep 02 2021 07:28:01 GMT+0000 (Coordinated Universal Time) POST /v1/get_html 200 10848 - 30.920 ms\n"}
{"meta":{"serverLogs":"server-logs"},"level":"info","message":"Thu Sep 02 2021 07:28:01 GMT+0000 (Coordinated Universal Time) POST /v1/get_html 200 10847 - 24.105 ms\n"}
{"meta":{"serverLogs":"server-logs"},"level":"info","message":"Thu Sep 02 2021 07:28:05 GMT+0000 (Coordinated Universal Time) POST /v1/get_html 200 5393 - 26.901 ms\n"}
{"meta":{"serverLogs":"server-logs"},"level":"info","message":"Thu Sep 02 2021 07:28:05 GMT+0000 (Coordinated Universal Time) POST /v1/get_html 200 5388 - 69.377 ms\n"}
{"meta":{"serverLogs":"server-logs"},"level":"info","message":"Thu Sep 02 2021 07:28:08 GMT+0000 (Coordinated Universal Time) POST /v1/get_html 200 4872 - 20.773 ms\n"}
{"meta":{"serverLogs":"server-logs"},"level":"info","message":"Thu Sep 02 2021 07:28:08 GMT+0000 (Coordinated Universal Time) POST /v1/get_html 200 4867 - 90.778 ms\n"}
{"meta":{"serverLogs":"server-logs"},"level":"info","message":"Thu Sep 02 2021 07:28:33 GMT+0000 (Coordinated Universal Time) POST /v1/get_html 200 4867 - 40.421 ms\n"}
{"meta":{"serverLogs":"server-logs"},"level":"info","message":"Thu Sep 02 2021 07:28:33 GMT+0000 (Coordinated Universal Time) POST /v1/get_html 200 4867 - 26.177 ms\n"}
{"meta":{"serverLogs":"server-logs"},"level":"info","message":"Thu Sep 02 2021 07:38:50 GMT+0000 (Coordinated Universal Time) POST /v1/get_html 200 4871 - 374.495 ms\n"}
{"meta":{"serverLogs":"server-logs"},"level":"info","message":"Thu Sep 02 2021 07:38:50 GMT+0000 (Coordinated Universal Time) POST /v1/get_html 200 4871 - 36.077 ms\n"}
{"meta":{"serverLogs":"server-logs"},"level":"info","message":"Thu Sep 02 2021 07:39:03 GMT+0000 (Coordinated Universal Time) POST /v1/get_html 200 4867 - 104.651 ms\n"}
{"meta":{"serverLogs":"server-logs"},"level":"info","message":"Thu Sep 02 2021 07:39:04 GMT+0000 (Coordinated Universal Time) POST /v1/get_html 200 4871 - 30.343 ms\n"}
{"meta":{"serverLogs":"server-logs"},"level":"info","message":"Thu Sep 02 2021 08:48:28 GMT+0000 (Coordinated Universal Time) POST /v1/search 200 178817 - 2254.128 ms\n"}
{"meta":{"serverLogs":"server-logs"},"level":"info","message":"Thu Sep 02 2021 08:48:28 GMT+0000 (Coordinated Universal Time) POST /v1/search 200 178817 - 2810.259 ms\n"}
{"meta":{"serverLogs":"server-logs"},"level":"info","message":"Thu Sep 02 2021 08:54:26 GMT+0000 (Coordinated Universal Time) POST /v1/search 200 4 - 247.571 ms\n"}
{"meta":{"serverLogs":"server-logs"},"level":"info","message":"Thu Sep 02 2021 08:55:19 GMT+0000 (Coordinated Universal Time) POST /v1/search - - - - ms\n"}
{"meta":{"serverLogs":"server-logs"},"level":"info","message":"Thu Sep 02 2021 08:59:46 GMT+0000 (Coordinated Universal Time) POST /v1/search 200 20974 - 1006.752 ms\n"}
{"meta":{"serverLogs":"server-logs"},"level":"info","message":"Thu Sep 02 2021 09:01:06 GMT+0000 (Coordinated Universal Time) POST /v1/search 200 20974 - 162.513 ms\n"}
{"meta":{"serverLogs":"server-logs"},"level":"info","message":"Thu Sep 02 2021 09:15:16 GMT+0000 (Coordinated Universal Time) POST /v1/search 200 20974 - 91.300 ms\n"}
{"meta":{"serverLogs":"server-logs"},"level":"info","message":"Thu Sep 02 2021 09:25:16 GMT+0000 (Coordinated Universal Time) POST /v1/search 200 178817 - 235.473 ms\n"}
{"meta":{"serverLogs":"server-logs"},"level":"info","message":"Thu Sep 02 2021 09:25:16 GMT+0000 (Coordinated Universal Time) POST /v1/search 200 178816 - 301.489 ms\n"}
{"meta":{"serverLogs":"server-logs"},"level":"info","message":"Thu Sep 02 2021 09:29:11 GMT+0000 (Coordinated Universal Time) POST /v1/search 200 178816 - 194.943 ms\n"}
{"meta":{"serverLogs":"server-logs"},"level":"info","message":"Thu Sep 02 2021 09:29:11 GMT+0000 (Coordinated Universal Time) POST /v1/search 200 178816 - 376.697 ms\n"}
{"meta":{"serverLogs":"server-logs"},"level":"info","message":"Thu Sep 02 2021 09:46:17 GMT+0000 (Coordinated Universal Time) POST /v1/search 200 178817 - 10967.244 ms\n"}
{"meta":{"serverLogs":"server-logs"},"level":"info","message":"Thu Sep 02 2021 09:46:17 GMT+0000 (Coordinated Universal Time) POST /v1/search 200 178818 - 10901.874 ms\n"}
{"meta":{"serverLogs":"server-logs"},"level":"info","message":"Thu Sep 02 2021 09:46:40 GMT+0000 (Coordinated Universal Time) POST /v1/search 200 178817 - 198.857 ms\n"}
{"meta":{"serverLogs":"server-logs"},"level":"info","message":"Thu Sep 02 2021 09:46:40 GMT+0000 (Coordinated Universal Time) POST /v1/search 200 178816 - 423.612 ms\n"}
{"meta":{"serverLogs":"server-logs"},"level":"info","message":"Thu Sep 02 2021 09:47:16 GMT+0000 (Coordinated Universal Time) POST /v1/search 200 178816 - 146.672 ms\n"}
{"meta":{"serverLogs":"server-logs"},"level":"info","message":"Thu Sep 02 2021 09:47:17 GMT+0000 (Coordinated Universal Time) POST /v1/search 200 178816 - 244.598 ms\n"}
{"meta":{"serverLogs":"server-logs"},"level":"info","message":"Thu Sep 02 2021 09:55:59 GMT+0000 (Coordinated Universal Time) POST /v1/search 200 178815 - 180.248 ms\n"}
{"meta":{"serverLogs":"server-logs"},"level":"info","message":"Thu Sep 02 2021 09:56:00 GMT+0000 (Coordinated Universal Time) POST /v1/search 200 178816 - 364.946 ms\n"}
{"meta":{"serverLogs":"server-logs"},"level":"info","message":"Thu Sep 02 2021 10:40:51 GMT+0000 (Coordinated Universal Time) POST /v1/search 200 178817 - 247.627 ms\n"}
{"meta":{"serverLogs":"server-logs"},"level":"info","message":"Thu Sep 02 2021 10:40:51 GMT+0000 (Coordinated Universal Time) POST /v1/search 200 178816 - 398.350 ms\n"}
{"meta":{"serverLogs":"server-logs"},"level":"info","message":"Thu Sep 02 2021 11:15:11 GMT+0000 (Coordinated Universal Time) POST /v1/search 200 178817 - 537.636 ms\n"}
{"meta":{"serverLogs":"server-logs"},"level":"info","message":"Thu Sep 02 2021 11:15:12 GMT+0000 (Coordinated Universal Time) POST /v1/search 200 178817 - 924.285 ms\n"}
{"meta":{"serverLogs":"server-logs"},"level":"info","message":"Thu Sep 02 2021 11:15:55 GMT+0000 (Coordinated Universal Time) POST /v1/search 200 20989 - 107.116 ms\n"}
{"meta":{"serverLogs":"server-logs"},"level":"info","message":"Thu Sep 02 2021 11:16:06 GMT+0000 (Coordinated Universal Time) POST /v1/search 200 20988 - 18.269 ms\n"}
{"meta":{"serverLogs":"server-logs"},"level":"info","message":"Thu Sep 02 2021 11:16:20 GMT+0000 (Coordinated Universal Time) POST /v1/search 200 20988 - 8.393 ms\n"}
{"meta":{"serverLogs":"server-logs"},"level":"info","message":"Thu Sep 02 2021 12:19:45 GMT+0000 (Coordinated Universal Time) POST /v1/search 200 178816 - 551.773 ms\n"}
{"meta":{"serverLogs":"server-logs"},"level":"info","message":"Thu Sep 02 2021 12:19:45 GMT+0000 (Coordinated Universal Time) POST /v1/search 200 178816 - 561.343 ms\n"}
{"meta":{"serverLogs":"server-logs"},"level":"info","message":"Thu Sep 02 2021 12:49:13 GMT+0000 (Coordinated Universal Time) POST /v1/search 200 178817 - 464.715 ms\n"}
{"meta":{"serverLogs":"server-logs"},"level":"info","message":"Thu Sep 02 2021 12:49:13 GMT+0000 (Coordinated Universal Time) POST /v1/search 200 178817 - 646.913 ms\n"}
{"meta":{"serverLogs":"server-logs"},"level":"info","message":"Thu Sep 02 2021 12:51:09 GMT+0000 (Coordinated Universal Time) POST /v1/search 200 178816 - 199.604 ms\n"}
{"meta":{"serverLogs":"server-logs"},"level":"info","message":"Thu Sep 02 2021 12:51:09 GMT+0000 (Coordinated Universal Time) POST /v1/search 200 178816 - 438.284 ms\n"}
{"meta":{"serverLogs":"server-logs"},"level":"info","message":"Thu Sep 02 2021 13:46:33 GMT+0000 (Coordinated Universal Time) POST /v1/search 200 178817 - 682.214 ms\n"}
{"meta":{"serverLogs":"server-logs"},"level":"info","message":"Thu Sep 02 2021 13:46:34 GMT+0000 (Coordinated Universal Time) POST /v1/search 200 178816 - 718.794 ms\n"}
{"meta":{"serverLogs":"server-logs"},"level":"info","message":"Thu Sep 02 2021 13:52:04 GMT+0000 (Coordinated Universal Time) POST /v1/search 200 178816 - 123.454 ms\n"}
{"meta":{"serverLogs":"server-logs"},"level":"info","message":"Thu Sep 02 2021 13:52:04 GMT+0000 (Coordinated Universal Time) POST /v1/search 200 178816 - 178.686 ms\n"}
{"meta":{"serverLogs":"server-logs"},"level":"info","message":"Thu Sep 02 2021 14:01:20 GMT+0000 (Coordinated Universal Time) POST /v1/search 200 178816 - 124.125 ms\n"}
{"meta":{"serverLogs":"server-logs"},"level":"info","message":"Thu Sep 02 2021 14:01:20 GMT+0000 (Coordinated Universal Time) POST /v1/search 200 178816 - 256.744 ms\n"}
{"meta":{"serverLogs":"server-logs"},"level":"info","message":"Thu Sep 02 2021 14:02:34 GMT+0000 (Coordinated Universal Time) POST /v1/search 200 178816 - 134.312 ms\n"}
{"meta":{"serverLogs":"server-logs"},"level":"info","message":"Thu Sep 02 2021 14:02:34 GMT+0000 (Coordinated Universal Time) POST /v1/search 200 178816 - 213.767 ms\n"}
{"meta":{"serverLogs":"server-logs"},"level":"info","message":"Thu Sep 02 2021 14:04:37 GMT+0000 (Coordinated Universal Time) POST /v1/search 200 178817 - 126.212 ms\n"}
{"meta":{"serverLogs":"server-logs"},"level":"info","message":"Thu Sep 02 2021 14:04:37 GMT+0000 (Coordinated Universal Time) POST /v1/search 200 178816 - 86.819 ms\n"}
{"meta":{"serverLogs":"server-logs"},"level":"info","message":"Thu Sep 02 2021 14:05:58 GMT+0000 (Coordinated Universal Time) POST /v1/search 200 178816 - 176.899 ms\n"}
{"meta":{"serverLogs":"server-logs"},"level":"info","message":"Thu Sep 02 2021 14:05:58 GMT+0000 (Coordinated Universal Time) POST /v1/search 200 178816 - 259.073 ms\n"}
{"meta":{"serverLogs":"server-logs"},"level":"info","message":"Thu Sep 02 2021 14:12:46 GMT+0000 (Coordinated Universal Time) POST /v1/search 200 178816 - 144.763 ms\n"}
{"meta":{"serverLogs":"server-logs"},"level":"info","message":"Thu Sep 02 2021 14:12:46 GMT+0000 (Coordinated Universal Time) POST /v1/search 200 178816 - 318.426 ms\n"}
{"meta":{"serverLogs":"server-logs"},"level":"info","message":"Thu Sep 02 2021 14:18:04 GMT+0000 (Coordinated Universal Time) POST /v1/search 200 178816 - 114.383 ms\n"}
{"meta":{"serverLogs":"server-logs"},"level":"info","message":"Thu Sep 02 2021 14:18:05 GMT+0000 (Coordinated Universal Time) POST /v1/search 200 178817 - 174.715 ms\n"}
{"meta":{"serverLogs":"server-logs"},"level":"info","message":"Thu Sep 02 2021 14:19:04 GMT+0000 (Coordinated Universal Time) POST /v1/search 200 178816 - 109.520 ms\n"}
{"meta":{"serverLogs":"server-logs"},"level":"info","message":"Thu Sep 02 2021 14:19:04 GMT+0000 (Coordinated Universal Time) POST /v1/search 200 178816 - 154.362 ms\n"}
{"meta":{"serverLogs":"server-logs"},"level":"info","message":"Thu Sep 02 2021 14:19:51 GMT+0000 (Coordinated Universal Time) POST /v1/search 200 178816 - 120.951 ms\n"}
{"meta":{"serverLogs":"server-logs"},"level":"info","message":"Thu Sep 02 2021 14:19:51 GMT+0000 (Coordinated Universal Time) POST /v1/search 200 178816 - 147.731 ms\n"}
{"meta":{"serverLogs":"server-logs"},"level":"info","message":"Thu Sep 02 2021 14:21:27 GMT+0000 (Coordinated Universal Time) POST /v1/search 200 178816 - 132.663 ms\n"}
{"meta":{"serverLogs":"server-logs"},"level":"info","message":"Thu Sep 02 2021 14:21:27 GMT+0000 (Coordinated Universal Time) POST /v1/search 200 178816 - 200.270 ms\n"}
{"meta":{"serverLogs":"server-logs"},"level":"info","message":"Thu Sep 02 2021 14:21:46 GMT+0000 (Coordinated Universal Time) POST /v1/search 200 178816 - 121.783 ms\n"}
{"meta":{"serverLogs":"server-logs"},"level":"info","message":"Thu Sep 02 2021 14:21:46 GMT+0000 (Coordinated Universal Time) POST /v1/search 200 178816 - 245.449 ms\n"}
{"meta":{"serverLogs":"server-logs"},"level":"info","message":"Thu Sep 02 2021 14:52:49 GMT+0000 (Coordinated Universal Time) POST /v1/search 200 178817 - 177.797 ms\n"}
{"meta":{"serverLogs":"server-logs"},"level":"info","message":"Thu Sep 02 2021 14:52:49 GMT+0000 (Coordinated Universal Time) POST /v1/search 200 178817 - 268.196 ms\n"}
{"meta":{"serverLogs":"server-logs"},"level":"info","message":"Thu Sep 02 2021 14:58:54 GMT+0000 (Coordinated Universal Time) GET / 200 25 - 13.324 ms\n"}
{"meta":{"serverLogs":"server-logs"},"level":"info","message":"Thu Sep 02 2021 14:58:54 GMT+0000 (Coordinated Universal Time) GET /favicon.ico 404 150 - 8.695 ms\n"}
{"meta":{"serverLogs":"server-logs"},"level":"info","message":"Thu Sep 02 2021 14:59:03 GMT+0000 (Coordinated Universal Time) GET / 304 - - 11.284 ms\n"}
{"meta":{"serverLogs":"server-logs"},"level":"info","message":"Thu Sep 02 2021 14:59:45 GMT+0000 (Coordinated Universal Time) GET / 304 - - 7.894 ms\n"}
{"meta":{"serverLogs":"server-logs"},"level":"info","message":"Thu Sep 02 2021 14:59:46 GMT+0000 (Coordinated Universal Time) GET / 304 - - 5.968 ms\n"}
{"meta":{"serverLogs":"server-logs"},"level":"info","message":"Thu Sep 02 2021 14:59:59 GMT+0000 (Coordinated Universal Time) GET / 304 - - 4.861 ms\n"}
{"meta":{"serverLogs":"server-logs"},"level":"info","message":"Thu Sep 02 2021 15:12:24 GMT+0000 (Coordinated Universal Time) POST /v1/search 200 178817 - 700.878 ms\n"}
{"meta":{"serverLogs":"server-logs"},"level":"info","message":"Thu Sep 02 2021 15:12:24 GMT+0000 (Coordinated Universal Time) POST /v1/search 200 178817 - 787.145 ms\n"}
{"meta":{"serverLogs":"server-logs"},"level":"info","message":"Thu Sep 02 2021 15:16:38 GMT+0000 (Coordinated Universal Time) GET / - - - 174.847 ms\n"}
{"meta":{"serverLogs":"server-logs"},"level":"info","message":"Thu Sep 02 2021 15:17:18 GMT+0000 (Coordinated Universal Time) GET / 200 25 - 50.250 ms\n"}
{"meta":{"serverLogs":"server-logs"},"level":"info","message":"Thu Sep 02 2021 15:18:14 GMT+0000 (Coordinated Universal Time) GET / 304 - - 55.035 ms\n"}
{"meta":{"serverLogs":"server-logs"},"level":"info","message":"Thu Sep 02 2021 15:21:07 GMT+0000 (Coordinated Universal Time) GET / 304 - - 46.920 ms\n"}
{"meta":{"serverLogs":"server-logs"},"level":"info","message":"Thu Sep 02 2021 15:24:30 GMT+0000 (Coordinated Universal Time) GET / 304 - - 36.841 ms\n"}
{"meta":{"serverLogs":"server-logs"},"level":"info","message":"Thu Sep 02 2021 15:27:05 GMT+0000 (Coordinated Universal Time) GET / 304 - - 49.239 ms\n"}
{"meta":{"serverLogs":"server-logs"},"level":"info","message":"Thu Sep 02 2021 15:28:14 GMT+0000 (Coordinated Universal Time) GET / 304 - - 38.709 ms\n"}
{"meta":{"serverLogs":"server-logs"},"level":"info","message":"Thu Sep 02 2021 15:29:19 GMT+0000 (Coordinated Universal Time) GET / 304 - - 53.782 ms\n"}
{"meta":{"serverLogs":"server-logs"},"level":"info","message":"Thu Sep 02 2021 15:32:16 GMT+0000 (Coordinated Universal Time) GET / 304 - - 89.550 ms\n"}
{"meta":{"serverLogs":"server-logs"},"level":"info","message":"Thu Sep 02 2021 15:33:17 GMT+0000 (Coordinated Universal Time) GET / 304 - - 101.455 ms\n"}
{"meta":{"serverLogs":"server-logs"},"level":"info","message":"Thu Sep 02 2021 15:35:49 GMT+0000 (Coordinated Universal Time) GET / 304 - - 76.492 ms\n"}
{"meta":{"serverLogs":"server-logs"},"level":"info","message":"Thu Sep 02 2021 15:38:30 GMT+0000 (Coordinated Universal Time) GET / 304 - - 74.473 ms\n"}
{"meta":{"serverLogs":"server-logs"},"level":"info","message":"Thu Sep 02 2021 15:39:53 GMT+0000 (Coordinated Universal Time) GET / 304 - - 55.371 ms\n"}
{"meta":{"serverLogs":"server-logs"},"level":"info","message":"Thu Sep 02 2021 15:42:30 GMT+0000 (Coordinated Universal Time) POST /v1/login 200 54264 - 5697.451 ms\n"}
{"meta":{"serverLogs":"server-logs"},"level":"info","message":"Thu Sep 02 2021 15:43:25 GMT+0000 (Coordinated Universal Time) POST /v1/search 200 178817 - 612.635 ms\n"}
{"meta":{"serverLogs":"server-logs"},"level":"info","message":"Thu Sep 02 2021 15:43:25 GMT+0000 (Coordinated Universal Time) POST /v1/search 200 178816 - 680.959 ms\n"}
{"meta":{"serverLogs":"server-logs"},"level":"info","message":"Thu Sep 02 2021 15:43:48 GMT+0000 (Coordinated Universal Time) POST /v1/login 200 54265 - 4999.874 ms\n"}
{"meta":{"serverLogs":"server-logs"},"level":"info","message":"Thu Sep 02 2021 15:44:48 GMT+0000 (Coordinated Universal Time) POST /v1/search 200 178817 - 218.166 ms\n"}
{"meta":{"serverLogs":"server-logs"},"level":"info","message":"Thu Sep 02 2021 15:44:48 GMT+0000 (Coordinated Universal Time) POST /v1/search 200 178816 - 289.007 ms\n"}
{"meta":{"serverLogs":"server-logs"},"level":"info","message":"Thu Sep 02 2021 15:45:22 GMT+0000 (Coordinated Universal Time) POST /v1/search 200 178816 - 106.394 ms\n"}
{"meta":{"serverLogs":"server-logs"},"level":"info","message":"Thu Sep 02 2021 15:45:22 GMT+0000 (Coordinated Universal Time) POST /v1/search 200 178816 - 148.567 ms\n"}
{"meta":{"serverLogs":"server-logs"},"level":"info","message":"Thu Sep 02 2021 15:46:45 GMT+0000 (Coordinated Universal Time) POST /v1/my_post 200 53395 - 29.851 ms\n"}
