{"meta":{"serverLogs":"server-logs"},"level":"info","message":"Sun Sep 12 2021 01:09:48 GMT+0000 (Coordinated Universal Time) POST /v1/search 200 375961 - 430.638 ms\n"}
{"meta":{"serverLogs":"server-logs"},"level":"info","message":"Sun Sep 12 2021 01:09:48 GMT+0000 (Coordinated Universal Time) POST /v1/search 200 375962 - 565.223 ms\n"}
{"meta":{"serverLogs":"server-logs"},"level":"info","message":"Sun Sep 12 2021 01:15:46 GMT+0000 (Coordinated Universal Time) POST /v1/search 200 375961 - 328.129 ms\n"}
{"meta":{"serverLogs":"server-logs"},"level":"info","message":"Sun Sep 12 2021 01:15:46 GMT+0000 (Coordinated Universal Time) POST /v1/search 200 375960 - 454.280 ms\n"}
{"meta":{"serverLogs":"server-logs"},"level":"info","message":"Sun Sep 12 2021 01:16:39 GMT+0000 (Coordinated Universal Time) POST /v1/syc_local 200 99 - 513.444 ms\n"}
{"meta":{"serverLogs":"server-logs"},"level":"info","message":"Sun Sep 12 2021 01:17:43 GMT+0000 (Coordinated Universal Time) POST /v1/follows 200 1424 - 29.558 ms\n"}
{"meta":{"serverLogs":"server-logs"},"level":"info","message":"Sun Sep 12 2021 01:17:44 GMT+0000 (Coordinated Universal Time) POST /v1/search 200 292 - 133.163 ms\n"}
{"meta":{"serverLogs":"server-logs"},"level":"info","message":"Sun Sep 12 2021 01:17:44 GMT+0000 (Coordinated Universal Time) POST /v1/search 200 292 - 47.393 ms\n"}
{"meta":{"serverLogs":"server-logs"},"level":"info","message":"Sun Sep 12 2021 01:17:50 GMT+0000 (Coordinated Universal Time) POST /v1/search 200 129198 - 120.737 ms\n"}
{"meta":{"serverLogs":"server-logs"},"level":"info","message":"Sun Sep 12 2021 03:51:35 GMT+0000 (Coordinated Universal Time) POST /v1/search 200 291 - 71.881 ms\n"}
{"meta":{"serverLogs":"server-logs"},"level":"info","message":"Sun Sep 12 2021 08:47:05 GMT+0000 (Coordinated Universal Time) GET /v1/healthz 200 427 - 445.272 ms\n"}
{"meta":{"serverLogs":"server-logs"},"level":"info","message":"Sun Sep 12 2021 08:47:06 GMT+0000 (Coordinated Universal Time) GET /favicon.ico 404 150 - 20.167 ms\n"}
{"meta":{"serverLogs":"server-logs"},"level":"info","message":"Sun Sep 12 2021 09:00:08 GMT+0000 (Coordinated Universal Time) GET /v1/healthz 304 - - 72.028 ms\n"}
{"meta":{"serverLogs":"server-logs"},"level":"info","message":"Sun Sep 12 2021 09:00:10 GMT+0000 (Coordinated Universal Time) GET /v1/healthz 304 - - 44.192 ms\n"}
{"meta":{"serverLogs":"server-logs"},"level":"info","message":"Sun Sep 12 2021 09:00:37 GMT+0000 (Coordinated Universal Time) GET /v1/healthz 200 393 - 60.301 ms\n"}
{"meta":{"serverLogs":"server-logs"},"level":"info","message":"Sun Sep 12 2021 09:00:37 GMT+0000 (Coordinated Universal Time) GET /apple-touch-icon-precomposed.png 404 171 - 3.811 ms\n"}
{"meta":{"serverLogs":"server-logs"},"level":"info","message":"Sun Sep 12 2021 09:00:38 GMT+0000 (Coordinated Universal Time) GET /apple-touch-icon.png 404 159 - 33.305 ms\n"}
{"meta":{"serverLogs":"server-logs"},"level":"info","message":"Sun Sep 12 2021 09:00:38 GMT+0000 (Coordinated Universal Time) GET /favicon.ico 404 150 - 6.697 ms\n"}
{"meta":{"serverLogs":"server-logs"},"level":"info","message":"Sun Sep 12 2021 09:02:10 GMT+0000 (Coordinated Universal Time) POST /v1/search 200 129616 - 188.026 ms\n"}
{"meta":{"serverLogs":"server-logs"},"level":"info","message":"Sun Sep 12 2021 09:02:11 GMT+0000 (Coordinated Universal Time) POST /v1/search 200 378094 - 180.876 ms\n"}
{"meta":{"serverLogs":"server-logs"},"level":"info","message":"Sun Sep 12 2021 09:02:11 GMT+0000 (Coordinated Universal Time) POST /v1/search 200 378094 - 267.080 ms\n"}
{"meta":{"serverLogs":"server-logs"},"level":"info","message":"Sun Sep 12 2021 09:10:02 GMT+0000 (Coordinated Universal Time) GET / 200 25 - 297.930 ms\n"}
{"meta":{"serverLogs":"server-logs"},"level":"info","message":"Sun Sep 12 2021 09:10:04 GMT+0000 (Coordinated Universal Time) GET /v1/healthz 304 - - 82.575 ms\n"}
{"meta":{"serverLogs":"server-logs"},"level":"info","message":"Sun Sep 12 2021 09:11:25 GMT+0000 (Coordinated Universal Time) GET /v1/healthz 304 - - 238.483 ms\n"}
{"meta":{"serverLogs":"server-logs"},"level":"info","message":"Sun Sep 12 2021 09:13:26 GMT+0000 (Coordinated Universal Time) GET /v1/ 404 142 - 14.897 ms\n"}
{"meta":{"serverLogs":"server-logs"},"level":"info","message":"Sun Sep 12 2021 09:13:57 GMT+0000 (Coordinated Universal Time) GET /v1/ 404 142 - 6.006 ms\n"}
{"meta":{"serverLogs":"server-logs"},"level":"info","message":"Sun Sep 12 2021 09:24:23 GMT+0000 (Coordinated Universal Time) GET /v1/healthz 304 - - 326.955 ms\n"}
{"meta":{"serverLogs":"server-logs"},"level":"info","message":"Sun Sep 12 2021 09:25:04 GMT+0000 (Coordinated Universal Time) GET /v1/healthz 304 - - 76.995 ms\n"}
{"meta":{"serverLogs":"server-logs"},"level":"info","message":"Sun Sep 12 2021 09:29:10 GMT+0000 (Coordinated Universal Time) GET /v1/healthz 304 - - 304.077 ms\n"}
{"meta":{"serverLogs":"server-logs"},"level":"info","message":"Sun Sep 12 2021 09:32:43 GMT+0000 (Coordinated Universal Time) GET /v1/healthz 304 - - 236.985 ms\n"}
{"meta":{"serverLogs":"server-logs"},"level":"info","message":"Sun Sep 12 2021 09:35:51 GMT+0000 (Coordinated Universal Time) POST /v1/search 200 378093 - 238.659 ms\n"}
{"meta":{"serverLogs":"server-logs"},"level":"info","message":"Sun Sep 12 2021 09:35:51 GMT+0000 (Coordinated Universal Time) POST /v1/search 200 378094 - 269.955 ms\n"}
{"meta":{"serverLogs":"server-logs"},"level":"info","message":"Sun Sep 12 2021 09:37:08 GMT+0000 (Coordinated Universal Time) GET /v1/healthz - - - - ms\n"}
{"meta":{"serverLogs":"server-logs"},"level":"info","message":"Sun Sep 12 2021 09:37:43 GMT+0000 (Coordinated Universal Time) POST /v1/search 200 378095 - 349.426 ms\n"}
{"meta":{"serverLogs":"server-logs"},"level":"info","message":"Sun Sep 12 2021 09:37:43 GMT+0000 (Coordinated Universal Time) POST /v1/search 200 378093 - 299.243 ms\n"}
{"meta":{"serverLogs":"server-logs"},"level":"info","message":"Sun Sep 12 2021 09:38:26 GMT+0000 (Coordinated Universal Time) POST /v1/search 200 378094 - 654.340 ms\n"}
{"meta":{"serverLogs":"server-logs"},"level":"info","message":"Sun Sep 12 2021 09:38:26 GMT+0000 (Coordinated Universal Time) POST /v1/search 200 378094 - 432.457 ms\n"}
{"meta":{"serverLogs":"server-logs"},"level":"info","message":"Sun Sep 12 2021 09:39:34 GMT+0000 (Coordinated Universal Time) GET /v1/healthz 200 393 - 282.975 ms\n"}
{"meta":{"serverLogs":"server-logs"},"level":"info","message":"Sun Sep 12 2021 09:39:51 GMT+0000 (Coordinated Universal Time) GET /v1/healthz 304 - - 81.579 ms\n"}
{"meta":{"serverLogs":"server-logs"},"level":"info","message":"Sun Sep 12 2021 09:41:17 GMT+0000 (Coordinated Universal Time) GET /v1/healthz 304 - - 214.919 ms\n"}
{"meta":{"serverLogs":"server-logs"},"level":"info","message":"Sun Sep 12 2021 09:41:35 GMT+0000 (Coordinated Universal Time) GET /v1/healthz 304 - - 80.690 ms\n"}
{"meta":{"serverLogs":"server-logs"},"level":"info","message":"Sun Sep 12 2021 09:50:36 GMT+0000 (Coordinated Universal Time) GET /v1/healthz 304 - - 205.586 ms\n"}
{"meta":{"serverLogs":"server-logs"},"level":"info","message":"Sun Sep 12 2021 10:21:04 GMT+0000 (Coordinated Universal Time) GET /v1/healthz 200 390 - 426.059 ms\n"}
{"meta":{"serverLogs":"server-logs"},"level":"info","message":"Sun Sep 12 2021 10:22:42 GMT+0000 (Coordinated Universal Time) GET /v1/healthz 304 - - 227.391 ms\n"}
{"meta":{"serverLogs":"server-logs"},"level":"info","message":"Sun Sep 12 2021 10:22:46 GMT+0000 (Coordinated Universal Time) GET /v1/healthz 304 - - 71.580 ms\n"}
{"meta":{"serverLogs":"server-logs"},"level":"info","message":"Sun Sep 12 2021 10:23:06 GMT+0000 (Coordinated Universal Time) GET /v1/healthz 304 - - 69.897 ms\n"}
{"meta":{"serverLogs":"server-logs"},"level":"info","message":"Sun Sep 12 2021 10:26:15 GMT+0000 (Coordinated Universal Time) GET /v1/healthz 200 390 - 276.611 ms\n"}
{"meta":{"serverLogs":"server-logs"},"level":"info","message":"Sun Sep 12 2021 10:26:32 GMT+0000 (Coordinated Universal Time) GET /v1/healthz 304 - - 66.838 ms\n"}
{"meta":{"serverLogs":"server-logs"},"level":"info","message":"Sun Sep 12 2021 10:29:31 GMT+0000 (Coordinated Universal Time) GET /v1/healthz 304 - - 251.986 ms\n"}
{"meta":{"serverLogs":"server-logs"},"level":"info","message":"Sun Sep 12 2021 10:29:48 GMT+0000 (Coordinated Universal Time) GET /v1/healthz 304 - - 74.440 ms\n"}
{"meta":{"serverLogs":"server-logs"},"level":"info","message":"Sun Sep 12 2021 10:29:51 GMT+0000 (Coordinated Universal Time) GET /v1/healthz 304 - - 68.019 ms\n"}
{"meta":{"serverLogs":"server-logs"},"level":"info","message":"Sun Sep 12 2021 10:33:41 GMT+0000 (Coordinated Universal Time) GET /v1/healthz - - - - ms\n"}
{"meta":{"serverLogs":"server-logs"},"level":"info","message":"Sun Sep 12 2021 10:38:39 GMT+0000 (Coordinated Universal Time) GET /v1/healthz 200 390 - 340.807 ms\n"}
{"meta":{"serverLogs":"server-logs"},"level":"info","message":"Sun Sep 12 2021 10:38:47 GMT+0000 (Coordinated Universal Time) GET /v1/healthz 200 390 - 60.977 ms\n"}
{"meta":{"serverLogs":"server-logs"},"level":"info","message":"Sun Sep 12 2021 10:42:12 GMT+0000 (Coordinated Universal Time) GET /v1/healthz 302 46 - 91.906 ms\n"}
{"meta":{"serverLogs":"server-logs"},"level":"info","message":"Sun Sep 12 2021 10:42:12 GMT+0000 (Coordinated Universal Time) GET / 304 - - 391.375 ms\n"}
{"meta":{"serverLogs":"server-logs"},"level":"info","message":"Sun Sep 12 2021 12:30:59 GMT+0000 (Coordinated Universal Time) GET / - - - - ms\n"}
{"meta":{"serverLogs":"server-logs"},"level":"info","message":"Sun Sep 12 2021 12:36:11 GMT+0000 (Coordinated Universal Time) GET / - - - - ms\n"}
{"meta":{"serverLogs":"server-logs"},"level":"info","message":"Sun Sep 12 2021 12:36:34 GMT+0000 (Coordinated Universal Time) GET / - - - - ms\n"}
{"meta":{"serverLogs":"server-logs"},"level":"info","message":"Sun Sep 12 2021 12:40:00 GMT+0000 (Coordinated Universal Time) GET /v1/healthz 200 390 - 545.650 ms\n"}
{"meta":{"serverLogs":"server-logs"},"level":"info","message":"Sun Sep 12 2021 12:40:48 GMT+0000 (Coordinated Universal Time) GET /v1/healthz 200 - - 11.189 ms\n"}
{"meta":{"serverLogs":"server-logs"},"level":"info","message":"Sun Sep 12 2021 12:44:56 GMT+0000 (Coordinated Universal Time) GET /v1/healthz - - - - ms\n"}
{"meta":{"serverLogs":"server-logs"},"level":"info","message":"Sun Sep 12 2021 12:46:56 GMT+0000 (Coordinated Universal Time) GET /v1/healthz - - - - ms\n"}
{"meta":{"serverLogs":"server-logs"},"level":"info","message":"Sun Sep 12 2021 12:51:49 GMT+0000 (Coordinated Universal Time) GET /v1/healthz 200 390 - 282.758 ms\n"}
{"meta":{"serverLogs":"server-logs"},"level":"info","message":"Sun Sep 12 2021 13:05:20 GMT+0000 (Coordinated Universal Time) GET /v1/healthz 304 - - 260.000 ms\n"}
{"meta":{"serverLogs":"server-logs"},"level":"info","message":"Sun Sep 12 2021 13:05:22 GMT+0000 (Coordinated Universal Time) GET /v1/healthz 304 - - 84.114 ms\n"}
{"meta":{"serverLogs":"server-logs"},"level":"info","message":"Sun Sep 12 2021 13:05:24 GMT+0000 (Coordinated Universal Time) GET /v1/healthz 304 - - 42.032 ms\n"}
{"meta":{"serverLogs":"server-logs"},"level":"info","message":"Sun Sep 12 2021 13:06:40 GMT+0000 (Coordinated Universal Time) GET / 200 25 - 64.663 ms\n"}
{"meta":{"serverLogs":"server-logs"},"level":"info","message":"Sun Sep 12 2021 13:07:58 GMT+0000 (Coordinated Universal Time) GET /v1/healthz 200 390 - 165.318 ms\n"}
{"meta":{"serverLogs":"server-logs"},"level":"info","message":"Sun Sep 12 2021 13:10:24 GMT+0000 (Coordinated Universal Time) GET /v1/healthz 304 - - 223.975 ms\n"}
{"meta":{"serverLogs":"server-logs"},"level":"info","message":"Sun Sep 12 2021 13:14:26 GMT+0000 (Coordinated Universal Time) GET /v1/healthz 304 - - 228.818 ms\n"}
{"meta":{"serverLogs":"server-logs"},"level":"info","message":"Sun Sep 12 2021 13:14:28 GMT+0000 (Coordinated Universal Time) GET /v1/healthz 304 - - 44.472 ms\n"}
{"meta":{"serverLogs":"server-logs"},"level":"info","message":"Sun Sep 12 2021 13:14:43 GMT+0000 (Coordinated Universal Time) GET /v1/logout 404 148 - 21.312 ms\n"}
{"meta":{"serverLogs":"server-logs"},"level":"info","message":"Sun Sep 12 2021 13:14:51 GMT+0000 (Coordinated Universal Time) GET /v1/healthz 304 - - 43.584 ms\n"}
{"meta":{"serverLogs":"server-logs"},"level":"info","message":"Sun Sep 12 2021 13:14:53 GMT+0000 (Coordinated Universal Time) GET /v1/healthz 304 - - 42.752 ms\n"}
{"meta":{"serverLogs":"server-logs"},"level":"info","message":"Sun Sep 12 2021 13:14:57 GMT+0000 (Coordinated Universal Time) GET /v1/logout 404 148 - 7.034 ms\n"}
{"meta":{"serverLogs":"server-logs"},"level":"info","message":"Sun Sep 12 2021 13:16:04 GMT+0000 (Coordinated Universal Time) GET /v1/healthz 304 - - 177.778 ms\n"}
{"meta":{"serverLogs":"server-logs"},"level":"info","message":"Sun Sep 12 2021 13:16:06 GMT+0000 (Coordinated Universal Time) GET /v1/healthz 304 - - 44.478 ms\n"}
{"meta":{"serverLogs":"server-logs"},"level":"info","message":"Sun Sep 12 2021 13:16:08 GMT+0000 (Coordinated Universal Time) GET /v1/logout 200 15 - 10.619 ms\n"}
{"meta":{"serverLogs":"server-logs"},"level":"info","message":"Sun Sep 12 2021 13:16:14 GMT+0000 (Coordinated Universal Time) GET /v1/healthz 200 390 - 48.449 ms\n"}
{"meta":{"serverLogs":"server-logs"},"level":"info","message":"Sun Sep 12 2021 13:16:17 GMT+0000 (Coordinated Universal Time) GET /v1/healthz 304 - - 41.691 ms\n"}
{"meta":{"serverLogs":"server-logs"},"level":"info","message":"Sun Sep 12 2021 13:16:18 GMT+0000 (Coordinated Universal Time) GET /v1/healthz 304 - - 54.897 ms\n"}
{"meta":{"serverLogs":"server-logs"},"level":"info","message":"Sun Sep 12 2021 13:16:20 GMT+0000 (Coordinated Universal Time) GET /v1/logout 304 - - 7.824 ms\n"}
{"meta":{"serverLogs":"server-logs"},"level":"info","message":"Sun Sep 12 2021 13:16:23 GMT+0000 (Coordinated Universal Time) GET /v1/healthz 200 390 - 43.549 ms\n"}
{"meta":{"serverLogs":"server-logs"},"level":"info","message":"Sun Sep 12 2021 13:32:52 GMT+0000 (Coordinated Universal Time) GET /v1/healthz 304 - - 399.007 ms\n"}
{"meta":{"serverLogs":"server-logs"},"level":"info","message":"Sun Sep 12 2021 13:32:54 GMT+0000 (Coordinated Universal Time) GET /v1/healthz 304 - - 43.180 ms\n"}
{"meta":{"serverLogs":"server-logs"},"level":"info","message":"Sun Sep 12 2021 13:54:07 GMT+0000 (Coordinated Universal Time) POST /v1/login 200 46117 - 3401.231 ms\n"}
{"meta":{"serverLogs":"server-logs"},"level":"info","message":"Sun Sep 12 2021 13:54:20 GMT+0000 (Coordinated Universal Time) POST /v1/search 200 378095 - 644.531 ms\n"}
{"meta":{"serverLogs":"server-logs"},"level":"info","message":"Sun Sep 12 2021 13:54:20 GMT+0000 (Coordinated Universal Time) POST /v1/search 200 378095 - 909.258 ms\n"}
{"meta":{"serverLogs":"server-logs"},"level":"info","message":"Sun Sep 12 2021 13:54:54 GMT+0000 (Coordinated Universal Time) POST /v1/search 200 378094 - 319.764 ms\n"}
{"meta":{"serverLogs":"server-logs"},"level":"info","message":"Sun Sep 12 2021 13:54:54 GMT+0000 (Coordinated Universal Time) POST /v1/search 200 378094 - 548.097 ms\n"}
{"meta":{"serverLogs":"server-logs"},"level":"info","message":"Sun Sep 12 2021 14:01:07 GMT+0000 (Coordinated Universal Time) POST /v1/search 200 378094 - 1282.577 ms\n"}
{"meta":{"serverLogs":"server-logs"},"level":"info","message":"Sun Sep 12 2021 14:01:07 GMT+0000 (Coordinated Universal Time) POST /v1/search 200 378094 - 1143.806 ms\n"}
{"meta":{"serverLogs":"server-logs"},"level":"info","message":"Sun Sep 12 2021 14:01:29 GMT+0000 (Coordinated Universal Time) POST /v1/search 200 378094 - 382.026 ms\n"}
{"meta":{"serverLogs":"server-logs"},"level":"info","message":"Sun Sep 12 2021 14:01:29 GMT+0000 (Coordinated Universal Time) POST /v1/search 200 378093 - 433.830 ms\n"}
{"meta":{"serverLogs":"server-logs"},"level":"info","message":"Sun Sep 12 2021 14:01:38 GMT+0000 (Coordinated Universal Time) POST /v1/login 200 46117 - 611.393 ms\n"}
{"meta":{"serverLogs":"server-logs"},"level":"info","message":"Sun Sep 12 2021 14:03:36 GMT+0000 (Coordinated Universal Time) POST /v1/login 200 46117 - 565.281 ms\n"}
{"meta":{"serverLogs":"server-logs"},"level":"info","message":"Sun Sep 12 2021 14:04:59 GMT+0000 (Coordinated Universal Time) POST /v1/search 200 378095 - 747.002 ms\n"}
{"meta":{"serverLogs":"server-logs"},"level":"info","message":"Sun Sep 12 2021 14:05:00 GMT+0000 (Coordinated Universal Time) POST /v1/search 200 378093 - 976.958 ms\n"}
{"meta":{"serverLogs":"server-logs"},"level":"info","message":"Sun Sep 12 2021 14:08:18 GMT+0000 (Coordinated Universal Time) POST /v1/search 200 378094 - 795.194 ms\n"}
{"meta":{"serverLogs":"server-logs"},"level":"info","message":"Sun Sep 12 2021 14:08:19 GMT+0000 (Coordinated Universal Time) POST /v1/search 200 378094 - 755.906 ms\n"}
{"meta":{"serverLogs":"server-logs"},"level":"info","message":"Sun Sep 12 2021 14:34:58 GMT+0000 (Coordinated Universal Time) POST /v1/search 200 378094 - 1056.386 ms\n"}
{"meta":{"serverLogs":"server-logs"},"level":"info","message":"Sun Sep 12 2021 14:34:58 GMT+0000 (Coordinated Universal Time) POST /v1/search 200 378095 - 1162.996 ms\n"}
{"meta":{"serverLogs":"server-logs"},"level":"info","message":"Sun Sep 12 2021 14:36:10 GMT+0000 (Coordinated Universal Time) POST /v1/search 200 378094 - 683.379 ms\n"}
{"meta":{"serverLogs":"server-logs"},"level":"info","message":"Sun Sep 12 2021 14:36:11 GMT+0000 (Coordinated Universal Time) POST /v1/search 200 378094 - 1117.666 ms\n"}
{"meta":{"serverLogs":"server-logs"},"level":"info","message":"Sun Sep 12 2021 14:37:30 GMT+0000 (Coordinated Universal Time) GET / 200 25 - 6.317 ms\n"}
{"meta":{"serverLogs":"server-logs"},"level":"info","message":"Sun Sep 12 2021 14:37:35 GMT+0000 (Coordinated Universal Time) POST /v1/search 200 378094 - 213.390 ms\n"}
{"meta":{"serverLogs":"server-logs"},"level":"info","message":"Sun Sep 12 2021 14:37:35 GMT+0000 (Coordinated Universal Time) POST /v1/search 200 378093 - 268.251 ms\n"}
{"meta":{"serverLogs":"server-logs"},"level":"info","message":"Sun Sep 12 2021 16:02:54 GMT+0000 (Coordinated Universal Time) POST /v1/search 200 378094 - 298.150 ms\n"}
{"meta":{"serverLogs":"server-logs"},"level":"info","message":"Sun Sep 12 2021 16:02:54 GMT+0000 (Coordinated Universal Time) POST /v1/search 200 378094 - 463.302 ms\n"}
{"meta":{"serverLogs":"server-logs"},"level":"info","message":"Sun Sep 12 2021 16:11:59 GMT+0000 (Coordinated Universal Time) POST /v1/search 200 378094 - 268.759 ms\n"}
{"meta":{"serverLogs":"server-logs"},"level":"info","message":"Sun Sep 12 2021 16:11:59 GMT+0000 (Coordinated Universal Time) POST /v1/search 200 378094 - 346.155 ms\n"}
{"meta":{"serverLogs":"server-logs"},"level":"info","message":"Sun Sep 12 2021 16:12:45 GMT+0000 (Coordinated Universal Time) POST /v1/search 200 378094 - 269.217 ms\n"}
{"meta":{"serverLogs":"server-logs"},"level":"info","message":"Sun Sep 12 2021 16:12:45 GMT+0000 (Coordinated Universal Time) POST /v1/search 200 378094 - 329.447 ms\n"}
{"meta":{"serverLogs":"server-logs"},"level":"info","message":"Sun Sep 12 2021 16:17:44 GMT+0000 (Coordinated Universal Time) POST /v1/search 200 378095 - 397.085 ms\n"}
{"meta":{"serverLogs":"server-logs"},"level":"info","message":"Sun Sep 12 2021 16:17:44 GMT+0000 (Coordinated Universal Time) POST /v1/search 200 378094 - 506.578 ms\n"}
{"meta":{"serverLogs":"server-logs"},"level":"info","message":"Sun Sep 12 2021 16:18:48 GMT+0000 (Coordinated Universal Time) POST /v1/search 200 378094 - 240.047 ms\n"}
{"meta":{"serverLogs":"server-logs"},"level":"info","message":"Sun Sep 12 2021 16:18:48 GMT+0000 (Coordinated Universal Time) POST /v1/search 200 378094 - 499.560 ms\n"}
{"meta":{"serverLogs":"server-logs"},"level":"info","message":"Sun Sep 12 2021 16:19:36 GMT+0000 (Coordinated Universal Time) POST /v1/search 200 378094 - 310.885 ms\n"}
{"meta":{"serverLogs":"server-logs"},"level":"info","message":"Sun Sep 12 2021 16:19:36 GMT+0000 (Coordinated Universal Time) POST /v1/search 200 378094 - 454.906 ms\n"}
{"meta":{"serverLogs":"server-logs"},"level":"info","message":"Sun Sep 12 2021 16:22:13 GMT+0000 (Coordinated Universal Time) POST /v1/search 200 378094 - 362.084 ms\n"}
{"meta":{"serverLogs":"server-logs"},"level":"info","message":"Sun Sep 12 2021 16:22:13 GMT+0000 (Coordinated Universal Time) POST /v1/search 200 378094 - 451.077 ms\n"}
{"meta":{"serverLogs":"server-logs"},"level":"info","message":"Sun Sep 12 2021 16:23:14 GMT+0000 (Coordinated Universal Time) POST /v1/search 200 378094 - 285.954 ms\n"}
{"meta":{"serverLogs":"server-logs"},"level":"info","message":"Sun Sep 12 2021 16:23:14 GMT+0000 (Coordinated Universal Time) POST /v1/search 200 378094 - 399.317 ms\n"}
{"meta":{"serverLogs":"server-logs"},"level":"info","message":"Sun Sep 12 2021 16:28:25 GMT+0000 (Coordinated Universal Time) POST /v1/search 200 378094 - 731.710 ms\n"}
{"meta":{"serverLogs":"server-logs"},"level":"info","message":"Sun Sep 12 2021 16:28:25 GMT+0000 (Coordinated Universal Time) POST /v1/search 200 378094 - 1293.412 ms\n"}
{"meta":{"serverLogs":"server-logs"},"level":"info","message":"Sun Sep 12 2021 16:28:52 GMT+0000 (Coordinated Universal Time) POST /v1/search 200 378094 - 741.574 ms\n"}
{"meta":{"serverLogs":"server-logs"},"level":"info","message":"Sun Sep 12 2021 16:28:52 GMT+0000 (Coordinated Universal Time) POST /v1/search 200 378094 - 617.593 ms\n"}
{"meta":{"serverLogs":"server-logs"},"level":"info","message":"Sun Sep 12 2021 16:38:42 GMT+0000 (Coordinated Universal Time) POST /v1/search 200 378094 - 334.851 ms\n"}
{"meta":{"serverLogs":"server-logs"},"level":"info","message":"Sun Sep 12 2021 16:38:47 GMT+0000 (Coordinated Universal Time) POST /v1/search 200 291 - 38.138 ms\n"}
{"meta":{"serverLogs":"server-logs"},"level":"info","message":"Sun Sep 12 2021 16:38:49 GMT+0000 (Coordinated Universal Time) POST /v1/search 200 378094 - 159.296 ms\n"}
{"meta":{"serverLogs":"server-logs"},"level":"info","message":"Sun Sep 12 2021 16:38:54 GMT+0000 (Coordinated Universal Time) POST /v1/search 200 291 - 43.078 ms\n"}
{"meta":{"serverLogs":"server-logs"},"level":"info","message":"Sun Sep 12 2021 16:38:59 GMT+0000 (Coordinated Universal Time) POST /v1/search 200 378094 - 194.688 ms\n"}
{"meta":{"serverLogs":"server-logs"},"level":"info","message":"Sun Sep 12 2021 16:40:21 GMT+0000 (Coordinated Universal Time) POST /v1/search 200 291 - 43.198 ms\n"}
{"meta":{"serverLogs":"server-logs"},"level":"info","message":"Sun Sep 12 2021 16:40:27 GMT+0000 (Coordinated Universal Time) POST /v1/syc_local 200 99 - 742.106 ms\n"}
{"meta":{"serverLogs":"server-logs"},"level":"info","message":"Sun Sep 12 2021 16:40:31 GMT+0000 (Coordinated Universal Time) POST /v1/syc_local 200 99 - 484.689 ms\n"}
{"meta":{"serverLogs":"server-logs"},"level":"info","message":"Sun Sep 12 2021 16:40:35 GMT+0000 (Coordinated Universal Time) POST /v1/syc_local 200 99 - 783.320 ms\n"}
{"meta":{"serverLogs":"server-logs"},"level":"info","message":"Sun Sep 12 2021 16:40:47 GMT+0000 (Coordinated Universal Time) POST /v1/syc_local 200 98 - 573.978 ms\n"}
{"meta":{"serverLogs":"server-logs"},"level":"info","message":"Sun Sep 12 2021 16:42:37 GMT+0000 (Coordinated Universal Time) POST /v1/search 200 378095 - 407.950 ms\n"}
{"meta":{"serverLogs":"server-logs"},"level":"info","message":"Sun Sep 12 2021 16:43:19 GMT+0000 (Coordinated Universal Time) POST /v1/search 200 378093 - 229.748 ms\n"}
{"meta":{"serverLogs":"server-logs"},"level":"info","message":"Sun Sep 12 2021 16:51:16 GMT+0000 (Coordinated Universal Time) POST /v1/search 200 378094 - 335.078 ms\n"}
{"meta":{"serverLogs":"server-logs"},"level":"info","message":"Sun Sep 12 2021 16:51:28 GMT+0000 (Coordinated Universal Time) POST /v1/search 200 378094 - 366.683 ms\n"}
{"meta":{"serverLogs":"server-logs"},"level":"info","message":"Sun Sep 12 2021 16:52:16 GMT+0000 (Coordinated Universal Time) POST /v1/search 200 378094 - 209.293 ms\n"}
{"meta":{"serverLogs":"server-logs"},"level":"info","message":"Sun Sep 12 2021 16:55:23 GMT+0000 (Coordinated Universal Time) POST /v1/search 200 378095 - 239.155 ms\n"}
{"meta":{"serverLogs":"server-logs"},"level":"info","message":"Sun Sep 12 2021 16:55:54 GMT+0000 (Coordinated Universal Time) POST /v1/search 200 378094 - 208.127 ms\n"}
{"meta":{"serverLogs":"server-logs"},"level":"info","message":"Sun Sep 12 2021 17:04:09 GMT+0000 (Coordinated Universal Time) POST /v1/search 200 378094 - 212.539 ms\n"}
{"meta":{"serverLogs":"server-logs"},"level":"info","message":"Sun Sep 12 2021 17:05:51 GMT+0000 (Coordinated Universal Time) POST /v1/search 200 378095 - 209.129 ms\n"}
{"meta":{"serverLogs":"server-logs"},"level":"info","message":"Sun Sep 12 2021 17:05:57 GMT+0000 (Coordinated Universal Time) POST /v1/syc_local 200 99 - 412.571 ms\n"}
{"meta":{"serverLogs":"server-logs"},"level":"info","message":"Sun Sep 12 2021 17:15:07 GMT+0000 (Coordinated Universal Time) POST /v1/search 200 378094 - 252.239 ms\n"}
{"meta":{"serverLogs":"server-logs"},"level":"info","message":"Sun Sep 12 2021 17:15:50 GMT+0000 (Coordinated Universal Time) POST /v1/search 200 378094 - 254.649 ms\n"}
{"meta":{"serverLogs":"server-logs"},"level":"info","message":"Sun Sep 12 2021 17:16:00 GMT+0000 (Coordinated Universal Time) POST /v1/search 200 291 - 55.608 ms\n"}
{"meta":{"serverLogs":"server-logs"},"level":"info","message":"Sun Sep 12 2021 17:16:42 GMT+0000 (Coordinated Universal Time) POST /v1/search 200 378094 - 284.217 ms\n"}
{"meta":{"serverLogs":"server-logs"},"level":"info","message":"Sun Sep 12 2021 17:16:56 GMT+0000 (Coordinated Universal Time) POST /v1/search 200 291 - 88.439 ms\n"}
{"meta":{"serverLogs":"server-logs"},"level":"info","message":"Sun Sep 12 2021 17:20:03 GMT+0000 (Coordinated Universal Time) POST /v1/search 200 378095 - 286.521 ms\n"}
{"meta":{"serverLogs":"server-logs"},"level":"info","message":"Sun Sep 12 2021 17:20:08 GMT+0000 (Coordinated Universal Time) POST /v1/search 200 291 - 39.356 ms\n"}
{"meta":{"serverLogs":"server-logs"},"level":"info","message":"Sun Sep 12 2021 17:27:20 GMT+0000 (Coordinated Universal Time) POST /v1/search 200 378094 - 328.577 ms\n"}
{"meta":{"serverLogs":"server-logs"},"level":"info","message":"Sun Sep 12 2021 17:27:28 GMT+0000 (Coordinated Universal Time) POST /v1/search 200 378094 - 213.839 ms\n"}
{"meta":{"serverLogs":"server-logs"},"level":"info","message":"Sun Sep 12 2021 17:27:36 GMT+0000 (Coordinated Universal Time) POST /v1/search 200 291 - 47.543 ms\n"}
{"meta":{"serverLogs":"server-logs"},"level":"info","message":"Sun Sep 12 2021 17:27:42 GMT+0000 (Coordinated Universal Time) POST /v1/search 200 378094 - 141.345 ms\n"}
{"meta":{"serverLogs":"server-logs"},"level":"info","message":"Sun Sep 12 2021 17:30:04 GMT+0000 (Coordinated Universal Time) POST /v1/search 200 293 - 166.847 ms\n"}
{"meta":{"serverLogs":"server-logs"},"level":"info","message":"Sun Sep 12 2021 17:37:17 GMT+0000 (Coordinated Universal Time) POST /v1/search 200 378095 - 237.966 ms\n"}
{"meta":{"serverLogs":"server-logs"},"level":"info","message":"Sun Sep 12 2021 17:37:30 GMT+0000 (Coordinated Universal Time) POST /v1/search 200 378094 - 303.749 ms\n"}
{"meta":{"serverLogs":"server-logs"},"level":"info","message":"Sun Sep 12 2021 17:42:12 GMT+0000 (Coordinated Universal Time) POST /v1/search 200 378094 - 275.022 ms\n"}
{"meta":{"serverLogs":"server-logs"},"level":"info","message":"Sun Sep 12 2021 17:43:03 GMT+0000 (Coordinated Universal Time) POST /v1/search 200 378094 - 165.808 ms\n"}
{"meta":{"serverLogs":"server-logs"},"level":"info","message":"Sun Sep 12 2021 17:44:43 GMT+0000 (Coordinated Universal Time) POST /v1/search 200 378094 - 281.768 ms\n"}
{"meta":{"serverLogs":"server-logs"},"level":"info","message":"Sun Sep 12 2021 17:49:21 GMT+0000 (Coordinated Universal Time) POST /v1/search 200 378094 - 666.344 ms\n"}
{"meta":{"serverLogs":"server-logs"},"level":"info","message":"Sun Sep 12 2021 17:50:05 GMT+0000 (Coordinated Universal Time) POST /v1/search 200 378094 - 548.723 ms\n"}
{"meta":{"serverLogs":"server-logs"},"level":"info","message":"Sun Sep 12 2021 17:51:22 GMT+0000 (Coordinated Universal Time) POST /v1/search 200 378094 - 1090.716 ms\n"}
{"meta":{"serverLogs":"server-logs"},"level":"info","message":"Sun Sep 12 2021 17:56:00 GMT+0000 (Coordinated Universal Time) POST /v1/search 200 378094 - 808.310 ms\n"}
{"meta":{"serverLogs":"server-logs"},"level":"info","message":"Sun Sep 12 2021 17:56:27 GMT+0000 (Coordinated Universal Time) POST /v1/search 200 378094 - 270.116 ms\n"}
