{"meta":{"serverLogs":"server-logs"},"level":"info","message":"Fri Sep 03 2021 02:40:31 GMT+0000 (Coordinated Universal Time) POST /v1/search 200 178817 - 624.735 ms\n"}
{"meta":{"serverLogs":"server-logs"},"level":"info","message":"Fri Sep 03 2021 02:40:31 GMT+0000 (Coordinated Universal Time) POST /v1/search 200 178817 - 645.149 ms\n"}
{"meta":{"serverLogs":"server-logs"},"level":"info","message":"Fri Sep 03 2021 02:45:31 GMT+0000 (Coordinated Universal Time) POST /v1/search 200 178817 - 868.660 ms\n"}
{"meta":{"serverLogs":"server-logs"},"level":"info","message":"Fri Sep 03 2021 02:45:31 GMT+0000 (Coordinated Universal Time) POST /v1/search 200 178816 - 1105.062 ms\n"}
{"meta":{"serverLogs":"server-logs"},"level":"info","message":"Fri Sep 03 2021 03:17:03 GMT+0000 (Coordinated Universal Time) POST /v1/search 200 178817 - 418.000 ms\n"}
{"meta":{"serverLogs":"server-logs"},"level":"info","message":"Fri Sep 03 2021 03:17:03 GMT+0000 (Coordinated Universal Time) POST /v1/search 200 178817 - 431.147 ms\n"}
{"meta":{"serverLogs":"server-logs"},"level":"info","message":"Fri Sep 03 2021 03:18:19 GMT+0000 (Coordinated Universal Time) POST /v1/search 200 178816 - 129.617 ms\n"}
{"meta":{"serverLogs":"server-logs"},"level":"info","message":"Fri Sep 03 2021 03:18:19 GMT+0000 (Coordinated Universal Time) POST /v1/search 200 178816 - 176.881 ms\n"}
{"meta":{"serverLogs":"server-logs"},"level":"info","message":"Fri Sep 03 2021 03:18:44 GMT+0000 (Coordinated Universal Time) POST /v1/syc_local 200 99 - 592.021 ms\n"}
{"meta":{"serverLogs":"server-logs"},"level":"info","message":"Fri Sep 03 2021 03:19:05 GMT+0000 (Coordinated Universal Time) POST /v1/search 200 178816 - 170.347 ms\n"}
{"meta":{"serverLogs":"server-logs"},"level":"info","message":"Fri Sep 03 2021 03:19:05 GMT+0000 (Coordinated Universal Time) POST /v1/search 200 178816 - 166.649 ms\n"}
{"meta":{"serverLogs":"server-logs"},"level":"info","message":"Fri Sep 03 2021 03:20:06 GMT+0000 (Coordinated Universal Time) POST /v1/search 200 178816 - 272.518 ms\n"}
{"meta":{"serverLogs":"server-logs"},"level":"info","message":"Fri Sep 03 2021 03:20:06 GMT+0000 (Coordinated Universal Time) POST /v1/search 200 178816 - 435.161 ms\n"}
{"meta":{"serverLogs":"server-logs"},"level":"info","message":"Fri Sep 03 2021 03:20:30 GMT+0000 (Coordinated Universal Time) POST /v1/syc_local 200 99 - 309.702 ms\n"}
{"meta":{"serverLogs":"server-logs"},"level":"info","message":"Fri Sep 03 2021 03:20:46 GMT+0000 (Coordinated Universal Time) POST /v1/search 200 178816 - 395.560 ms\n"}
{"meta":{"serverLogs":"server-logs"},"level":"info","message":"Fri Sep 03 2021 03:20:47 GMT+0000 (Coordinated Universal Time) POST /v1/search 200 178814 - 648.532 ms\n"}
{"meta":{"serverLogs":"server-logs"},"level":"info","message":"Fri Sep 03 2021 03:22:07 GMT+0000 (Coordinated Universal Time) POST /v1/search 200 178816 - 364.996 ms\n"}
{"meta":{"serverLogs":"server-logs"},"level":"info","message":"Fri Sep 03 2021 03:22:07 GMT+0000 (Coordinated Universal Time) POST /v1/search 200 178817 - 396.000 ms\n"}
{"meta":{"serverLogs":"server-logs"},"level":"info","message":"Fri Sep 03 2021 03:22:29 GMT+0000 (Coordinated Universal Time) POST /v1/syc_local 200 99 - 380.183 ms\n"}
{"meta":{"serverLogs":"server-logs"},"level":"info","message":"Fri Sep 03 2021 03:24:59 GMT+0000 (Coordinated Universal Time) POST /v1/search 200 178816 - 686.826 ms\n"}
{"meta":{"serverLogs":"server-logs"},"level":"info","message":"Fri Sep 03 2021 03:24:59 GMT+0000 (Coordinated Universal Time) POST /v1/search 200 178816 - 631.065 ms\n"}
{"meta":{"serverLogs":"server-logs"},"level":"info","message":"Fri Sep 03 2021 03:25:26 GMT+0000 (Coordinated Universal Time) POST /v1/syc_local 200 98 - 315.212 ms\n"}
{"meta":{"serverLogs":"server-logs"},"level":"info","message":"Fri Sep 03 2021 03:31:11 GMT+0000 (Coordinated Universal Time) POST /v1/syc_local 200 99 - 366.708 ms\n"}
{"meta":{"serverLogs":"server-logs"},"level":"info","message":"Fri Sep 03 2021 03:36:11 GMT+0000 (Coordinated Universal Time) POST /v1/syc_local 200 99 - 344.515 ms\n"}
{"meta":{"serverLogs":"server-logs"},"level":"info","message":"Fri Sep 03 2021 03:45:37 GMT+0000 (Coordinated Universal Time) POST /v1/search 200 178817 - 441.658 ms\n"}
{"meta":{"serverLogs":"server-logs"},"level":"info","message":"Fri Sep 03 2021 03:45:38 GMT+0000 (Coordinated Universal Time) POST /v1/search 200 178816 - 609.905 ms\n"}
{"meta":{"serverLogs":"server-logs"},"level":"info","message":"Fri Sep 03 2021 03:45:59 GMT+0000 (Coordinated Universal Time) POST /v1/syc_local 200 99 - 372.437 ms\n"}
{"meta":{"serverLogs":"server-logs"},"level":"info","message":"Fri Sep 03 2021 03:47:10 GMT+0000 (Coordinated Universal Time) POST /v1/syc_local 200 99 - 367.248 ms\n"}
{"meta":{"serverLogs":"server-logs"},"level":"info","message":"Fri Sep 03 2021 03:48:45 GMT+0000 (Coordinated Universal Time) POST /v1/search 200 178816 - 270.165 ms\n"}
{"meta":{"serverLogs":"server-logs"},"level":"info","message":"Fri Sep 03 2021 03:48:45 GMT+0000 (Coordinated Universal Time) POST /v1/search 200 178816 - 338.845 ms\n"}
{"meta":{"serverLogs":"server-logs"},"level":"info","message":"Fri Sep 03 2021 03:49:17 GMT+0000 (Coordinated Universal Time) POST /v1/syc_local 200 99 - 480.030 ms\n"}
{"meta":{"serverLogs":"server-logs"},"level":"info","message":"Fri Sep 03 2021 03:51:50 GMT+0000 (Coordinated Universal Time) POST /v1/syc_local 200 98 - 350.639 ms\n"}
{"meta":{"serverLogs":"server-logs"},"level":"info","message":"Fri Sep 03 2021 03:53:54 GMT+0000 (Coordinated Universal Time) POST /v1/syc_local 200 99 - 458.473 ms\n"}
{"meta":{"serverLogs":"server-logs"},"level":"info","message":"Fri Sep 03 2021 03:58:40 GMT+0000 (Coordinated Universal Time) POST /v1/search 200 178816 - 556.888 ms\n"}
{"meta":{"serverLogs":"server-logs"},"level":"info","message":"Fri Sep 03 2021 03:58:40 GMT+0000 (Coordinated Universal Time) POST /v1/search 200 178816 - 479.603 ms\n"}
{"meta":{"serverLogs":"server-logs"},"level":"info","message":"Fri Sep 03 2021 04:03:25 GMT+0000 (Coordinated Universal Time) POST /v1/search 200 178817 - 170.947 ms\n"}
{"meta":{"serverLogs":"server-logs"},"level":"info","message":"Fri Sep 03 2021 04:03:26 GMT+0000 (Coordinated Universal Time) POST /v1/search 200 178817 - 265.726 ms\n"}
{"meta":{"serverLogs":"server-logs"},"level":"info","message":"Fri Sep 03 2021 04:07:35 GMT+0000 (Coordinated Universal Time) POST /v1/search 200 178817 - 485.706 ms\n"}
{"meta":{"serverLogs":"server-logs"},"level":"info","message":"Fri Sep 03 2021 04:07:35 GMT+0000 (Coordinated Universal Time) POST /v1/search 200 178816 - 502.339 ms\n"}
{"meta":{"serverLogs":"server-logs"},"level":"info","message":"Fri Sep 03 2021 04:08:03 GMT+0000 (Coordinated Universal Time) POST /v1/login 200 54082 - 8913.293 ms\n"}
{"meta":{"serverLogs":"server-logs"},"level":"info","message":"Fri Sep 03 2021 04:08:32 GMT+0000 (Coordinated Universal Time) POST /v1/syc_local 200 98 - 86.322 ms\n"}
{"meta":{"serverLogs":"server-logs"},"level":"info","message":"Fri Sep 03 2021 04:09:06 GMT+0000 (Coordinated Universal Time) POST /v1/search 200 178816 - 214.193 ms\n"}
{"meta":{"serverLogs":"server-logs"},"level":"info","message":"Fri Sep 03 2021 04:09:06 GMT+0000 (Coordinated Universal Time) POST /v1/search 200 178815 - 307.416 ms\n"}
{"meta":{"serverLogs":"server-logs"},"level":"info","message":"Fri Sep 03 2021 04:09:17 GMT+0000 (Coordinated Universal Time) POST /v1/search 200 178816 - 412.404 ms\n"}
{"meta":{"serverLogs":"server-logs"},"level":"info","message":"Fri Sep 03 2021 04:09:17 GMT+0000 (Coordinated Universal Time) POST /v1/search 200 178816 - 134.468 ms\n"}
{"meta":{"serverLogs":"server-logs"},"level":"info","message":"Fri Sep 03 2021 04:09:31 GMT+0000 (Coordinated Universal Time) POST /v1/login 200 54083 - 5343.794 ms\n"}
{"meta":{"serverLogs":"server-logs"},"level":"info","message":"Fri Sep 03 2021 04:09:59 GMT+0000 (Coordinated Universal Time) POST /v1/syc_local 200 99 - 110.207 ms\n"}
{"meta":{"serverLogs":"server-logs"},"level":"info","message":"Fri Sep 03 2021 04:11:38 GMT+0000 (Coordinated Universal Time) POST /v1/syc_local 200 99 - 30.820 ms\n"}
{"meta":{"serverLogs":"server-logs"},"level":"info","message":"Fri Sep 03 2021 04:12:11 GMT+0000 (Coordinated Universal Time) POST /v1/syc_local 200 99 - 29.317 ms\n"}
{"meta":{"serverLogs":"server-logs"},"level":"info","message":"Fri Sep 03 2021 04:13:57 GMT+0000 (Coordinated Universal Time) POST /v1/syc_local 200 98 - 86.253 ms\n"}
{"meta":{"serverLogs":"server-logs"},"level":"info","message":"Fri Sep 03 2021 04:19:58 GMT+0000 (Coordinated Universal Time) POST /v1/syc_local 200 99 - 104.325 ms\n"}
{"meta":{"serverLogs":"server-logs"},"level":"info","message":"Fri Sep 03 2021 04:35:34 GMT+0000 (Coordinated Universal Time) POST /v1/syc_local 200 99 - 87.120 ms\n"}
{"meta":{"serverLogs":"server-logs"},"level":"info","message":"Fri Sep 03 2021 05:27:42 GMT+0000 (Coordinated Universal Time) POST /v1/search 200 368697 - 404.511 ms\n"}
{"meta":{"serverLogs":"server-logs"},"level":"info","message":"Fri Sep 03 2021 05:27:43 GMT+0000 (Coordinated Universal Time) POST /v1/search 200 368697 - 689.744 ms\n"}
{"meta":{"serverLogs":"server-logs"},"level":"info","message":"Fri Sep 03 2021 05:30:03 GMT+0000 (Coordinated Universal Time) POST /v1/syc_local 200 99 - 150.101 ms\n"}
{"meta":{"serverLogs":"server-logs"},"level":"info","message":"Fri Sep 03 2021 05:34:04 GMT+0000 (Coordinated Universal Time) POST /v1/search 200 368697 - 770.037 ms\n"}
{"meta":{"serverLogs":"server-logs"},"level":"info","message":"Fri Sep 03 2021 05:34:04 GMT+0000 (Coordinated Universal Time) POST /v1/search 200 368697 - 763.364 ms\n"}
{"meta":{"serverLogs":"server-logs"},"level":"info","message":"Fri Sep 03 2021 05:35:38 GMT+0000 (Coordinated Universal Time) POST /v1/syc_local 200 97 - 105.556 ms\n"}
{"meta":{"serverLogs":"server-logs"},"level":"info","message":"Fri Sep 03 2021 05:48:14 GMT+0000 (Coordinated Universal Time) POST /v1/syc_local 200 98 - 155.847 ms\n"}
{"meta":{"serverLogs":"server-logs"},"level":"info","message":"Fri Sep 03 2021 06:19:30 GMT+0000 (Coordinated Universal Time) POST /v1/syc_local 200 98 - 83.380 ms\n"}
{"meta":{"serverLogs":"server-logs"},"level":"info","message":"Fri Sep 03 2021 06:33:54 GMT+0000 (Coordinated Universal Time) POST /v1/search - - - - ms\n"}
{"meta":{"serverLogs":"server-logs"},"level":"info","message":"Fri Sep 03 2021 06:33:54 GMT+0000 (Coordinated Universal Time) POST /v1/search - - - - ms\n"}
{"meta":{"serverLogs":"server-logs"},"level":"info","message":"Fri Sep 03 2021 06:33:55 GMT+0000 (Coordinated Universal Time) POST /v1/search 200 368697 - 1070.005 ms\n"}
{"meta":{"serverLogs":"server-logs"},"level":"info","message":"Fri Sep 03 2021 06:33:56 GMT+0000 (Coordinated Universal Time) POST /v1/search 200 368696 - 1420.988 ms\n"}
{"meta":{"serverLogs":"server-logs"},"level":"info","message":"Fri Sep 03 2021 06:34:29 GMT+0000 (Coordinated Universal Time) POST /v1/syc_local 200 99 - 135.497 ms\n"}
{"meta":{"serverLogs":"server-logs"},"level":"info","message":"Fri Sep 03 2021 06:38:22 GMT+0000 (Coordinated Universal Time) POST /v1/syc_local 200 99 - 221.608 ms\n"}
{"meta":{"serverLogs":"server-logs"},"level":"info","message":"Fri Sep 03 2021 06:40:18 GMT+0000 (Coordinated Universal Time) POST /v1/search 200 368696 - 508.094 ms\n"}
{"meta":{"serverLogs":"server-logs"},"level":"info","message":"Fri Sep 03 2021 06:40:18 GMT+0000 (Coordinated Universal Time) POST /v1/search 200 368697 - 701.288 ms\n"}
{"meta":{"serverLogs":"server-logs"},"level":"info","message":"Fri Sep 03 2021 06:42:34 GMT+0000 (Coordinated Universal Time) POST /v1/syc_local 200 99 - 185.319 ms\n"}
{"meta":{"serverLogs":"server-logs"},"level":"info","message":"Fri Sep 03 2021 06:44:50 GMT+0000 (Coordinated Universal Time) POST /v1/syc_local 200 99 - 207.077 ms\n"}
{"meta":{"serverLogs":"server-logs"},"level":"info","message":"Fri Sep 03 2021 06:46:59 GMT+0000 (Coordinated Universal Time) POST /v1/syc_local 200 99 - 236.192 ms\n"}
{"meta":{"serverLogs":"server-logs"},"level":"info","message":"Fri Sep 03 2021 06:48:33 GMT+0000 (Coordinated Universal Time) POST /v1/syc_local 200 99 - 142.252 ms\n"}
{"meta":{"serverLogs":"server-logs"},"level":"info","message":"Fri Sep 03 2021 06:49:31 GMT+0000 (Coordinated Universal Time) POST /v1/search 200 368697 - 907.269 ms\n"}
{"meta":{"serverLogs":"server-logs"},"level":"info","message":"Fri Sep 03 2021 06:49:31 GMT+0000 (Coordinated Universal Time) POST /v1/search 200 368697 - 826.977 ms\n"}
{"meta":{"serverLogs":"server-logs"},"level":"info","message":"Fri Sep 03 2021 06:49:51 GMT+0000 (Coordinated Universal Time) POST /v1/syc_local 200 99 - 152.198 ms\n"}
{"meta":{"serverLogs":"server-logs"},"level":"info","message":"Fri Sep 03 2021 06:50:32 GMT+0000 (Coordinated Universal Time) POST /v1/syc_local 200 99 - 139.727 ms\n"}
{"meta":{"serverLogs":"server-logs"},"level":"info","message":"Fri Sep 03 2021 06:52:52 GMT+0000 (Coordinated Universal Time) POST /v1/search 200 368696 - 224.153 ms\n"}
{"meta":{"serverLogs":"server-logs"},"level":"info","message":"Fri Sep 03 2021 06:52:52 GMT+0000 (Coordinated Universal Time) POST /v1/search 200 368696 - 426.847 ms\n"}
{"meta":{"serverLogs":"server-logs"},"level":"info","message":"Fri Sep 03 2021 07:21:15 GMT+0000 (Coordinated Universal Time) POST /v1/search 200 368697 - 1117.028 ms\n"}
{"meta":{"serverLogs":"server-logs"},"level":"info","message":"Fri Sep 03 2021 07:21:15 GMT+0000 (Coordinated Universal Time) POST /v1/search 200 368696 - 1226.719 ms\n"}
{"meta":{"serverLogs":"server-logs"},"level":"info","message":"Fri Sep 03 2021 07:22:12 GMT+0000 (Coordinated Universal Time) POST /v1/search 200 368697 - 720.627 ms\n"}
{"meta":{"serverLogs":"server-logs"},"level":"info","message":"Fri Sep 03 2021 07:22:12 GMT+0000 (Coordinated Universal Time) POST /v1/search 200 368696 - 685.192 ms\n"}
{"meta":{"serverLogs":"server-logs"},"level":"info","message":"Fri Sep 03 2021 07:23:54 GMT+0000 (Coordinated Universal Time) POST /v1/search 200 368696 - 405.703 ms\n"}
{"meta":{"serverLogs":"server-logs"},"level":"info","message":"Fri Sep 03 2021 07:23:54 GMT+0000 (Coordinated Universal Time) POST /v1/search 200 368695 - 556.127 ms\n"}
{"meta":{"serverLogs":"server-logs"},"level":"info","message":"Fri Sep 03 2021 07:24:33 GMT+0000 (Coordinated Universal Time) POST /v1/search 200 368696 - 409.496 ms\n"}
{"meta":{"serverLogs":"server-logs"},"level":"info","message":"Fri Sep 03 2021 07:24:33 GMT+0000 (Coordinated Universal Time) POST /v1/search 200 368696 - 556.387 ms\n"}
{"meta":{"serverLogs":"server-logs"},"level":"info","message":"Fri Sep 03 2021 07:25:05 GMT+0000 (Coordinated Universal Time) POST /v1/search 200 368696 - 266.032 ms\n"}
{"meta":{"serverLogs":"server-logs"},"level":"info","message":"Fri Sep 03 2021 07:25:06 GMT+0000 (Coordinated Universal Time) POST /v1/search 200 368695 - 429.007 ms\n"}
{"meta":{"serverLogs":"server-logs"},"level":"info","message":"Fri Sep 03 2021 07:25:26 GMT+0000 (Coordinated Universal Time) POST /v1/search 200 368695 - 211.455 ms\n"}
{"meta":{"serverLogs":"server-logs"},"level":"info","message":"Fri Sep 03 2021 07:25:26 GMT+0000 (Coordinated Universal Time) POST /v1/search 200 368696 - 330.224 ms\n"}
{"meta":{"serverLogs":"server-logs"},"level":"info","message":"Fri Sep 03 2021 07:25:38 GMT+0000 (Coordinated Universal Time) POST /v1/search 200 368696 - 260.926 ms\n"}
{"meta":{"serverLogs":"server-logs"},"level":"info","message":"Fri Sep 03 2021 07:25:38 GMT+0000 (Coordinated Universal Time) POST /v1/search 200 368696 - 382.749 ms\n"}
{"meta":{"serverLogs":"server-logs"},"level":"info","message":"Fri Sep 03 2021 07:25:52 GMT+0000 (Coordinated Universal Time) POST /v1/search 200 368696 - 186.966 ms\n"}
{"meta":{"serverLogs":"server-logs"},"level":"info","message":"Fri Sep 03 2021 07:25:53 GMT+0000 (Coordinated Universal Time) POST /v1/search 200 368696 - 356.221 ms\n"}
{"meta":{"serverLogs":"server-logs"},"level":"info","message":"Fri Sep 03 2021 07:25:55 GMT+0000 (Coordinated Universal Time) POST /v1/search - - - - ms\n"}
{"meta":{"serverLogs":"server-logs"},"level":"info","message":"Fri Sep 03 2021 07:25:55 GMT+0000 (Coordinated Universal Time) POST /v1/search - - - - ms\n"}
{"meta":{"serverLogs":"server-logs"},"level":"info","message":"Fri Sep 03 2021 07:25:58 GMT+0000 (Coordinated Universal Time) POST /v1/search 200 368696 - 196.979 ms\n"}
{"meta":{"serverLogs":"server-logs"},"level":"info","message":"Fri Sep 03 2021 07:25:58 GMT+0000 (Coordinated Universal Time) POST /v1/search 200 368696 - 270.006 ms\n"}
{"meta":{"serverLogs":"server-logs"},"level":"info","message":"Fri Sep 03 2021 07:27:34 GMT+0000 (Coordinated Universal Time) POST /v1/search 200 368697 - 215.286 ms\n"}
{"meta":{"serverLogs":"server-logs"},"level":"info","message":"Fri Sep 03 2021 07:27:34 GMT+0000 (Coordinated Universal Time) POST /v1/search 200 368697 - 363.299 ms\n"}
{"meta":{"serverLogs":"server-logs"},"level":"info","message":"Fri Sep 03 2021 07:33:58 GMT+0000 (Coordinated Universal Time) POST /v1/search 200 368696 - 165.846 ms\n"}
{"meta":{"serverLogs":"server-logs"},"level":"info","message":"Fri Sep 03 2021 07:33:58 GMT+0000 (Coordinated Universal Time) POST /v1/search 200 368697 - 213.225 ms\n"}
{"meta":{"serverLogs":"server-logs"},"level":"info","message":"Fri Sep 03 2021 07:34:01 GMT+0000 (Coordinated Universal Time) POST /v1/search 200 368696 - 176.834 ms\n"}
{"meta":{"serverLogs":"server-logs"},"level":"info","message":"Fri Sep 03 2021 07:34:01 GMT+0000 (Coordinated Universal Time) POST /v1/search 200 368696 - 234.678 ms\n"}
{"meta":{"serverLogs":"server-logs"},"level":"info","message":"Fri Sep 03 2021 07:34:02 GMT+0000 (Coordinated Universal Time) POST /v1/search 200 368696 - 174.933 ms\n"}
{"meta":{"serverLogs":"server-logs"},"level":"info","message":"Fri Sep 03 2021 07:34:03 GMT+0000 (Coordinated Universal Time) POST /v1/search 200 368696 - 219.491 ms\n"}
{"meta":{"serverLogs":"server-logs"},"level":"info","message":"Fri Sep 03 2021 07:34:27 GMT+0000 (Coordinated Universal Time) POST /v1/search 200 368696 - 235.558 ms\n"}
{"meta":{"serverLogs":"server-logs"},"level":"info","message":"Fri Sep 03 2021 07:34:27 GMT+0000 (Coordinated Universal Time) POST /v1/search 200 368695 - 323.482 ms\n"}
{"meta":{"serverLogs":"server-logs"},"level":"info","message":"Fri Sep 03 2021 07:34:47 GMT+0000 (Coordinated Universal Time) POST /v1/search 200 368694 - 228.698 ms\n"}
{"meta":{"serverLogs":"server-logs"},"level":"info","message":"Fri Sep 03 2021 07:34:47 GMT+0000 (Coordinated Universal Time) POST /v1/search 200 368696 - 416.257 ms\n"}
{"meta":{"serverLogs":"server-logs"},"level":"info","message":"Fri Sep 03 2021 07:34:54 GMT+0000 (Coordinated Universal Time) POST /v1/search 200 368696 - 439.351 ms\n"}
{"meta":{"serverLogs":"server-logs"},"level":"info","message":"Fri Sep 03 2021 07:34:55 GMT+0000 (Coordinated Universal Time) POST /v1/search 200 368696 - 559.490 ms\n"}
{"meta":{"serverLogs":"server-logs"},"level":"info","message":"Fri Sep 03 2021 07:35:00 GMT+0000 (Coordinated Universal Time) POST /v1/search 200 368695 - 205.659 ms\n"}
{"meta":{"serverLogs":"server-logs"},"level":"info","message":"Fri Sep 03 2021 07:35:00 GMT+0000 (Coordinated Universal Time) POST /v1/search 200 368696 - 374.141 ms\n"}
{"meta":{"serverLogs":"server-logs"},"level":"info","message":"Fri Sep 03 2021 07:35:35 GMT+0000 (Coordinated Universal Time) POST /v1/login 200 516 - 5743.112 ms\n"}
{"meta":{"serverLogs":"server-logs"},"level":"info","message":"Fri Sep 03 2021 07:35:45 GMT+0000 (Coordinated Universal Time) POST /v1/search 200 368695 - 211.772 ms\n"}
{"meta":{"serverLogs":"server-logs"},"level":"info","message":"Fri Sep 03 2021 07:35:45 GMT+0000 (Coordinated Universal Time) POST /v1/search 200 368696 - 354.305 ms\n"}
{"meta":{"serverLogs":"server-logs"},"level":"info","message":"Fri Sep 03 2021 07:35:52 GMT+0000 (Coordinated Universal Time) POST /v1/search 200 368695 - 305.160 ms\n"}
{"meta":{"serverLogs":"server-logs"},"level":"info","message":"Fri Sep 03 2021 07:35:52 GMT+0000 (Coordinated Universal Time) POST /v1/search 200 368696 - 410.291 ms\n"}
{"meta":{"serverLogs":"server-logs"},"level":"info","message":"Fri Sep 03 2021 07:40:07 GMT+0000 (Coordinated Universal Time) POST /v1/search - - - - ms\n"}
{"meta":{"serverLogs":"server-logs"},"level":"info","message":"Fri Sep 03 2021 07:40:07 GMT+0000 (Coordinated Universal Time) POST /v1/search - - - - ms\n"}
{"meta":{"serverLogs":"server-logs"},"level":"info","message":"Fri Sep 03 2021 07:40:16 GMT+0000 (Coordinated Universal Time) POST /v1/search 200 368696 - 157.332 ms\n"}
{"meta":{"serverLogs":"server-logs"},"level":"info","message":"Fri Sep 03 2021 07:40:16 GMT+0000 (Coordinated Universal Time) POST /v1/search 200 368696 - 234.501 ms\n"}
{"meta":{"serverLogs":"server-logs"},"level":"info","message":"Fri Sep 03 2021 07:40:51 GMT+0000 (Coordinated Universal Time) POST /v1/search 200 368696 - 189.022 ms\n"}
{"meta":{"serverLogs":"server-logs"},"level":"info","message":"Fri Sep 03 2021 07:40:51 GMT+0000 (Coordinated Universal Time) POST /v1/search 200 368696 - 244.664 ms\n"}
{"meta":{"serverLogs":"server-logs"},"level":"info","message":"Fri Sep 03 2021 07:42:09 GMT+0000 (Coordinated Universal Time) POST /v1/search 200 368696 - 166.902 ms\n"}
{"meta":{"serverLogs":"server-logs"},"level":"info","message":"Fri Sep 03 2021 07:42:09 GMT+0000 (Coordinated Universal Time) POST /v1/search 200 368695 - 208.928 ms\n"}
{"meta":{"serverLogs":"server-logs"},"level":"info","message":"Fri Sep 03 2021 07:42:26 GMT+0000 (Coordinated Universal Time) POST /v1/search 200 368696 - 198.764 ms\n"}
{"meta":{"serverLogs":"server-logs"},"level":"info","message":"Fri Sep 03 2021 07:42:26 GMT+0000 (Coordinated Universal Time) POST /v1/search 200 368696 - 280.155 ms\n"}
{"meta":{"serverLogs":"server-logs"},"level":"info","message":"Fri Sep 03 2021 07:43:09 GMT+0000 (Coordinated Universal Time) POST /v1/search 200 368696 - 243.871 ms\n"}
{"meta":{"serverLogs":"server-logs"},"level":"info","message":"Fri Sep 03 2021 07:43:09 GMT+0000 (Coordinated Universal Time) POST /v1/search 200 368696 - 338.716 ms\n"}
{"meta":{"serverLogs":"server-logs"},"level":"info","message":"Fri Sep 03 2021 07:43:35 GMT+0000 (Coordinated Universal Time) POST /v1/search 200 368695 - 222.843 ms\n"}
{"meta":{"serverLogs":"server-logs"},"level":"info","message":"Fri Sep 03 2021 07:43:36 GMT+0000 (Coordinated Universal Time) POST /v1/search 200 368696 - 451.651 ms\n"}
{"meta":{"serverLogs":"server-logs"},"level":"info","message":"Fri Sep 03 2021 07:43:49 GMT+0000 (Coordinated Universal Time) POST /v1/search 200 368696 - 169.715 ms\n"}
{"meta":{"serverLogs":"server-logs"},"level":"info","message":"Fri Sep 03 2021 07:43:49 GMT+0000 (Coordinated Universal Time) POST /v1/search 200 368696 - 442.315 ms\n"}
{"meta":{"serverLogs":"server-logs"},"level":"info","message":"Fri Sep 03 2021 07:44:00 GMT+0000 (Coordinated Universal Time) POST /v1/search 200 368696 - 187.642 ms\n"}
{"meta":{"serverLogs":"server-logs"},"level":"info","message":"Fri Sep 03 2021 07:44:00 GMT+0000 (Coordinated Universal Time) POST /v1/search 200 368696 - 326.410 ms\n"}
{"meta":{"serverLogs":"server-logs"},"level":"info","message":"Fri Sep 03 2021 07:46:18 GMT+0000 (Coordinated Universal Time) POST /v1/search 200 368696 - 181.753 ms\n"}
{"meta":{"serverLogs":"server-logs"},"level":"info","message":"Fri Sep 03 2021 07:46:18 GMT+0000 (Coordinated Universal Time) POST /v1/search 200 368696 - 307.106 ms\n"}
{"meta":{"serverLogs":"server-logs"},"level":"info","message":"Fri Sep 03 2021 07:47:17 GMT+0000 (Coordinated Universal Time) POST /v1/search 200 368696 - 165.164 ms\n"}
{"meta":{"serverLogs":"server-logs"},"level":"info","message":"Fri Sep 03 2021 07:47:17 GMT+0000 (Coordinated Universal Time) POST /v1/search 200 368696 - 332.364 ms\n"}
{"meta":{"serverLogs":"server-logs"},"level":"info","message":"Fri Sep 03 2021 07:49:07 GMT+0000 (Coordinated Universal Time) POST /v1/search 200 368696 - 168.933 ms\n"}
{"meta":{"serverLogs":"server-logs"},"level":"info","message":"Fri Sep 03 2021 07:49:07 GMT+0000 (Coordinated Universal Time) POST /v1/search 200 368696 - 207.448 ms\n"}
{"meta":{"serverLogs":"server-logs"},"level":"info","message":"Fri Sep 03 2021 07:49:19 GMT+0000 (Coordinated Universal Time) POST /v1/search 200 368696 - 150.541 ms\n"}
{"meta":{"serverLogs":"server-logs"},"level":"info","message":"Fri Sep 03 2021 07:49:19 GMT+0000 (Coordinated Universal Time) POST /v1/search 200 368696 - 198.891 ms\n"}
{"meta":{"serverLogs":"server-logs"},"level":"info","message":"Fri Sep 03 2021 07:50:16 GMT+0000 (Coordinated Universal Time) POST /v1/search 200 368696 - 163.936 ms\n"}
{"meta":{"serverLogs":"server-logs"},"level":"info","message":"Fri Sep 03 2021 07:50:16 GMT+0000 (Coordinated Universal Time) POST /v1/search 200 368696 - 204.096 ms\n"}
{"meta":{"serverLogs":"server-logs"},"level":"info","message":"Fri Sep 03 2021 08:01:31 GMT+0000 (Coordinated Universal Time) POST /v1/search 200 368697 - 251.119 ms\n"}
{"meta":{"serverLogs":"server-logs"},"level":"info","message":"Fri Sep 03 2021 08:01:31 GMT+0000 (Coordinated Universal Time) POST /v1/search 200 368697 - 311.960 ms\n"}
{"meta":{"serverLogs":"server-logs"},"level":"info","message":"Fri Sep 03 2021 08:01:50 GMT+0000 (Coordinated Universal Time) POST /v1/search 200 368696 - 182.337 ms\n"}
{"meta":{"serverLogs":"server-logs"},"level":"info","message":"Fri Sep 03 2021 08:01:50 GMT+0000 (Coordinated Universal Time) POST /v1/search 200 368696 - 344.356 ms\n"}
{"meta":{"serverLogs":"server-logs"},"level":"info","message":"Fri Sep 03 2021 08:03:04 GMT+0000 (Coordinated Universal Time) POST /v1/search 200 368696 - 222.637 ms\n"}
{"meta":{"serverLogs":"server-logs"},"level":"info","message":"Fri Sep 03 2021 08:03:04 GMT+0000 (Coordinated Universal Time) POST /v1/search 200 368696 - 495.153 ms\n"}
{"meta":{"serverLogs":"server-logs"},"level":"info","message":"Fri Sep 03 2021 08:03:12 GMT+0000 (Coordinated Universal Time) POST /v1/search 200 368695 - 182.440 ms\n"}
{"meta":{"serverLogs":"server-logs"},"level":"info","message":"Fri Sep 03 2021 08:03:12 GMT+0000 (Coordinated Universal Time) POST /v1/search 200 368696 - 451.472 ms\n"}
{"meta":{"serverLogs":"server-logs"},"level":"info","message":"Fri Sep 03 2021 08:03:19 GMT+0000 (Coordinated Universal Time) POST /v1/search 200 368696 - 204.867 ms\n"}
{"meta":{"serverLogs":"server-logs"},"level":"info","message":"Fri Sep 03 2021 08:03:19 GMT+0000 (Coordinated Universal Time) POST /v1/search 200 368695 - 380.876 ms\n"}
{"meta":{"serverLogs":"server-logs"},"level":"info","message":"Fri Sep 03 2021 08:06:30 GMT+0000 (Coordinated Universal Time) POST /v1/search 200 368697 - 380.755 ms\n"}
{"meta":{"serverLogs":"server-logs"},"level":"info","message":"Fri Sep 03 2021 08:06:30 GMT+0000 (Coordinated Universal Time) POST /v1/search 200 368697 - 569.610 ms\n"}
{"meta":{"serverLogs":"server-logs"},"level":"info","message":"Fri Sep 03 2021 08:06:38 GMT+0000 (Coordinated Universal Time) POST /v1/search 200 368695 - 180.104 ms\n"}
{"meta":{"serverLogs":"server-logs"},"level":"info","message":"Fri Sep 03 2021 08:06:38 GMT+0000 (Coordinated Universal Time) POST /v1/search 200 368697 - 216.730 ms\n"}
{"meta":{"serverLogs":"server-logs"},"level":"info","message":"Fri Sep 03 2021 08:08:52 GMT+0000 (Coordinated Universal Time) POST /v1/search 200 368696 - 251.362 ms\n"}
{"meta":{"serverLogs":"server-logs"},"level":"info","message":"Fri Sep 03 2021 08:08:53 GMT+0000 (Coordinated Universal Time) POST /v1/search 200 368695 - 347.841 ms\n"}
{"meta":{"serverLogs":"server-logs"},"level":"info","message":"Fri Sep 03 2021 08:09:12 GMT+0000 (Coordinated Universal Time) POST /v1/search 200 368696 - 247.712 ms\n"}
{"meta":{"serverLogs":"server-logs"},"level":"info","message":"Fri Sep 03 2021 08:09:12 GMT+0000 (Coordinated Universal Time) POST /v1/search 200 368696 - 422.252 ms\n"}
{"meta":{"serverLogs":"server-logs"},"level":"info","message":"Fri Sep 03 2021 08:10:35 GMT+0000 (Coordinated Universal Time) POST /v1/search 200 368696 - 332.106 ms\n"}
{"meta":{"serverLogs":"server-logs"},"level":"info","message":"Fri Sep 03 2021 08:10:35 GMT+0000 (Coordinated Universal Time) POST /v1/search 200 368696 - 503.910 ms\n"}
{"meta":{"serverLogs":"server-logs"},"level":"info","message":"Fri Sep 03 2021 08:13:38 GMT+0000 (Coordinated Universal Time) POST /v1/search 200 368696 - 201.086 ms\n"}
{"meta":{"serverLogs":"server-logs"},"level":"info","message":"Fri Sep 03 2021 08:13:38 GMT+0000 (Coordinated Universal Time) POST /v1/search 200 368695 - 348.245 ms\n"}
{"meta":{"serverLogs":"server-logs"},"level":"info","message":"Fri Sep 03 2021 08:18:17 GMT+0000 (Coordinated Universal Time) POST /v1/search 200 368696 - 243.638 ms\n"}
{"meta":{"serverLogs":"server-logs"},"level":"info","message":"Fri Sep 03 2021 08:18:17 GMT+0000 (Coordinated Universal Time) POST /v1/search 200 368696 - 440.828 ms\n"}
{"meta":{"serverLogs":"server-logs"},"level":"info","message":"Fri Sep 03 2021 08:19:09 GMT+0000 (Coordinated Universal Time) POST /v1/search 200 368696 - 354.463 ms\n"}
{"meta":{"serverLogs":"server-logs"},"level":"info","message":"Fri Sep 03 2021 08:19:09 GMT+0000 (Coordinated Universal Time) POST /v1/search 200 368695 - 345.985 ms\n"}
{"meta":{"serverLogs":"server-logs"},"level":"info","message":"Fri Sep 03 2021 08:20:25 GMT+0000 (Coordinated Universal Time) POST /v1/search 200 368697 - 482.931 ms\n"}
{"meta":{"serverLogs":"server-logs"},"level":"info","message":"Fri Sep 03 2021 08:20:26 GMT+0000 (Coordinated Universal Time) POST /v1/search 200 368697 - 337.202 ms\n"}
{"meta":{"serverLogs":"server-logs"},"level":"info","message":"Fri Sep 03 2021 08:20:50 GMT+0000 (Coordinated Universal Time) POST /v1/search 200 368696 - 440.787 ms\n"}
{"meta":{"serverLogs":"server-logs"},"level":"info","message":"Fri Sep 03 2021 08:20:50 GMT+0000 (Coordinated Universal Time) POST /v1/search 200 368696 - 332.345 ms\n"}
{"meta":{"serverLogs":"server-logs"},"level":"info","message":"Fri Sep 03 2021 08:22:13 GMT+0000 (Coordinated Universal Time) POST /v1/search 200 368696 - 345.203 ms\n"}
{"meta":{"serverLogs":"server-logs"},"level":"info","message":"Fri Sep 03 2021 08:22:13 GMT+0000 (Coordinated Universal Time) POST /v1/search 200 368695 - 457.264 ms\n"}
{"meta":{"serverLogs":"server-logs"},"level":"info","message":"Fri Sep 03 2021 08:22:34 GMT+0000 (Coordinated Universal Time) POST /v1/search 200 368696 - 502.298 ms\n"}
{"meta":{"serverLogs":"server-logs"},"level":"info","message":"Fri Sep 03 2021 08:22:34 GMT+0000 (Coordinated Universal Time) POST /v1/search 200 368696 - 654.947 ms\n"}
{"meta":{"serverLogs":"server-logs"},"level":"info","message":"Fri Sep 03 2021 08:22:43 GMT+0000 (Coordinated Universal Time) POST /v1/search 200 368696 - 286.726 ms\n"}
{"meta":{"serverLogs":"server-logs"},"level":"info","message":"Fri Sep 03 2021 08:22:43 GMT+0000 (Coordinated Universal Time) POST /v1/search 200 368696 - 328.254 ms\n"}
{"meta":{"serverLogs":"server-logs"},"level":"info","message":"Fri Sep 03 2021 08:23:56 GMT+0000 (Coordinated Universal Time) POST /v1/search 200 368695 - 274.367 ms\n"}
{"meta":{"serverLogs":"server-logs"},"level":"info","message":"Fri Sep 03 2021 08:23:56 GMT+0000 (Coordinated Universal Time) POST /v1/search 200 368696 - 524.330 ms\n"}
{"meta":{"serverLogs":"server-logs"},"level":"info","message":"Fri Sep 03 2021 08:26:15 GMT+0000 (Coordinated Universal Time) POST /v1/search 200 368695 - 329.502 ms\n"}
{"meta":{"serverLogs":"server-logs"},"level":"info","message":"Fri Sep 03 2021 08:26:16 GMT+0000 (Coordinated Universal Time) POST /v1/search 200 368696 - 492.495 ms\n"}
{"meta":{"serverLogs":"server-logs"},"level":"info","message":"Fri Sep 03 2021 08:26:27 GMT+0000 (Coordinated Universal Time) POST /v1/search 200 368696 - 255.801 ms\n"}
{"meta":{"serverLogs":"server-logs"},"level":"info","message":"Fri Sep 03 2021 08:26:27 GMT+0000 (Coordinated Universal Time) POST /v1/search 200 368696 - 412.921 ms\n"}
{"meta":{"serverLogs":"server-logs"},"level":"info","message":"Fri Sep 03 2021 08:27:10 GMT+0000 (Coordinated Universal Time) POST /v1/search 200 368696 - 234.252 ms\n"}
{"meta":{"serverLogs":"server-logs"},"level":"info","message":"Fri Sep 03 2021 08:27:10 GMT+0000 (Coordinated Universal Time) POST /v1/search 200 368696 - 629.955 ms\n"}
{"meta":{"serverLogs":"server-logs"},"level":"info","message":"Fri Sep 03 2021 08:28:38 GMT+0000 (Coordinated Universal Time) POST /v1/search 200 368696 - 524.122 ms\n"}
{"meta":{"serverLogs":"server-logs"},"level":"info","message":"Fri Sep 03 2021 08:28:38 GMT+0000 (Coordinated Universal Time) POST /v1/search 200 368696 - 743.865 ms\n"}
{"meta":{"serverLogs":"server-logs"},"level":"info","message":"Fri Sep 03 2021 08:30:08 GMT+0000 (Coordinated Universal Time) POST /v1/search 200 368697 - 30741.265 ms\n"}
{"meta":{"serverLogs":"server-logs"},"level":"info","message":"Fri Sep 03 2021 08:30:37 GMT+0000 (Coordinated Universal Time) POST /v1/search - - - - ms\n"}
{"meta":{"serverLogs":"server-logs"},"level":"info","message":"Fri Sep 03 2021 08:30:49 GMT+0000 (Coordinated Universal Time) POST /v1/search 200 368696 - 425.035 ms\n"}
{"meta":{"serverLogs":"server-logs"},"level":"info","message":"Fri Sep 03 2021 08:30:50 GMT+0000 (Coordinated Universal Time) POST /v1/search 200 368696 - 627.879 ms\n"}
{"meta":{"serverLogs":"server-logs"},"level":"info","message":"Fri Sep 03 2021 08:31:19 GMT+0000 (Coordinated Universal Time) POST /v1/search 200 368696 - 425.876 ms\n"}
{"meta":{"serverLogs":"server-logs"},"level":"info","message":"Fri Sep 03 2021 08:31:19 GMT+0000 (Coordinated Universal Time) POST /v1/search 200 368696 - 432.022 ms\n"}
{"meta":{"serverLogs":"server-logs"},"level":"info","message":"Fri Sep 03 2021 08:34:29 GMT+0000 (Coordinated Universal Time) POST /v1/search 200 368697 - 301.852 ms\n"}
{"meta":{"serverLogs":"server-logs"},"level":"info","message":"Fri Sep 03 2021 08:34:29 GMT+0000 (Coordinated Universal Time) POST /v1/search 200 368696 - 438.092 ms\n"}
{"meta":{"serverLogs":"server-logs"},"level":"info","message":"Fri Sep 03 2021 08:34:54 GMT+0000 (Coordinated Universal Time) POST /v1/search 200 368696 - 250.627 ms\n"}
{"meta":{"serverLogs":"server-logs"},"level":"info","message":"Fri Sep 03 2021 08:34:54 GMT+0000 (Coordinated Universal Time) POST /v1/search 200 368696 - 369.481 ms\n"}
{"meta":{"serverLogs":"server-logs"},"level":"info","message":"Fri Sep 03 2021 08:50:17 GMT+0000 (Coordinated Universal Time) POST /v1/search 200 368697 - 310.936 ms\n"}
{"meta":{"serverLogs":"server-logs"},"level":"info","message":"Fri Sep 03 2021 08:50:17 GMT+0000 (Coordinated Universal Time) POST /v1/search 200 368697 - 403.640 ms\n"}
{"meta":{"serverLogs":"server-logs"},"level":"info","message":"Fri Sep 03 2021 08:51:15 GMT+0000 (Coordinated Universal Time) POST /v1/search 200 368696 - 205.223 ms\n"}
{"meta":{"serverLogs":"server-logs"},"level":"info","message":"Fri Sep 03 2021 08:51:15 GMT+0000 (Coordinated Universal Time) POST /v1/search 200 368696 - 424.758 ms\n"}
{"meta":{"serverLogs":"server-logs"},"level":"info","message":"Fri Sep 03 2021 08:53:39 GMT+0000 (Coordinated Universal Time) POST /v1/search 200 368696 - 397.932 ms\n"}
{"meta":{"serverLogs":"server-logs"},"level":"info","message":"Fri Sep 03 2021 08:53:39 GMT+0000 (Coordinated Universal Time) POST /v1/search 200 368696 - 595.774 ms\n"}
{"meta":{"serverLogs":"server-logs"},"level":"info","message":"Fri Sep 03 2021 08:53:54 GMT+0000 (Coordinated Universal Time) POST /v1/search 200 368696 - 275.359 ms\n"}
{"meta":{"serverLogs":"server-logs"},"level":"info","message":"Fri Sep 03 2021 08:53:54 GMT+0000 (Coordinated Universal Time) POST /v1/search 200 368696 - 487.806 ms\n"}
{"meta":{"serverLogs":"server-logs"},"level":"info","message":"Fri Sep 03 2021 08:54:06 GMT+0000 (Coordinated Universal Time) POST /v1/search 200 368696 - 205.937 ms\n"}
{"meta":{"serverLogs":"server-logs"},"level":"info","message":"Fri Sep 03 2021 08:54:06 GMT+0000 (Coordinated Universal Time) POST /v1/search 200 368696 - 325.691 ms\n"}
{"meta":{"serverLogs":"server-logs"},"level":"info","message":"Fri Sep 03 2021 08:54:50 GMT+0000 (Coordinated Universal Time) POST /v1/search 200 368696 - 256.750 ms\n"}
{"meta":{"serverLogs":"server-logs"},"level":"info","message":"Fri Sep 03 2021 08:54:50 GMT+0000 (Coordinated Universal Time) POST /v1/search 200 368696 - 400.566 ms\n"}
{"meta":{"serverLogs":"server-logs"},"level":"info","message":"Fri Sep 03 2021 08:57:18 GMT+0000 (Coordinated Universal Time) POST /v1/search 200 368696 - 234.839 ms\n"}
{"meta":{"serverLogs":"server-logs"},"level":"info","message":"Fri Sep 03 2021 08:57:18 GMT+0000 (Coordinated Universal Time) POST /v1/search 200 368696 - 373.773 ms\n"}
{"meta":{"serverLogs":"server-logs"},"level":"info","message":"Fri Sep 03 2021 09:04:33 GMT+0000 (Coordinated Universal Time) POST /v1/search 200 368697 - 173.971 ms\n"}
{"meta":{"serverLogs":"server-logs"},"level":"info","message":"Fri Sep 03 2021 09:04:33 GMT+0000 (Coordinated Universal Time) POST /v1/search 200 368697 - 222.601 ms\n"}
{"meta":{"serverLogs":"server-logs"},"level":"info","message":"Fri Sep 03 2021 09:09:57 GMT+0000 (Coordinated Universal Time) POST /v1/search 200 368696 - 307.150 ms\n"}
{"meta":{"serverLogs":"server-logs"},"level":"info","message":"Fri Sep 03 2021 09:09:57 GMT+0000 (Coordinated Universal Time) POST /v1/search 200 368696 - 403.423 ms\n"}
{"meta":{"serverLogs":"server-logs"},"level":"info","message":"Fri Sep 03 2021 09:12:55 GMT+0000 (Coordinated Universal Time) POST /v1/search 200 368696 - 1019.883 ms\n"}
{"meta":{"serverLogs":"server-logs"},"level":"info","message":"Fri Sep 03 2021 09:12:55 GMT+0000 (Coordinated Universal Time) POST /v1/search 200 368696 - 928.323 ms\n"}
{"meta":{"serverLogs":"server-logs"},"level":"info","message":"Fri Sep 03 2021 09:14:34 GMT+0000 (Coordinated Universal Time) POST /v1/search 200 368696 - 574.053 ms\n"}
{"meta":{"serverLogs":"server-logs"},"level":"info","message":"Fri Sep 03 2021 09:14:34 GMT+0000 (Coordinated Universal Time) POST /v1/search 200 368696 - 839.472 ms\n"}
{"meta":{"serverLogs":"server-logs"},"level":"info","message":"Fri Sep 03 2021 09:16:49 GMT+0000 (Coordinated Universal Time) POST /v1/search 200 368696 - 345.066 ms\n"}
{"meta":{"serverLogs":"server-logs"},"level":"info","message":"Fri Sep 03 2021 09:16:49 GMT+0000 (Coordinated Universal Time) POST /v1/search 200 368696 - 392.840 ms\n"}
{"meta":{"serverLogs":"server-logs"},"level":"info","message":"Fri Sep 03 2021 09:17:07 GMT+0000 (Coordinated Universal Time) POST /v1/search 200 368696 - 281.306 ms\n"}
{"meta":{"serverLogs":"server-logs"},"level":"info","message":"Fri Sep 03 2021 09:17:08 GMT+0000 (Coordinated Universal Time) POST /v1/search 200 368696 - 378.267 ms\n"}
{"meta":{"serverLogs":"server-logs"},"level":"info","message":"Fri Sep 03 2021 09:17:38 GMT+0000 (Coordinated Universal Time) POST /v1/search 200 368696 - 389.155 ms\n"}
{"meta":{"serverLogs":"server-logs"},"level":"info","message":"Fri Sep 03 2021 09:17:38 GMT+0000 (Coordinated Universal Time) POST /v1/search 200 368696 - 732.890 ms\n"}
{"meta":{"serverLogs":"server-logs"},"level":"info","message":"Fri Sep 03 2021 09:18:48 GMT+0000 (Coordinated Universal Time) POST /v1/search 200 368696 - 200.140 ms\n"}
{"meta":{"serverLogs":"server-logs"},"level":"info","message":"Fri Sep 03 2021 09:18:48 GMT+0000 (Coordinated Universal Time) POST /v1/search 200 368696 - 393.718 ms\n"}
{"meta":{"serverLogs":"server-logs"},"level":"info","message":"Fri Sep 03 2021 09:22:08 GMT+0000 (Coordinated Universal Time) POST /v1/search 200 368696 - 420.991 ms\n"}
{"meta":{"serverLogs":"server-logs"},"level":"info","message":"Fri Sep 03 2021 09:22:09 GMT+0000 (Coordinated Universal Time) POST /v1/search 200 368696 - 283.659 ms\n"}
{"meta":{"serverLogs":"server-logs"},"level":"info","message":"Fri Sep 03 2021 09:25:48 GMT+0000 (Coordinated Universal Time) POST /v1/search 200 368696 - 173.597 ms\n"}
{"meta":{"serverLogs":"server-logs"},"level":"info","message":"Fri Sep 03 2021 09:25:48 GMT+0000 (Coordinated Universal Time) POST /v1/search 200 368696 - 267.983 ms\n"}
{"meta":{"serverLogs":"server-logs"},"level":"info","message":"Fri Sep 03 2021 09:26:25 GMT+0000 (Coordinated Universal Time) POST /v1/search 200 368696 - 182.510 ms\n"}
{"meta":{"serverLogs":"server-logs"},"level":"info","message":"Fri Sep 03 2021 09:26:26 GMT+0000 (Coordinated Universal Time) POST /v1/search 200 368696 - 338.643 ms\n"}
{"meta":{"serverLogs":"server-logs"},"level":"info","message":"Fri Sep 03 2021 09:26:39 GMT+0000 (Coordinated Universal Time) POST /v1/search 200 368696 - 191.120 ms\n"}
{"meta":{"serverLogs":"server-logs"},"level":"info","message":"Fri Sep 03 2021 09:26:39 GMT+0000 (Coordinated Universal Time) POST /v1/search 200 368697 - 366.444 ms\n"}
{"meta":{"serverLogs":"server-logs"},"level":"info","message":"Fri Sep 03 2021 09:33:56 GMT+0000 (Coordinated Universal Time) POST /v1/search 200 368696 - 546.559 ms\n"}
{"meta":{"serverLogs":"server-logs"},"level":"info","message":"Fri Sep 03 2021 09:33:56 GMT+0000 (Coordinated Universal Time) POST /v1/search 200 368696 - 689.423 ms\n"}
{"meta":{"serverLogs":"server-logs"},"level":"info","message":"Fri Sep 03 2021 09:39:09 GMT+0000 (Coordinated Universal Time) POST /v1/search 200 368696 - 159.916 ms\n"}
{"meta":{"serverLogs":"server-logs"},"level":"info","message":"Fri Sep 03 2021 09:39:09 GMT+0000 (Coordinated Universal Time) POST /v1/search 200 368696 - 279.103 ms\n"}
{"meta":{"serverLogs":"server-logs"},"level":"info","message":"Fri Sep 03 2021 09:40:54 GMT+0000 (Coordinated Universal Time) POST /v1/search 200 368696 - 162.673 ms\n"}
{"meta":{"serverLogs":"server-logs"},"level":"info","message":"Fri Sep 03 2021 09:40:54 GMT+0000 (Coordinated Universal Time) POST /v1/search 200 368696 - 260.165 ms\n"}
{"meta":{"serverLogs":"server-logs"},"level":"info","message":"Fri Sep 03 2021 09:42:58 GMT+0000 (Coordinated Universal Time) POST /v1/search 200 368695 - 184.870 ms\n"}
{"meta":{"serverLogs":"server-logs"},"level":"info","message":"Fri Sep 03 2021 09:42:58 GMT+0000 (Coordinated Universal Time) POST /v1/search 200 368696 - 263.580 ms\n"}
{"meta":{"serverLogs":"server-logs"},"level":"info","message":"Fri Sep 03 2021 10:02:02 GMT+0000 (Coordinated Universal Time) POST /v1/search 200 368697 - 322.068 ms\n"}
{"meta":{"serverLogs":"server-logs"},"level":"info","message":"Fri Sep 03 2021 10:02:02 GMT+0000 (Coordinated Universal Time) POST /v1/search 200 368697 - 455.649 ms\n"}
{"meta":{"serverLogs":"server-logs"},"level":"info","message":"Fri Sep 03 2021 10:02:17 GMT+0000 (Coordinated Universal Time) POST /v1/search 200 368695 - 336.377 ms\n"}
{"meta":{"serverLogs":"server-logs"},"level":"info","message":"Fri Sep 03 2021 10:02:17 GMT+0000 (Coordinated Universal Time) POST /v1/search 200 368696 - 294.993 ms\n"}
{"meta":{"serverLogs":"server-logs"},"level":"info","message":"Fri Sep 03 2021 10:02:34 GMT+0000 (Coordinated Universal Time) POST /v1/search 200 368696 - 199.402 ms\n"}
{"meta":{"serverLogs":"server-logs"},"level":"info","message":"Fri Sep 03 2021 10:02:34 GMT+0000 (Coordinated Universal Time) POST /v1/search 200 368696 - 362.637 ms\n"}
{"meta":{"serverLogs":"server-logs"},"level":"info","message":"Fri Sep 03 2021 10:02:46 GMT+0000 (Coordinated Universal Time) POST /v1/search 200 368696 - 234.762 ms\n"}
{"meta":{"serverLogs":"server-logs"},"level":"info","message":"Fri Sep 03 2021 10:02:46 GMT+0000 (Coordinated Universal Time) POST /v1/search 200 368696 - 472.737 ms\n"}
{"meta":{"serverLogs":"server-logs"},"level":"info","message":"Fri Sep 03 2021 10:02:52 GMT+0000 (Coordinated Universal Time) POST /v1/search 200 368696 - 586.108 ms\n"}
{"meta":{"serverLogs":"server-logs"},"level":"info","message":"Fri Sep 03 2021 10:02:53 GMT+0000 (Coordinated Universal Time) POST /v1/search 200 368696 - 705.001 ms\n"}
{"meta":{"serverLogs":"server-logs"},"level":"info","message":"Fri Sep 03 2021 10:03:04 GMT+0000 (Coordinated Universal Time) POST /v1/search 200 368696 - 260.715 ms\n"}
{"meta":{"serverLogs":"server-logs"},"level":"info","message":"Fri Sep 03 2021 10:03:04 GMT+0000 (Coordinated Universal Time) POST /v1/search 200 368696 - 360.152 ms\n"}
{"meta":{"serverLogs":"server-logs"},"level":"info","message":"Fri Sep 03 2021 10:04:12 GMT+0000 (Coordinated Universal Time) POST /v1/search 200 368696 - 187.608 ms\n"}
{"meta":{"serverLogs":"server-logs"},"level":"info","message":"Fri Sep 03 2021 10:04:12 GMT+0000 (Coordinated Universal Time) POST /v1/search 200 368696 - 302.884 ms\n"}
{"meta":{"serverLogs":"server-logs"},"level":"info","message":"Fri Sep 03 2021 10:04:19 GMT+0000 (Coordinated Universal Time) POST /v1/search 200 368696 - 226.103 ms\n"}
{"meta":{"serverLogs":"server-logs"},"level":"info","message":"Fri Sep 03 2021 10:04:19 GMT+0000 (Coordinated Universal Time) POST /v1/search 200 368696 - 323.917 ms\n"}
{"meta":{"serverLogs":"server-logs"},"level":"info","message":"Fri Sep 03 2021 10:04:46 GMT+0000 (Coordinated Universal Time) POST /v1/search 200 368696 - 150.060 ms\n"}
{"meta":{"serverLogs":"server-logs"},"level":"info","message":"Fri Sep 03 2021 10:04:46 GMT+0000 (Coordinated Universal Time) POST /v1/search 200 368696 - 328.991 ms\n"}
{"meta":{"serverLogs":"server-logs"},"level":"info","message":"Fri Sep 03 2021 10:05:10 GMT+0000 (Coordinated Universal Time) POST /v1/search 200 368695 - 185.569 ms\n"}
{"meta":{"serverLogs":"server-logs"},"level":"info","message":"Fri Sep 03 2021 10:05:11 GMT+0000 (Coordinated Universal Time) POST /v1/search 200 368695 - 405.864 ms\n"}
{"meta":{"serverLogs":"server-logs"},"level":"info","message":"Fri Sep 03 2021 10:05:39 GMT+0000 (Coordinated Universal Time) POST /v1/search 200 368696 - 165.678 ms\n"}
{"meta":{"serverLogs":"server-logs"},"level":"info","message":"Fri Sep 03 2021 10:05:40 GMT+0000 (Coordinated Universal Time) POST /v1/search 200 368696 - 303.194 ms\n"}
{"meta":{"serverLogs":"server-logs"},"level":"info","message":"Fri Sep 03 2021 10:06:05 GMT+0000 (Coordinated Universal Time) POST /v1/search 200 368696 - 223.729 ms\n"}
{"meta":{"serverLogs":"server-logs"},"level":"info","message":"Fri Sep 03 2021 10:06:05 GMT+0000 (Coordinated Universal Time) POST /v1/search 200 368696 - 305.439 ms\n"}
{"meta":{"serverLogs":"server-logs"},"level":"info","message":"Fri Sep 03 2021 10:06:22 GMT+0000 (Coordinated Universal Time) POST /v1/search 200 368696 - 187.314 ms\n"}
{"meta":{"serverLogs":"server-logs"},"level":"info","message":"Fri Sep 03 2021 10:06:22 GMT+0000 (Coordinated Universal Time) POST /v1/search 200 368696 - 268.675 ms\n"}
{"meta":{"serverLogs":"server-logs"},"level":"info","message":"Fri Sep 03 2021 10:06:38 GMT+0000 (Coordinated Universal Time) POST /v1/search 200 368696 - 152.455 ms\n"}
{"meta":{"serverLogs":"server-logs"},"level":"info","message":"Fri Sep 03 2021 10:06:38 GMT+0000 (Coordinated Universal Time) POST /v1/search 200 368696 - 347.624 ms\n"}
{"meta":{"serverLogs":"server-logs"},"level":"info","message":"Fri Sep 03 2021 10:06:52 GMT+0000 (Coordinated Universal Time) POST /v1/search 200 368696 - 284.933 ms\n"}
{"meta":{"serverLogs":"server-logs"},"level":"info","message":"Fri Sep 03 2021 10:06:53 GMT+0000 (Coordinated Universal Time) POST /v1/search 200 368696 - 591.198 ms\n"}
{"meta":{"serverLogs":"server-logs"},"level":"info","message":"Fri Sep 03 2021 10:06:58 GMT+0000 (Coordinated Universal Time) POST /v1/search 200 368696 - 152.926 ms\n"}
{"meta":{"serverLogs":"server-logs"},"level":"info","message":"Fri Sep 03 2021 10:06:59 GMT+0000 (Coordinated Universal Time) POST /v1/search 200 368696 - 205.348 ms\n"}
{"meta":{"serverLogs":"server-logs"},"level":"info","message":"Fri Sep 03 2021 10:13:52 GMT+0000 (Coordinated Universal Time) POST /v1/search 200 368697 - 195.064 ms\n"}
{"meta":{"serverLogs":"server-logs"},"level":"info","message":"Fri Sep 03 2021 10:13:52 GMT+0000 (Coordinated Universal Time) POST /v1/search 200 368697 - 440.723 ms\n"}
{"meta":{"serverLogs":"server-logs"},"level":"info","message":"Fri Sep 03 2021 10:14:04 GMT+0000 (Coordinated Universal Time) POST /v1/search 200 368696 - 207.346 ms\n"}
{"meta":{"serverLogs":"server-logs"},"level":"info","message":"Fri Sep 03 2021 10:14:04 GMT+0000 (Coordinated Universal Time) POST /v1/search 200 368696 - 354.920 ms\n"}
{"meta":{"serverLogs":"server-logs"},"level":"info","message":"Fri Sep 03 2021 10:16:03 GMT+0000 (Coordinated Universal Time) POST /v1/search 200 368696 - 707.766 ms\n"}
{"meta":{"serverLogs":"server-logs"},"level":"info","message":"Fri Sep 03 2021 10:16:04 GMT+0000 (Coordinated Universal Time) POST /v1/search 200 368696 - 546.677 ms\n"}
{"meta":{"serverLogs":"server-logs"},"level":"info","message":"Fri Sep 03 2021 10:16:11 GMT+0000 (Coordinated Universal Time) POST /v1/search 200 368696 - 284.170 ms\n"}
{"meta":{"serverLogs":"server-logs"},"level":"info","message":"Fri Sep 03 2021 10:16:11 GMT+0000 (Coordinated Universal Time) POST /v1/search 200 368696 - 361.250 ms\n"}
{"meta":{"serverLogs":"server-logs"},"level":"info","message":"Fri Sep 03 2021 10:22:48 GMT+0000 (Coordinated Universal Time) POST /v1/search 200 368696 - 620.208 ms\n"}
{"meta":{"serverLogs":"server-logs"},"level":"info","message":"Fri Sep 03 2021 10:22:48 GMT+0000 (Coordinated Universal Time) POST /v1/search 200 368697 - 473.018 ms\n"}
{"meta":{"serverLogs":"server-logs"},"level":"info","message":"Fri Sep 03 2021 10:23:10 GMT+0000 (Coordinated Universal Time) POST /v1/search 200 368696 - 302.574 ms\n"}
{"meta":{"serverLogs":"server-logs"},"level":"info","message":"Fri Sep 03 2021 10:23:10 GMT+0000 (Coordinated Universal Time) POST /v1/search 200 368696 - 394.015 ms\n"}
{"meta":{"serverLogs":"server-logs"},"level":"info","message":"Fri Sep 03 2021 10:23:22 GMT+0000 (Coordinated Universal Time) POST /v1/search 200 368695 - 163.812 ms\n"}
{"meta":{"serverLogs":"server-logs"},"level":"info","message":"Fri Sep 03 2021 10:23:22 GMT+0000 (Coordinated Universal Time) POST /v1/search 200 368696 - 186.474 ms\n"}
{"meta":{"serverLogs":"server-logs"},"level":"info","message":"Fri Sep 03 2021 10:23:38 GMT+0000 (Coordinated Universal Time) POST /v1/search 200 368696 - 170.829 ms\n"}
{"meta":{"serverLogs":"server-logs"},"level":"info","message":"Fri Sep 03 2021 10:23:38 GMT+0000 (Coordinated Universal Time) POST /v1/search 200 368696 - 213.877 ms\n"}
{"meta":{"serverLogs":"server-logs"},"level":"info","message":"Fri Sep 03 2021 10:24:17 GMT+0000 (Coordinated Universal Time) POST /v1/search 200 368696 - 164.898 ms\n"}
{"meta":{"serverLogs":"server-logs"},"level":"info","message":"Fri Sep 03 2021 10:24:18 GMT+0000 (Coordinated Universal Time) POST /v1/search 200 368696 - 442.683 ms\n"}
{"meta":{"serverLogs":"server-logs"},"level":"info","message":"Fri Sep 03 2021 10:24:33 GMT+0000 (Coordinated Universal Time) POST /v1/search 200 368696 - 394.346 ms\n"}
{"meta":{"serverLogs":"server-logs"},"level":"info","message":"Fri Sep 03 2021 10:24:33 GMT+0000 (Coordinated Universal Time) POST /v1/search 200 368696 - 497.800 ms\n"}
{"meta":{"serverLogs":"server-logs"},"level":"info","message":"Fri Sep 03 2021 10:24:55 GMT+0000 (Coordinated Universal Time) POST /v1/search 200 368696 - 175.112 ms\n"}
{"meta":{"serverLogs":"server-logs"},"level":"info","message":"Fri Sep 03 2021 10:24:55 GMT+0000 (Coordinated Universal Time) POST /v1/search 200 368696 - 252.782 ms\n"}
{"meta":{"serverLogs":"server-logs"},"level":"info","message":"Fri Sep 03 2021 10:24:58 GMT+0000 (Coordinated Universal Time) POST /v1/search 200 368695 - 177.004 ms\n"}
{"meta":{"serverLogs":"server-logs"},"level":"info","message":"Fri Sep 03 2021 10:24:58 GMT+0000 (Coordinated Universal Time) POST /v1/search 200 368696 - 462.927 ms\n"}
{"meta":{"serverLogs":"server-logs"},"level":"info","message":"Fri Sep 03 2021 10:25:02 GMT+0000 (Coordinated Universal Time) POST /v1/search 200 368696 - 219.433 ms\n"}
{"meta":{"serverLogs":"server-logs"},"level":"info","message":"Fri Sep 03 2021 10:25:02 GMT+0000 (Coordinated Universal Time) POST /v1/search 200 368695 - 336.707 ms\n"}
{"meta":{"serverLogs":"server-logs"},"level":"info","message":"Fri Sep 03 2021 10:25:22 GMT+0000 (Coordinated Universal Time) POST /v1/search 200 368696 - 219.726 ms\n"}
{"meta":{"serverLogs":"server-logs"},"level":"info","message":"Fri Sep 03 2021 10:25:22 GMT+0000 (Coordinated Universal Time) POST /v1/search 200 368696 - 588.408 ms\n"}
{"meta":{"serverLogs":"server-logs"},"level":"info","message":"Fri Sep 03 2021 10:25:39 GMT+0000 (Coordinated Universal Time) POST /v1/search 200 368696 - 321.384 ms\n"}
{"meta":{"serverLogs":"server-logs"},"level":"info","message":"Fri Sep 03 2021 10:25:39 GMT+0000 (Coordinated Universal Time) POST /v1/search 200 368695 - 544.878 ms\n"}
{"meta":{"serverLogs":"server-logs"},"level":"info","message":"Fri Sep 03 2021 10:25:42 GMT+0000 (Coordinated Universal Time) POST /v1/search 200 368695 - 261.295 ms\n"}
{"meta":{"serverLogs":"server-logs"},"level":"info","message":"Fri Sep 03 2021 10:25:42 GMT+0000 (Coordinated Universal Time) POST /v1/search 200 368696 - 559.087 ms\n"}
{"meta":{"serverLogs":"server-logs"},"level":"info","message":"Fri Sep 03 2021 10:29:24 GMT+0000 (Coordinated Universal Time) POST /v1/search 200 368697 - 252.349 ms\n"}
{"meta":{"serverLogs":"server-logs"},"level":"info","message":"Fri Sep 03 2021 10:29:24 GMT+0000 (Coordinated Universal Time) POST /v1/search 200 368696 - 347.196 ms\n"}
{"meta":{"serverLogs":"server-logs"},"level":"info","message":"Fri Sep 03 2021 10:36:49 GMT+0000 (Coordinated Universal Time) POST /v1/search 200 368697 - 477.795 ms\n"}
{"meta":{"serverLogs":"server-logs"},"level":"info","message":"Fri Sep 03 2021 10:36:49 GMT+0000 (Coordinated Universal Time) POST /v1/search 200 368697 - 656.862 ms\n"}
{"meta":{"serverLogs":"server-logs"},"level":"info","message":"Fri Sep 03 2021 10:36:49 GMT+0000 (Coordinated Universal Time) GET /socket.io/?platform=website&version=1.0&geolocation=%7B%22country_code%22%3A%22TH%22%2C%22country_name%22%3A%22Thailand%22%2C%22city%22%3A%22Bangkok%22%2C%22postal%22%3A%2210110%22%2C%22latitude%22%3A13.7083%2C%22longitude%22%3A100.4562%2C%22IPv4%22%3A%22180.183.125.158%22%2C%22state%22%3A%22Bangkok%22%7D&auth_token=71&EIO=3&transport=polling&t=NkhEu8q 404 149 - 56.445 ms\n"}
{"meta":{"serverLogs":"server-logs"},"level":"info","message":"Fri Sep 03 2021 10:36:51 GMT+0000 (Coordinated Universal Time) GET /socket.io/?platform=website&version=1.0&geolocation=%7B%22country_code%22%3A%22TH%22%2C%22country_name%22%3A%22Thailand%22%2C%22city%22%3A%22Bangkok%22%2C%22postal%22%3A%2210110%22%2C%22latitude%22%3A13.7083%2C%22longitude%22%3A100.4562%2C%22IPv4%22%3A%22180.183.125.158%22%2C%22state%22%3A%22Bangkok%22%7D&auth_token=71&EIO=3&transport=polling&t=NkhEud0 404 149 - 6.088 ms\n"}
{"meta":{"serverLogs":"server-logs"},"level":"info","message":"Fri Sep 03 2021 10:36:53 GMT+0000 (Coordinated Universal Time) GET /socket.io/?platform=website&version=1.0&geolocation=%7B%22country_code%22%3A%22TH%22%2C%22country_name%22%3A%22Thailand%22%2C%22city%22%3A%22Bangkok%22%2C%22postal%22%3A%2210110%22%2C%22latitude%22%3A13.7083%2C%22longitude%22%3A100.4562%2C%22IPv4%22%3A%22180.183.125.158%22%2C%22state%22%3A%22Bangkok%22%7D&auth_token=71&EIO=3&transport=polling&t=NkhEv70 404 149 - 3.689 ms\n"}
{"meta":{"serverLogs":"server-logs"},"level":"info","message":"Fri Sep 03 2021 10:36:55 GMT+0000 (Coordinated Universal Time) GET /socket.io/?platform=website&version=1.0&geolocation=%7B%22country_code%22%3A%22TH%22%2C%22country_name%22%3A%22Thailand%22%2C%22city%22%3A%22Bangkok%22%2C%22postal%22%3A%2210110%22%2C%22latitude%22%3A13.7083%2C%22longitude%22%3A100.4562%2C%22IPv4%22%3A%22180.183.125.158%22%2C%22state%22%3A%22Bangkok%22%7D&auth_token=71&EIO=3&transport=polling&t=NkhEvoz 404 149 - 5.734 ms\n"}
{"meta":{"serverLogs":"server-logs"},"level":"info","message":"Fri Sep 03 2021 10:37:00 GMT+0000 (Coordinated Universal Time) GET /socket.io/?platform=website&version=1.0&geolocation=%7B%22country_code%22%3A%22TH%22%2C%22country_name%22%3A%22Thailand%22%2C%22city%22%3A%22Bangkok%22%2C%22postal%22%3A%2210110%22%2C%22latitude%22%3A13.7083%2C%22longitude%22%3A100.4562%2C%22IPv4%22%3A%22180.183.125.158%22%2C%22state%22%3A%22Bangkok%22%7D&auth_token=71&EIO=3&transport=polling&t=NkhEx1i 404 149 - 5.502 ms\n"}
{"meta":{"serverLogs":"server-logs"},"level":"info","message":"Fri Sep 03 2021 10:37:06 GMT+0000 (Coordinated Universal Time) GET /socket.io/?platform=website&version=1.0&geolocation=%7B%22country_code%22%3A%22TH%22%2C%22country_name%22%3A%22Thailand%22%2C%22city%22%3A%22Bangkok%22%2C%22postal%22%3A%2210110%22%2C%22latitude%22%3A13.7083%2C%22longitude%22%3A100.4562%2C%22IPv4%22%3A%22180.183.125.158%22%2C%22state%22%3A%22Bangkok%22%7D&auth_token=71&EIO=3&transport=polling&t=NkhEyGd 404 149 - 19.588 ms\n"}
{"meta":{"serverLogs":"server-logs"},"level":"info","message":"Fri Sep 03 2021 10:37:11 GMT+0000 (Coordinated Universal Time) GET /socket.io/?platform=website&version=1.0&geolocation=%7B%22country_code%22%3A%22TH%22%2C%22country_name%22%3A%22Thailand%22%2C%22city%22%3A%22Bangkok%22%2C%22postal%22%3A%2210110%22%2C%22latitude%22%3A13.7083%2C%22longitude%22%3A100.4562%2C%22IPv4%22%3A%22180.183.125.158%22%2C%22state%22%3A%22Bangkok%22%7D&auth_token=71&EIO=3&transport=polling&t=NkhEzVv 404 149 - 5.493 ms\n"}
{"meta":{"serverLogs":"server-logs"},"level":"info","message":"Fri Sep 03 2021 10:46:45 GMT+0000 (Coordinated Universal Time) GET /socket.io/?platform=website&version=1.0&geolocation=%7B%22country_code%22%3A%22TH%22%2C%22country_name%22%3A%22Thailand%22%2C%22city%22%3A%22Bangkok%22%2C%22postal%22%3A%2210110%22%2C%22latitude%22%3A13.7083%2C%22longitude%22%3A100.4562%2C%22IPv4%22%3A%22180.183.125.158%22%2C%22state%22%3A%22Bangkok%22%7D&auth_token=71&EIO=3&transport=polling&t=NkhH9du 404 149 - 87.185 ms\n"}
{"meta":{"serverLogs":"server-logs"},"level":"info","message":"Fri Sep 03 2021 10:46:51 GMT+0000 (Coordinated Universal Time) GET /socket.io/?platform=website&version=1.0&geolocation=%7B%22country_code%22%3A%22TH%22%2C%22country_name%22%3A%22Thailand%22%2C%22city%22%3A%22Bangkok%22%2C%22postal%22%3A%2210110%22%2C%22latitude%22%3A13.7083%2C%22longitude%22%3A100.4562%2C%22IPv4%22%3A%22180.183.125.158%22%2C%22state%22%3A%22Bangkok%22%7D&auth_token=71&EIO=3&transport=polling&t=NkhHBEA 404 149 - 8.312 ms\n"}
{"meta":{"serverLogs":"server-logs"},"level":"info","message":"Fri Sep 03 2021 10:46:56 GMT+0000 (Coordinated Universal Time) GET /socket.io/?platform=website&version=1.0&geolocation=%7B%22country_code%22%3A%22TH%22%2C%22country_name%22%3A%22Thailand%22%2C%22city%22%3A%22Bangkok%22%2C%22postal%22%3A%2210110%22%2C%22latitude%22%3A13.7083%2C%22longitude%22%3A100.4562%2C%22IPv4%22%3A%22180.183.125.158%22%2C%22state%22%3A%22Bangkok%22%7D&auth_token=71&EIO=3&transport=polling&t=NkhHCX2 404 149 - 4.397 ms\n"}
{"meta":{"serverLogs":"server-logs"},"level":"info","message":"Fri Sep 03 2021 10:47:02 GMT+0000 (Coordinated Universal Time) GET /socket.io/?platform=website&version=1.0&geolocation=%7B%22country_code%22%3A%22TH%22%2C%22country_name%22%3A%22Thailand%22%2C%22city%22%3A%22Bangkok%22%2C%22postal%22%3A%2210110%22%2C%22latitude%22%3A13.7083%2C%22longitude%22%3A100.4562%2C%22IPv4%22%3A%22180.183.125.158%22%2C%22state%22%3A%22Bangkok%22%7D&auth_token=71&EIO=3&transport=polling&t=NkhHD-H 404 149 - 24.580 ms\n"}
{"meta":{"serverLogs":"server-logs"},"level":"info","message":"Fri Sep 03 2021 10:47:08 GMT+0000 (Coordinated Universal Time) GET /socket.io/?platform=website&version=1.0&geolocation=%7B%22country_code%22%3A%22TH%22%2C%22country_name%22%3A%22Thailand%22%2C%22city%22%3A%22Bangkok%22%2C%22postal%22%3A%2210110%22%2C%22latitude%22%3A13.7083%2C%22longitude%22%3A100.4562%2C%22IPv4%22%3A%22180.183.125.158%22%2C%22state%22%3A%22Bangkok%22%7D&auth_token=71&EIO=3&transport=polling&t=NkhHFF6 404 149 - 38.008 ms\n"}
{"meta":{"serverLogs":"server-logs"},"level":"info","message":"Fri Sep 03 2021 10:49:05 GMT+0000 (Coordinated Universal Time) GET /socket.io/?platform=website&version=1.0&geolocation=%7B%22country_code%22%3A%22TH%22%2C%22country_name%22%3A%22Thailand%22%2C%22city%22%3A%22Bangkok%22%2C%22postal%22%3A%2210110%22%2C%22latitude%22%3A13.7083%2C%22longitude%22%3A100.4562%2C%22IPv4%22%3A%22180.183.125.158%22%2C%22state%22%3A%22Bangkok%22%7D&auth_token=71&EIO=3&transport=polling&t=NkhHhwO 404 149 - 52.645 ms\n"}
{"meta":{"serverLogs":"server-logs"},"level":"info","message":"Fri Sep 03 2021 10:49:06 GMT+0000 (Coordinated Universal Time) POST /v1/search 200 368696 - 592.661 ms\n"}
{"meta":{"serverLogs":"server-logs"},"level":"info","message":"Fri Sep 03 2021 10:49:06 GMT+0000 (Coordinated Universal Time) POST /v1/search 200 368697 - 656.223 ms\n"}
{"meta":{"serverLogs":"server-logs"},"level":"info","message":"Fri Sep 03 2021 10:49:07 GMT+0000 (Coordinated Universal Time) GET /socket.io/?platform=website&version=1.0&geolocation=%7B%22country_code%22%3A%22TH%22%2C%22country_name%22%3A%22Thailand%22%2C%22city%22%3A%22Bangkok%22%2C%22postal%22%3A%2210110%22%2C%22latitude%22%3A13.7083%2C%22longitude%22%3A100.4562%2C%22IPv4%22%3A%22180.183.125.158%22%2C%22state%22%3A%22Bangkok%22%7D&auth_token=71&EIO=3&transport=polling&t=NkhHiL0 404 149 - 9.494 ms\n"}
{"meta":{"serverLogs":"server-logs"},"level":"info","message":"Fri Sep 03 2021 10:49:08 GMT+0000 (Coordinated Universal Time) GET /socket.io/?platform=website&version=1.0&geolocation=%7B%22country_code%22%3A%22TH%22%2C%22country_name%22%3A%22Thailand%22%2C%22city%22%3A%22Bangkok%22%2C%22postal%22%3A%2210110%22%2C%22latitude%22%3A13.7083%2C%22longitude%22%3A100.4562%2C%22IPv4%22%3A%22180.183.125.158%22%2C%22state%22%3A%22Bangkok%22%7D&auth_token=71&EIO=3&transport=polling&t=NkhHijr 404 149 - 3.168 ms\n"}
{"meta":{"serverLogs":"server-logs"},"level":"info","message":"Fri Sep 03 2021 10:49:13 GMT+0000 (Coordinated Universal Time) GET /socket.io/?platform=website&version=1.0&geolocation=%7B%22country_code%22%3A%22TH%22%2C%22country_name%22%3A%22Thailand%22%2C%22city%22%3A%22Bangkok%22%2C%22postal%22%3A%2210110%22%2C%22latitude%22%3A13.7083%2C%22longitude%22%3A100.4562%2C%22IPv4%22%3A%22180.183.125.158%22%2C%22state%22%3A%22Bangkok%22%7D&auth_token=71&EIO=3&transport=polling&t=NkhHjya 404 149 - 5.654 ms\n"}
{"meta":{"serverLogs":"server-logs"},"level":"info","message":"Fri Sep 03 2021 10:49:20 GMT+0000 (Coordinated Universal Time) GET /socket.io/?platform=website&version=1.0&geolocation=%7B%22country_code%22%3A%22TH%22%2C%22country_name%22%3A%22Thailand%22%2C%22city%22%3A%22Bangkok%22%2C%22postal%22%3A%2210110%22%2C%22latitude%22%3A13.7083%2C%22longitude%22%3A100.4562%2C%22IPv4%22%3A%22180.183.125.158%22%2C%22state%22%3A%22Bangkok%22%7D&auth_token=71&EIO=3&transport=polling&t=NkhHlVL 404 149 - 5.956 ms\n"}
{"meta":{"serverLogs":"server-logs"},"level":"info","message":"Fri Sep 03 2021 10:49:26 GMT+0000 (Coordinated Universal Time) GET /socket.io/?platform=website&version=1.0&geolocation=%7B%22country_code%22%3A%22TH%22%2C%22country_name%22%3A%22Thailand%22%2C%22city%22%3A%22Bangkok%22%2C%22postal%22%3A%2210110%22%2C%22latitude%22%3A13.7083%2C%22longitude%22%3A100.4562%2C%22IPv4%22%3A%22180.183.125.158%22%2C%22state%22%3A%22Bangkok%22%7D&auth_token=71&EIO=3&transport=polling&t=NkhHmy0 404 149 - 6.956 ms\n"}
{"meta":{"serverLogs":"server-logs"},"level":"info","message":"Fri Sep 03 2021 10:49:32 GMT+0000 (Coordinated Universal Time) GET /socket.io/?platform=website&version=1.0&geolocation=%7B%22country_code%22%3A%22TH%22%2C%22country_name%22%3A%22Thailand%22%2C%22city%22%3A%22Bangkok%22%2C%22postal%22%3A%2210110%22%2C%22latitude%22%3A13.7083%2C%22longitude%22%3A100.4562%2C%22IPv4%22%3A%22180.183.125.158%22%2C%22state%22%3A%22Bangkok%22%7D&auth_token=71&EIO=3&transport=polling&t=NkhHoOh 404 149 - 10.160 ms\n"}
{"meta":{"serverLogs":"server-logs"},"level":"info","message":"Fri Sep 03 2021 10:49:37 GMT+0000 (Coordinated Universal Time) GET /socket.io/?platform=website&version=1.0&geolocation=%7B%22country_code%22%3A%22TH%22%2C%22country_name%22%3A%22Thailand%22%2C%22city%22%3A%22Bangkok%22%2C%22postal%22%3A%2210110%22%2C%22latitude%22%3A13.7083%2C%22longitude%22%3A100.4562%2C%22IPv4%22%3A%22180.183.125.158%22%2C%22state%22%3A%22Bangkok%22%7D&auth_token=71&EIO=3&transport=polling&t=NkhHpri 404 149 - 3.719 ms\n"}
{"meta":{"serverLogs":"server-logs"},"level":"info","message":"Fri Sep 03 2021 10:49:43 GMT+0000 (Coordinated Universal Time) GET /socket.io/?platform=website&version=1.0&geolocation=%7B%22country_code%22%3A%22TH%22%2C%22country_name%22%3A%22Thailand%22%2C%22city%22%3A%22Bangkok%22%2C%22postal%22%3A%2210110%22%2C%22latitude%22%3A13.7083%2C%22longitude%22%3A100.4562%2C%22IPv4%22%3A%22180.183.125.158%22%2C%22state%22%3A%22Bangkok%22%7D&auth_token=71&EIO=3&transport=polling&t=NkhHrI0 404 149 - 5.231 ms\n"}
{"meta":{"serverLogs":"server-logs"},"level":"info","message":"Fri Sep 03 2021 10:49:49 GMT+0000 (Coordinated Universal Time) GET /socket.io/?platform=website&version=1.0&geolocation=%7B%22country_code%22%3A%22TH%22%2C%22country_name%22%3A%22Thailand%22%2C%22city%22%3A%22Bangkok%22%2C%22postal%22%3A%2210110%22%2C%22latitude%22%3A13.7083%2C%22longitude%22%3A100.4562%2C%22IPv4%22%3A%22180.183.125.158%22%2C%22state%22%3A%22Bangkok%22%7D&auth_token=71&EIO=3&transport=polling&t=NkhHsln 404 149 - 8.326 ms\n"}
{"meta":{"serverLogs":"server-logs"},"level":"info","message":"Fri Sep 03 2021 10:49:56 GMT+0000 (Coordinated Universal Time) GET /socket.io/?platform=website&version=1.0&geolocation=%7B%22country_code%22%3A%22TH%22%2C%22country_name%22%3A%22Thailand%22%2C%22city%22%3A%22Bangkok%22%2C%22postal%22%3A%2210110%22%2C%22latitude%22%3A13.7083%2C%22longitude%22%3A100.4562%2C%22IPv4%22%3A%22180.183.125.158%22%2C%22state%22%3A%22Bangkok%22%7D&auth_token=71&EIO=3&transport=polling&t=NkhHuKH 404 149 - 10.321 ms\n"}
{"meta":{"serverLogs":"server-logs"},"level":"info","message":"Fri Sep 03 2021 10:50:02 GMT+0000 (Coordinated Universal Time) GET /socket.io/?platform=website&version=1.0&geolocation=%7B%22country_code%22%3A%22TH%22%2C%22country_name%22%3A%22Thailand%22%2C%22city%22%3A%22Bangkok%22%2C%22postal%22%3A%2210110%22%2C%22latitude%22%3A13.7083%2C%22longitude%22%3A100.4562%2C%22IPv4%22%3A%22180.183.125.158%22%2C%22state%22%3A%22Bangkok%22%7D&auth_token=71&EIO=3&transport=polling&t=NkhHvmO 404 149 - 11.036 ms\n"}
{"meta":{"serverLogs":"server-logs"},"level":"info","message":"Fri Sep 03 2021 10:50:08 GMT+0000 (Coordinated Universal Time) GET /socket.io/?platform=website&version=1.0&geolocation=%7B%22country_code%22%3A%22TH%22%2C%22country_name%22%3A%22Thailand%22%2C%22city%22%3A%22Bangkok%22%2C%22postal%22%3A%2210110%22%2C%22latitude%22%3A13.7083%2C%22longitude%22%3A100.4562%2C%22IPv4%22%3A%22180.183.125.158%22%2C%22state%22%3A%22Bangkok%22%7D&auth_token=71&EIO=3&transport=polling&t=NkhHxBK 404 149 - 2.796 ms\n"}
{"meta":{"serverLogs":"server-logs"},"level":"info","message":"Fri Sep 03 2021 10:50:13 GMT+0000 (Coordinated Universal Time) GET /socket.io/?platform=website&version=1.0&geolocation=%7B%22country_code%22%3A%22TH%22%2C%22country_name%22%3A%22Thailand%22%2C%22city%22%3A%22Bangkok%22%2C%22postal%22%3A%2210110%22%2C%22latitude%22%3A13.7083%2C%22longitude%22%3A100.4562%2C%22IPv4%22%3A%22180.183.125.158%22%2C%22state%22%3A%22Bangkok%22%7D&auth_token=71&EIO=3&transport=polling&t=NkhHyeK 404 149 - 6.725 ms\n"}
{"meta":{"serverLogs":"server-logs"},"level":"info","message":"Fri Sep 03 2021 10:50:20 GMT+0000 (Coordinated Universal Time) GET /socket.io/?platform=website&version=1.0&geolocation=%7B%22country_code%22%3A%22TH%22%2C%22country_name%22%3A%22Thailand%22%2C%22city%22%3A%22Bangkok%22%2C%22postal%22%3A%2210110%22%2C%22latitude%22%3A13.7083%2C%22longitude%22%3A100.4562%2C%22IPv4%22%3A%22180.183.125.158%22%2C%22state%22%3A%22Bangkok%22%7D&auth_token=71&EIO=3&transport=polling&t=NkhH-9m 404 149 - 7.312 ms\n"}
{"meta":{"serverLogs":"server-logs"},"level":"info","message":"Fri Sep 03 2021 10:50:26 GMT+0000 (Coordinated Universal Time) GET /socket.io/?platform=website&version=1.0&geolocation=%7B%22country_code%22%3A%22TH%22%2C%22country_name%22%3A%22Thailand%22%2C%22city%22%3A%22Bangkok%22%2C%22postal%22%3A%2210110%22%2C%22latitude%22%3A13.7083%2C%22longitude%22%3A100.4562%2C%22IPv4%22%3A%22180.183.125.158%22%2C%22state%22%3A%22Bangkok%22%7D&auth_token=71&EIO=3&transport=polling&t=NkhH_ek 404 149 - 4.892 ms\n"}
{"meta":{"serverLogs":"server-logs"},"level":"info","message":"Fri Sep 03 2021 10:50:32 GMT+0000 (Coordinated Universal Time) GET /socket.io/?platform=website&version=1.0&geolocation=%7B%22country_code%22%3A%22TH%22%2C%22country_name%22%3A%22Thailand%22%2C%22city%22%3A%22Bangkok%22%2C%22postal%22%3A%2210110%22%2C%22latitude%22%3A13.7083%2C%22longitude%22%3A100.4562%2C%22IPv4%22%3A%22180.183.125.158%22%2C%22state%22%3A%22Bangkok%22%7D&auth_token=71&EIO=3&transport=polling&t=NkhI16P 404 149 - 8.764 ms\n"}
{"meta":{"serverLogs":"server-logs"},"level":"info","message":"Fri Sep 03 2021 10:53:07 GMT+0000 (Coordinated Universal Time) POST /v1/search 200 368696 - 646.436 ms\n"}
{"meta":{"serverLogs":"server-logs"},"level":"info","message":"Fri Sep 03 2021 10:53:07 GMT+0000 (Coordinated Universal Time) POST /v1/search 200 368695 - 900.496 ms\n"}
{"meta":{"serverLogs":"server-logs"},"level":"info","message":"Fri Sep 03 2021 11:51:07 GMT+0000 (Coordinated Universal Time) POST /v1/search 200 368697 - 319.465 ms\n"}
{"meta":{"serverLogs":"server-logs"},"level":"info","message":"Fri Sep 03 2021 11:51:07 GMT+0000 (Coordinated Universal Time) POST /v1/search 200 368697 - 421.685 ms\n"}
{"meta":{"serverLogs":"server-logs"},"level":"info","message":"Fri Sep 03 2021 12:09:51 GMT+0000 (Coordinated Universal Time) POST /v1/search 200 368696 - 361.856 ms\n"}
{"meta":{"serverLogs":"server-logs"},"level":"info","message":"Fri Sep 03 2021 12:09:51 GMT+0000 (Coordinated Universal Time) POST /v1/search 200 368696 - 658.217 ms\n"}
{"meta":{"serverLogs":"server-logs"},"level":"info","message":"Fri Sep 03 2021 12:49:15 GMT+0000 (Coordinated Universal Time) POST /v1/search 200 368697 - 605.271 ms\n"}
{"meta":{"serverLogs":"server-logs"},"level":"info","message":"Fri Sep 03 2021 12:49:15 GMT+0000 (Coordinated Universal Time) POST /v1/search 200 368697 - 988.757 ms\n"}
{"meta":{"serverLogs":"server-logs"},"level":"info","message":"Fri Sep 03 2021 12:49:41 GMT+0000 (Coordinated Universal Time) POST /v1/search 200 368696 - 195.950 ms\n"}
{"meta":{"serverLogs":"server-logs"},"level":"info","message":"Fri Sep 03 2021 12:49:41 GMT+0000 (Coordinated Universal Time) POST /v1/search 200 368696 - 356.296 ms\n"}
{"meta":{"serverLogs":"server-logs"},"level":"info","message":"Fri Sep 03 2021 12:49:54 GMT+0000 (Coordinated Universal Time) POST /v1/search 200 368696 - 587.361 ms\n"}
{"meta":{"serverLogs":"server-logs"},"level":"info","message":"Fri Sep 03 2021 12:49:54 GMT+0000 (Coordinated Universal Time) POST /v1/search 200 368696 - 227.225 ms\n"}
{"meta":{"serverLogs":"server-logs"},"level":"info","message":"Fri Sep 03 2021 12:50:11 GMT+0000 (Coordinated Universal Time) POST /v1/search 200 368696 - 463.632 ms\n"}
{"meta":{"serverLogs":"server-logs"},"level":"info","message":"Fri Sep 03 2021 12:50:11 GMT+0000 (Coordinated Universal Time) POST /v1/search 200 368696 - 878.306 ms\n"}
{"meta":{"serverLogs":"server-logs"},"level":"info","message":"Fri Sep 03 2021 12:55:01 GMT+0000 (Coordinated Universal Time) POST /v1/search 404 149 - 83.745 ms\n"}
{"meta":{"serverLogs":"server-logs"},"level":"info","message":"Fri Sep 03 2021 12:55:01 GMT+0000 (Coordinated Universal Time) POST /v1/search 404 149 - 31.151 ms\n"}
{"meta":{"serverLogs":"server-logs"},"level":"info","message":"Fri Sep 03 2021 12:56:35 GMT+0000 (Coordinated Universal Time) POST /v1/search 200 368697 - 662.350 ms\n"}
{"meta":{"serverLogs":"server-logs"},"level":"info","message":"Fri Sep 03 2021 12:56:36 GMT+0000 (Coordinated Universal Time) POST /v1/search 200 368697 - 580.007 ms\n"}
{"meta":{"serverLogs":"server-logs"},"level":"info","message":"Fri Sep 03 2021 12:58:25 GMT+0000 (Coordinated Universal Time) POST /v1/search 200 368696 - 198.962 ms\n"}
{"meta":{"serverLogs":"server-logs"},"level":"info","message":"Fri Sep 03 2021 12:58:25 GMT+0000 (Coordinated Universal Time) POST /v1/search 200 368695 - 312.119 ms\n"}
{"meta":{"serverLogs":"server-logs"},"level":"info","message":"Fri Sep 03 2021 13:01:03 GMT+0000 (Coordinated Universal Time) POST /v1/search 200 368696 - 219.648 ms\n"}
{"meta":{"serverLogs":"server-logs"},"level":"info","message":"Fri Sep 03 2021 13:01:03 GMT+0000 (Coordinated Universal Time) POST /v1/search 200 368696 - 338.774 ms\n"}
{"meta":{"serverLogs":"server-logs"},"level":"info","message":"Fri Sep 03 2021 14:11:09 GMT+0000 (Coordinated Universal Time) POST /v1/search 200 368696 - 768.095 ms\n"}
{"meta":{"serverLogs":"server-logs"},"level":"info","message":"Fri Sep 03 2021 14:11:09 GMT+0000 (Coordinated Universal Time) POST /v1/search 200 368696 - 754.808 ms\n"}
{"meta":{"serverLogs":"server-logs"},"level":"info","message":"Fri Sep 03 2021 14:17:23 GMT+0000 (Coordinated Universal Time) POST /v1/search 200 368697 - 439.436 ms\n"}
{"meta":{"serverLogs":"server-logs"},"level":"info","message":"Fri Sep 03 2021 14:17:23 GMT+0000 (Coordinated Universal Time) POST /v1/search 200 368697 - 667.741 ms\n"}
{"meta":{"serverLogs":"server-logs"},"level":"info","message":"Fri Sep 03 2021 14:24:32 GMT+0000 (Coordinated Universal Time) POST /v1/search 200 368697 - 739.723 ms\n"}
{"meta":{"serverLogs":"server-logs"},"level":"info","message":"Fri Sep 03 2021 14:24:32 GMT+0000 (Coordinated Universal Time) POST /v1/search 200 368697 - 684.298 ms\n"}
{"meta":{"serverLogs":"server-logs"},"level":"info","message":"Fri Sep 03 2021 14:25:39 GMT+0000 (Coordinated Universal Time) POST /v1/search 200 368695 - 223.125 ms\n"}
{"meta":{"serverLogs":"server-logs"},"level":"info","message":"Fri Sep 03 2021 14:25:39 GMT+0000 (Coordinated Universal Time) POST /v1/search 200 368696 - 292.179 ms\n"}
{"meta":{"serverLogs":"server-logs"},"level":"info","message":"Fri Sep 03 2021 14:27:40 GMT+0000 (Coordinated Universal Time) POST /v1/search 200 368696 - 189.947 ms\n"}
{"meta":{"serverLogs":"server-logs"},"level":"info","message":"Fri Sep 03 2021 14:27:40 GMT+0000 (Coordinated Universal Time) POST /v1/search 200 368696 - 278.986 ms\n"}
{"meta":{"serverLogs":"server-logs"},"level":"info","message":"Fri Sep 03 2021 14:28:34 GMT+0000 (Coordinated Universal Time) POST /v1/search 200 368696 - 247.449 ms\n"}
{"meta":{"serverLogs":"server-logs"},"level":"info","message":"Fri Sep 03 2021 14:28:35 GMT+0000 (Coordinated Universal Time) POST /v1/search 200 368696 - 463.012 ms\n"}
{"meta":{"serverLogs":"server-logs"},"level":"info","message":"Fri Sep 03 2021 14:29:11 GMT+0000 (Coordinated Universal Time) POST /v1/login 200 516 - 6272.610 ms\n"}
{"meta":{"serverLogs":"server-logs"},"level":"info","message":"Fri Sep 03 2021 14:30:56 GMT+0000 (Coordinated Universal Time) POST /v1/search 200 368696 - 357.838 ms\n"}
{"meta":{"serverLogs":"server-logs"},"level":"info","message":"Fri Sep 03 2021 14:30:56 GMT+0000 (Coordinated Universal Time) POST /v1/search 200 368696 - 409.507 ms\n"}
{"meta":{"serverLogs":"server-logs"},"level":"info","message":"Fri Sep 03 2021 14:34:44 GMT+0000 (Coordinated Universal Time) POST /v1/search 200 368696 - 226.278 ms\n"}
{"meta":{"serverLogs":"server-logs"},"level":"info","message":"Fri Sep 03 2021 14:34:44 GMT+0000 (Coordinated Universal Time) POST /v1/search 200 368696 - 294.864 ms\n"}
{"meta":{"serverLogs":"server-logs"},"level":"info","message":"Fri Sep 03 2021 14:35:12 GMT+0000 (Coordinated Universal Time) POST /v1/search 200 368696 - 184.167 ms\n"}
{"meta":{"serverLogs":"server-logs"},"level":"info","message":"Fri Sep 03 2021 14:35:13 GMT+0000 (Coordinated Universal Time) POST /v1/search 200 368696 - 210.697 ms\n"}
{"meta":{"serverLogs":"server-logs"},"level":"info","message":"Fri Sep 03 2021 14:35:31 GMT+0000 (Coordinated Universal Time) POST /v1/search 200 368696 - 253.507 ms\n"}
{"meta":{"serverLogs":"server-logs"},"level":"info","message":"Fri Sep 03 2021 14:35:31 GMT+0000 (Coordinated Universal Time) POST /v1/search 200 368696 - 457.321 ms\n"}
{"meta":{"serverLogs":"server-logs"},"level":"info","message":"Fri Sep 03 2021 14:37:04 GMT+0000 (Coordinated Universal Time) POST /v1/search 200 368697 - 182.851 ms\n"}
{"meta":{"serverLogs":"server-logs"},"level":"info","message":"Fri Sep 03 2021 14:37:05 GMT+0000 (Coordinated Universal Time) POST /v1/search 200 368696 - 641.242 ms\n"}
{"meta":{"serverLogs":"server-logs"},"level":"info","message":"Fri Sep 03 2021 14:39:54 GMT+0000 (Coordinated Universal Time) POST /v1/search 200 368696 - 297.255 ms\n"}
{"meta":{"serverLogs":"server-logs"},"level":"info","message":"Fri Sep 03 2021 14:39:54 GMT+0000 (Coordinated Universal Time) POST /v1/search 200 368696 - 422.284 ms\n"}
{"meta":{"serverLogs":"server-logs"},"level":"info","message":"Fri Sep 03 2021 14:40:14 GMT+0000 (Coordinated Universal Time) POST /v1/login 200 516 - 5527.912 ms\n"}
{"meta":{"serverLogs":"server-logs"},"level":"info","message":"Fri Sep 03 2021 14:48:45 GMT+0000 (Coordinated Universal Time) POST /v1/search 200 368697 - 499.306 ms\n"}
{"meta":{"serverLogs":"server-logs"},"level":"info","message":"Fri Sep 03 2021 14:48:45 GMT+0000 (Coordinated Universal Time) POST /v1/search 200 368697 - 721.632 ms\n"}
{"meta":{"serverLogs":"server-logs"},"level":"info","message":"Fri Sep 03 2021 14:50:18 GMT+0000 (Coordinated Universal Time) POST /v1/search 200 368696 - 244.401 ms\n"}
{"meta":{"serverLogs":"server-logs"},"level":"info","message":"Fri Sep 03 2021 14:50:18 GMT+0000 (Coordinated Universal Time) POST /v1/search 200 368696 - 342.001 ms\n"}
{"meta":{"serverLogs":"server-logs"},"level":"info","message":"Fri Sep 03 2021 14:50:58 GMT+0000 (Coordinated Universal Time) POST /v1/search 200 368696 - 267.674 ms\n"}
{"meta":{"serverLogs":"server-logs"},"level":"info","message":"Fri Sep 03 2021 14:50:58 GMT+0000 (Coordinated Universal Time) POST /v1/search 200 368695 - 369.422 ms\n"}
{"meta":{"serverLogs":"server-logs"},"level":"info","message":"Fri Sep 03 2021 14:52:03 GMT+0000 (Coordinated Universal Time) POST /v1/search 200 368696 - 837.822 ms\n"}
{"meta":{"serverLogs":"server-logs"},"level":"info","message":"Fri Sep 03 2021 14:52:03 GMT+0000 (Coordinated Universal Time) POST /v1/search 200 368696 - 1043.794 ms\n"}
{"meta":{"serverLogs":"server-logs"},"level":"info","message":"Fri Sep 03 2021 14:53:21 GMT+0000 (Coordinated Universal Time) POST /v1/search 200 368696 - 648.259 ms\n"}
{"meta":{"serverLogs":"server-logs"},"level":"info","message":"Fri Sep 03 2021 14:53:21 GMT+0000 (Coordinated Universal Time) POST /v1/search 200 368696 - 812.034 ms\n"}
{"meta":{"serverLogs":"server-logs"},"level":"info","message":"Fri Sep 03 2021 14:54:58 GMT+0000 (Coordinated Universal Time) POST /v1/search 200 368696 - 1021.227 ms\n"}
{"meta":{"serverLogs":"server-logs"},"level":"info","message":"Fri Sep 03 2021 14:54:58 GMT+0000 (Coordinated Universal Time) POST /v1/search 200 368696 - 754.721 ms\n"}
{"meta":{"serverLogs":"server-logs"},"level":"info","message":"Fri Sep 03 2021 14:55:44 GMT+0000 (Coordinated Universal Time) POST /v1/search 200 368696 - 312.164 ms\n"}
{"meta":{"serverLogs":"server-logs"},"level":"info","message":"Fri Sep 03 2021 14:55:44 GMT+0000 (Coordinated Universal Time) POST /v1/search 200 368696 - 584.769 ms\n"}
{"meta":{"serverLogs":"server-logs"},"level":"info","message":"Fri Sep 03 2021 14:56:16 GMT+0000 (Coordinated Universal Time) POST /v1/search 200 368696 - 191.054 ms\n"}
{"meta":{"serverLogs":"server-logs"},"level":"info","message":"Fri Sep 03 2021 14:56:16 GMT+0000 (Coordinated Universal Time) POST /v1/search 200 368696 - 284.007 ms\n"}
{"meta":{"serverLogs":"server-logs"},"level":"info","message":"Fri Sep 03 2021 14:56:35 GMT+0000 (Coordinated Universal Time) POST /v1/search 200 368696 - 172.742 ms\n"}
{"meta":{"serverLogs":"server-logs"},"level":"info","message":"Fri Sep 03 2021 14:56:35 GMT+0000 (Coordinated Universal Time) POST /v1/search 200 368696 - 221.720 ms\n"}
{"meta":{"serverLogs":"server-logs"},"level":"info","message":"Fri Sep 03 2021 14:56:49 GMT+0000 (Coordinated Universal Time) POST /v1/search 200 368696 - 204.607 ms\n"}
{"meta":{"serverLogs":"server-logs"},"level":"info","message":"Fri Sep 03 2021 14:56:49 GMT+0000 (Coordinated Universal Time) POST /v1/search 200 368696 - 336.918 ms\n"}
{"meta":{"serverLogs":"server-logs"},"level":"info","message":"Fri Sep 03 2021 14:57:01 GMT+0000 (Coordinated Universal Time) POST /v1/search 200 368696 - 175.346 ms\n"}
{"meta":{"serverLogs":"server-logs"},"level":"info","message":"Fri Sep 03 2021 14:57:01 GMT+0000 (Coordinated Universal Time) POST /v1/search 200 368696 - 225.401 ms\n"}
{"meta":{"serverLogs":"server-logs"},"level":"info","message":"Fri Sep 03 2021 14:57:59 GMT+0000 (Coordinated Universal Time) POST /v1/search 200 368696 - 184.981 ms\n"}
{"meta":{"serverLogs":"server-logs"},"level":"info","message":"Fri Sep 03 2021 14:57:59 GMT+0000 (Coordinated Universal Time) POST /v1/search 200 368696 - 232.368 ms\n"}
{"meta":{"serverLogs":"server-logs"},"level":"info","message":"Fri Sep 03 2021 14:58:18 GMT+0000 (Coordinated Universal Time) POST /v1/search 200 368696 - 186.210 ms\n"}
{"meta":{"serverLogs":"server-logs"},"level":"info","message":"Fri Sep 03 2021 14:58:19 GMT+0000 (Coordinated Universal Time) POST /v1/search 200 368695 - 289.501 ms\n"}
{"meta":{"serverLogs":"server-logs"},"level":"info","message":"Fri Sep 03 2021 14:59:15 GMT+0000 (Coordinated Universal Time) POST /v1/search 200 368695 - 427.219 ms\n"}
{"meta":{"serverLogs":"server-logs"},"level":"info","message":"Fri Sep 03 2021 14:59:15 GMT+0000 (Coordinated Universal Time) POST /v1/search 200 368696 - 354.500 ms\n"}
{"meta":{"serverLogs":"server-logs"},"level":"info","message":"Fri Sep 03 2021 14:59:39 GMT+0000 (Coordinated Universal Time) POST /v1/search 200 368696 - 178.300 ms\n"}
{"meta":{"serverLogs":"server-logs"},"level":"info","message":"Fri Sep 03 2021 14:59:39 GMT+0000 (Coordinated Universal Time) POST /v1/search 200 368696 - 223.660 ms\n"}
{"meta":{"serverLogs":"server-logs"},"level":"info","message":"Fri Sep 03 2021 15:00:01 GMT+0000 (Coordinated Universal Time) POST /v1/search 200 368696 - 346.603 ms\n"}
{"meta":{"serverLogs":"server-logs"},"level":"info","message":"Fri Sep 03 2021 15:00:01 GMT+0000 (Coordinated Universal Time) POST /v1/search 200 368696 - 491.403 ms\n"}
{"meta":{"serverLogs":"server-logs"},"level":"info","message":"Fri Sep 03 2021 15:00:19 GMT+0000 (Coordinated Universal Time) POST /v1/login 200 516 - 5438.119 ms\n"}
{"meta":{"serverLogs":"server-logs"},"level":"info","message":"Fri Sep 03 2021 15:00:47 GMT+0000 (Coordinated Universal Time) POST /v1/search 200 368696 - 195.488 ms\n"}
{"meta":{"serverLogs":"server-logs"},"level":"info","message":"Fri Sep 03 2021 15:00:48 GMT+0000 (Coordinated Universal Time) POST /v1/search 200 368696 - 365.252 ms\n"}
{"meta":{"serverLogs":"server-logs"},"level":"info","message":"Fri Sep 03 2021 15:02:15 GMT+0000 (Coordinated Universal Time) POST /v1/search 200 368696 - 209.422 ms\n"}
{"meta":{"serverLogs":"server-logs"},"level":"info","message":"Fri Sep 03 2021 15:02:15 GMT+0000 (Coordinated Universal Time) POST /v1/search 200 368696 - 371.181 ms\n"}
{"meta":{"serverLogs":"server-logs"},"level":"info","message":"Fri Sep 03 2021 15:03:04 GMT+0000 (Coordinated Universal Time) POST /v1/login 200 516 - 4954.621 ms\n"}
{"meta":{"serverLogs":"server-logs"},"level":"info","message":"Fri Sep 03 2021 15:03:40 GMT+0000 (Coordinated Universal Time) POST /v1/search 200 368696 - 287.644 ms\n"}
{"meta":{"serverLogs":"server-logs"},"level":"info","message":"Fri Sep 03 2021 15:03:40 GMT+0000 (Coordinated Universal Time) POST /v1/search 200 368696 - 414.385 ms\n"}
{"meta":{"serverLogs":"server-logs"},"level":"info","message":"Fri Sep 03 2021 15:04:52 GMT+0000 (Coordinated Universal Time) POST /v1/search 200 368696 - 310.917 ms\n"}
{"meta":{"serverLogs":"server-logs"},"level":"info","message":"Fri Sep 03 2021 15:04:52 GMT+0000 (Coordinated Universal Time) POST /v1/search 200 368696 - 376.305 ms\n"}
{"meta":{"serverLogs":"server-logs"},"level":"info","message":"Fri Sep 03 2021 15:05:13 GMT+0000 (Coordinated Universal Time) POST /v1/login 200 516 - 5460.345 ms\n"}
{"meta":{"serverLogs":"server-logs"},"level":"info","message":"Fri Sep 03 2021 15:06:55 GMT+0000 (Coordinated Universal Time) POST /v1/search 200 368696 - 465.352 ms\n"}
{"meta":{"serverLogs":"server-logs"},"level":"info","message":"Fri Sep 03 2021 15:08:16 GMT+0000 (Coordinated Universal Time) POST /v1/search 200 368696 - 192.988 ms\n"}
{"meta":{"serverLogs":"server-logs"},"level":"info","message":"Fri Sep 03 2021 15:08:16 GMT+0000 (Coordinated Universal Time) POST /v1/search 200 368696 - 250.172 ms\n"}
{"meta":{"serverLogs":"server-logs"},"level":"info","message":"Fri Sep 03 2021 15:08:45 GMT+0000 (Coordinated Universal Time) POST /v1/search 200 368696 - 246.270 ms\n"}
{"meta":{"serverLogs":"server-logs"},"level":"info","message":"Fri Sep 03 2021 15:08:45 GMT+0000 (Coordinated Universal Time) POST /v1/search 200 368695 - 348.827 ms\n"}
{"meta":{"serverLogs":"server-logs"},"level":"info","message":"Fri Sep 03 2021 15:09:04 GMT+0000 (Coordinated Universal Time) POST /v1/login 200 516 - 5197.827 ms\n"}
{"meta":{"serverLogs":"server-logs"},"level":"info","message":"Fri Sep 03 2021 15:10:16 GMT+0000 (Coordinated Universal Time) POST /v1/search 200 368696 - 213.583 ms\n"}
{"meta":{"serverLogs":"server-logs"},"level":"info","message":"Fri Sep 03 2021 15:10:16 GMT+0000 (Coordinated Universal Time) POST /v1/search 200 368696 - 262.117 ms\n"}
{"meta":{"serverLogs":"server-logs"},"level":"info","message":"Fri Sep 03 2021 15:10:59 GMT+0000 (Coordinated Universal Time) POST /v1/search 200 368696 - 289.788 ms\n"}
{"meta":{"serverLogs":"server-logs"},"level":"info","message":"Fri Sep 03 2021 15:10:59 GMT+0000 (Coordinated Universal Time) POST /v1/search 200 368696 - 460.703 ms\n"}
{"meta":{"serverLogs":"server-logs"},"level":"info","message":"Fri Sep 03 2021 15:11:21 GMT+0000 (Coordinated Universal Time) POST /v1/login 200 516 - 6294.678 ms\n"}
{"meta":{"serverLogs":"server-logs"},"level":"info","message":"Fri Sep 03 2021 15:11:32 GMT+0000 (Coordinated Universal Time) POST /v1/search 200 368696 - 250.439 ms\n"}
{"meta":{"serverLogs":"server-logs"},"level":"info","message":"Fri Sep 03 2021 15:11:32 GMT+0000 (Coordinated Universal Time) POST /v1/search 200 368696 - 391.418 ms\n"}
{"meta":{"serverLogs":"server-logs"},"level":"info","message":"Fri Sep 03 2021 15:12:10 GMT+0000 (Coordinated Universal Time) POST /v1/login 200 515 - 5359.591 ms\n"}
{"meta":{"serverLogs":"server-logs"},"level":"info","message":"Fri Sep 03 2021 15:22:26 GMT+0000 (Coordinated Universal Time) POST /v1/search 200 368696 - 522.843 ms\n"}
{"meta":{"serverLogs":"server-logs"},"level":"info","message":"Fri Sep 03 2021 15:22:26 GMT+0000 (Coordinated Universal Time) POST /v1/search 200 368696 - 696.760 ms\n"}
