{"meta":{"serverLogs":"server-logs"},"level":"info","message":"Sat Sep 04 2021 02:54:31 GMT+0000 (Coordinated Universal Time) POST /v1/search 200 368696 - 599.236 ms\n"}
{"meta":{"serverLogs":"server-logs"},"level":"info","message":"Sat Sep 04 2021 02:54:32 GMT+0000 (Coordinated Universal Time) POST /v1/search 200 368696 - 546.111 ms\n"}
{"meta":{"serverLogs":"server-logs"},"level":"info","message":"Sat Sep 04 2021 02:56:13 GMT+0000 (Coordinated Universal Time) POST /v1/search 200 368696 - 250.435 ms\n"}
{"meta":{"serverLogs":"server-logs"},"level":"info","message":"Sat Sep 04 2021 02:56:13 GMT+0000 (Coordinated Universal Time) POST /v1/search 200 368696 - 408.945 ms\n"}
{"meta":{"serverLogs":"server-logs"},"level":"info","message":"Sat Sep 04 2021 02:56:32 GMT+0000 (Coordinated Universal Time) POST /v1/search 200 368696 - 325.149 ms\n"}
{"meta":{"serverLogs":"server-logs"},"level":"info","message":"Sat Sep 04 2021 02:56:32 GMT+0000 (Coordinated Universal Time) POST /v1/search 200 368696 - 235.486 ms\n"}
{"meta":{"serverLogs":"server-logs"},"level":"info","message":"Sat Sep 04 2021 02:57:39 GMT+0000 (Coordinated Universal Time) POST /v1/search 200 368695 - 411.364 ms\n"}
{"meta":{"serverLogs":"server-logs"},"level":"info","message":"Sat Sep 04 2021 02:58:05 GMT+0000 (Coordinated Universal Time) POST /v1/search 200 368696 - 658.361 ms\n"}
{"meta":{"serverLogs":"server-logs"},"level":"info","message":"Sat Sep 04 2021 02:58:30 GMT+0000 (Coordinated Universal Time) POST /v1/search 200 368696 - 250.958 ms\n"}
{"meta":{"serverLogs":"server-logs"},"level":"info","message":"Sat Sep 04 2021 02:58:30 GMT+0000 (Coordinated Universal Time) POST /v1/search 200 368695 - 405.350 ms\n"}
{"meta":{"serverLogs":"server-logs"},"level":"info","message":"Sat Sep 04 2021 03:05:40 GMT+0000 (Coordinated Universal Time) POST /v1/search 200 368697 - 593.389 ms\n"}
{"meta":{"serverLogs":"server-logs"},"level":"info","message":"Sat Sep 04 2021 03:05:40 GMT+0000 (Coordinated Universal Time) POST /v1/search 200 368697 - 670.202 ms\n"}
{"meta":{"serverLogs":"server-logs"},"level":"info","message":"Sat Sep 04 2021 03:06:49 GMT+0000 (Coordinated Universal Time) POST /v1/search 200 368696 - 230.156 ms\n"}
{"meta":{"serverLogs":"server-logs"},"level":"info","message":"Sat Sep 04 2021 03:06:49 GMT+0000 (Coordinated Universal Time) POST /v1/search 200 368696 - 314.803 ms\n"}
{"meta":{"serverLogs":"server-logs"},"level":"info","message":"Sat Sep 04 2021 03:09:42 GMT+0000 (Coordinated Universal Time) POST /v1/search 200 368696 - 250.088 ms\n"}
{"meta":{"serverLogs":"server-logs"},"level":"info","message":"Sat Sep 04 2021 03:09:42 GMT+0000 (Coordinated Universal Time) POST /v1/search 200 368694 - 430.011 ms\n"}
{"meta":{"serverLogs":"server-logs"},"level":"info","message":"Sat Sep 04 2021 03:21:18 GMT+0000 (Coordinated Universal Time) POST /v1/search 200 368696 - 375.263 ms\n"}
{"meta":{"serverLogs":"server-logs"},"level":"info","message":"Sat Sep 04 2021 03:21:19 GMT+0000 (Coordinated Universal Time) POST /v1/search 200 368697 - 625.606 ms\n"}
{"meta":{"serverLogs":"server-logs"},"level":"info","message":"Sat Sep 04 2021 03:22:45 GMT+0000 (Coordinated Universal Time) POST /v1/search 200 368696 - 223.716 ms\n"}
{"meta":{"serverLogs":"server-logs"},"level":"info","message":"Sat Sep 04 2021 03:22:45 GMT+0000 (Coordinated Universal Time) POST /v1/search 200 368695 - 330.474 ms\n"}
{"meta":{"serverLogs":"server-logs"},"level":"info","message":"Sat Sep 04 2021 03:23:03 GMT+0000 (Coordinated Universal Time) POST /v1/search 200 368696 - 252.017 ms\n"}
{"meta":{"serverLogs":"server-logs"},"level":"info","message":"Sat Sep 04 2021 03:23:03 GMT+0000 (Coordinated Universal Time) POST /v1/search 200 368695 - 399.214 ms\n"}
{"meta":{"serverLogs":"server-logs"},"level":"info","message":"Sat Sep 04 2021 03:32:38 GMT+0000 (Coordinated Universal Time) POST /v1/search 200 368696 - 226.404 ms\n"}
{"meta":{"serverLogs":"server-logs"},"level":"info","message":"Sat Sep 04 2021 03:32:38 GMT+0000 (Coordinated Universal Time) POST /v1/search 200 368696 - 376.477 ms\n"}
{"meta":{"serverLogs":"server-logs"},"level":"info","message":"Sat Sep 04 2021 03:33:31 GMT+0000 (Coordinated Universal Time) POST /v1/search 200 368696 - 332.806 ms\n"}
{"meta":{"serverLogs":"server-logs"},"level":"info","message":"Sat Sep 04 2021 03:33:31 GMT+0000 (Coordinated Universal Time) POST /v1/search 200 368695 - 403.935 ms\n"}
{"meta":{"serverLogs":"server-logs"},"level":"info","message":"Sat Sep 04 2021 03:35:52 GMT+0000 (Coordinated Universal Time) POST /v1/search 200 368695 - 327.691 ms\n"}
{"meta":{"serverLogs":"server-logs"},"level":"info","message":"Sat Sep 04 2021 03:35:52 GMT+0000 (Coordinated Universal Time) POST /v1/search 200 368696 - 351.636 ms\n"}
{"meta":{"serverLogs":"server-logs"},"level":"info","message":"Sat Sep 04 2021 03:36:07 GMT+0000 (Coordinated Universal Time) POST /v1/search 200 368696 - 429.368 ms\n"}
{"meta":{"serverLogs":"server-logs"},"level":"info","message":"Sat Sep 04 2021 03:36:07 GMT+0000 (Coordinated Universal Time) POST /v1/search 200 368696 - 560.524 ms\n"}
{"meta":{"serverLogs":"server-logs"},"level":"info","message":"Sat Sep 04 2021 03:36:43 GMT+0000 (Coordinated Universal Time) POST /v1/search 200 368696 - 299.894 ms\n"}
{"meta":{"serverLogs":"server-logs"},"level":"info","message":"Sat Sep 04 2021 03:36:43 GMT+0000 (Coordinated Universal Time) POST /v1/search 200 368696 - 418.251 ms\n"}
{"meta":{"serverLogs":"server-logs"},"level":"info","message":"Sat Sep 04 2021 03:40:38 GMT+0000 (Coordinated Universal Time) POST /v1/search 200 368696 - 551.235 ms\n"}
{"meta":{"serverLogs":"server-logs"},"level":"info","message":"Sat Sep 04 2021 03:40:38 GMT+0000 (Coordinated Universal Time) POST /v1/search 200 368697 - 726.071 ms\n"}
{"meta":{"serverLogs":"server-logs"},"level":"info","message":"Sat Sep 04 2021 03:40:50 GMT+0000 (Coordinated Universal Time) POST /v1/search 200 368696 - 451.758 ms\n"}
{"meta":{"serverLogs":"server-logs"},"level":"info","message":"Sat Sep 04 2021 03:40:50 GMT+0000 (Coordinated Universal Time) POST /v1/search 200 368695 - 606.447 ms\n"}
{"meta":{"serverLogs":"server-logs"},"level":"info","message":"Sat Sep 04 2021 03:41:38 GMT+0000 (Coordinated Universal Time) POST /v1/login 200 516 - 6591.296 ms\n"}
{"meta":{"serverLogs":"server-logs"},"level":"info","message":"Sat Sep 04 2021 03:42:06 GMT+0000 (Coordinated Universal Time) POST /v1/my_post 200 83 - 64.857 ms\n"}
{"meta":{"serverLogs":"server-logs"},"level":"info","message":"Sat Sep 04 2021 03:42:08 GMT+0000 (Coordinated Universal Time) POST /v1/syc_local 200 99 - 240.472 ms\n"}
{"meta":{"serverLogs":"server-logs"},"level":"info","message":"Sat Sep 04 2021 03:44:23 GMT+0000 (Coordinated Universal Time) POST /v1/search 200 368696 - 414.419 ms\n"}
{"meta":{"serverLogs":"server-logs"},"level":"info","message":"Sat Sep 04 2021 03:44:23 GMT+0000 (Coordinated Universal Time) POST /v1/search 200 368696 - 658.611 ms\n"}
{"meta":{"serverLogs":"server-logs"},"level":"info","message":"Sat Sep 04 2021 03:58:13 GMT+0000 (Coordinated Universal Time) POST /v1/search 200 368697 - 591.894 ms\n"}
{"meta":{"serverLogs":"server-logs"},"level":"info","message":"Sat Sep 04 2021 03:58:13 GMT+0000 (Coordinated Universal Time) POST /v1/search 200 368696 - 703.906 ms\n"}
{"meta":{"serverLogs":"server-logs"},"level":"info","message":"Sat Sep 04 2021 04:49:54 GMT+0000 (Coordinated Universal Time) POST /v1/search 200 368696 - 903.154 ms\n"}
{"meta":{"serverLogs":"server-logs"},"level":"info","message":"Sat Sep 04 2021 04:49:54 GMT+0000 (Coordinated Universal Time) POST /v1/search 200 368696 - 1043.668 ms\n"}
{"meta":{"serverLogs":"server-logs"},"level":"info","message":"Sat Sep 04 2021 04:52:51 GMT+0000 (Coordinated Universal Time) POST /v1/syc_local 200 99 - 264.159 ms\n"}
{"meta":{"serverLogs":"server-logs"},"level":"info","message":"Sat Sep 04 2021 04:57:06 GMT+0000 (Coordinated Universal Time) POST /v1/search 200 368695 - 398.986 ms\n"}
{"meta":{"serverLogs":"server-logs"},"level":"info","message":"Sat Sep 04 2021 04:57:06 GMT+0000 (Coordinated Universal Time) POST /v1/search 200 368696 - 622.471 ms\n"}
{"meta":{"serverLogs":"server-logs"},"level":"info","message":"Sat Sep 04 2021 05:06:23 GMT+0000 (Coordinated Universal Time) POST /v1/search 200 368696 - 396.891 ms\n"}
{"meta":{"serverLogs":"server-logs"},"level":"info","message":"Sat Sep 04 2021 05:06:23 GMT+0000 (Coordinated Universal Time) POST /v1/search 200 368696 - 335.633 ms\n"}
{"meta":{"serverLogs":"server-logs"},"level":"info","message":"Sat Sep 04 2021 05:06:44 GMT+0000 (Coordinated Universal Time) POST /v1/search 200 368696 - 340.626 ms\n"}
{"meta":{"serverLogs":"server-logs"},"level":"info","message":"Sat Sep 04 2021 05:06:44 GMT+0000 (Coordinated Universal Time) POST /v1/search 200 368696 - 440.042 ms\n"}
{"meta":{"serverLogs":"server-logs"},"level":"info","message":"Sat Sep 04 2021 05:08:45 GMT+0000 (Coordinated Universal Time) POST /v1/search 200 368695 - 204.535 ms\n"}
{"meta":{"serverLogs":"server-logs"},"level":"info","message":"Sat Sep 04 2021 05:08:45 GMT+0000 (Coordinated Universal Time) POST /v1/search 200 368696 - 289.785 ms\n"}
{"meta":{"serverLogs":"server-logs"},"level":"info","message":"Sat Sep 04 2021 05:14:02 GMT+0000 (Coordinated Universal Time) POST /v1/search 200 368697 - 238.861 ms\n"}
{"meta":{"serverLogs":"server-logs"},"level":"info","message":"Sat Sep 04 2021 05:14:03 GMT+0000 (Coordinated Universal Time) POST /v1/search 200 368696 - 344.741 ms\n"}
{"meta":{"serverLogs":"server-logs"},"level":"info","message":"Sat Sep 04 2021 05:14:58 GMT+0000 (Coordinated Universal Time) POST /v1/search 200 368696 - 296.607 ms\n"}
{"meta":{"serverLogs":"server-logs"},"level":"info","message":"Sat Sep 04 2021 05:14:58 GMT+0000 (Coordinated Universal Time) POST /v1/search 200 368696 - 341.024 ms\n"}
{"meta":{"serverLogs":"server-logs"},"level":"info","message":"Sat Sep 04 2021 05:15:58 GMT+0000 (Coordinated Universal Time) POST /v1/search 200 368696 - 375.066 ms\n"}
{"meta":{"serverLogs":"server-logs"},"level":"info","message":"Sat Sep 04 2021 05:15:59 GMT+0000 (Coordinated Universal Time) POST /v1/search 200 368696 - 895.897 ms\n"}
{"meta":{"serverLogs":"server-logs"},"level":"info","message":"Sat Sep 04 2021 05:17:43 GMT+0000 (Coordinated Universal Time) POST /v1/search 200 368697 - 193.239 ms\n"}
{"meta":{"serverLogs":"server-logs"},"level":"info","message":"Sat Sep 04 2021 05:17:43 GMT+0000 (Coordinated Universal Time) POST /v1/search 200 368696 - 241.169 ms\n"}
{"meta":{"serverLogs":"server-logs"},"level":"info","message":"Sat Sep 04 2021 05:22:04 GMT+0000 (Coordinated Universal Time) POST /v1/search 200 368695 - 324.161 ms\n"}
{"meta":{"serverLogs":"server-logs"},"level":"info","message":"Sat Sep 04 2021 05:22:04 GMT+0000 (Coordinated Universal Time) POST /v1/search 200 368696 - 185.075 ms\n"}
{"meta":{"serverLogs":"server-logs"},"level":"info","message":"Sat Sep 04 2021 05:22:13 GMT+0000 (Coordinated Universal Time) POST /v1/search 200 368696 - 356.316 ms\n"}
{"meta":{"serverLogs":"server-logs"},"level":"info","message":"Sat Sep 04 2021 05:22:13 GMT+0000 (Coordinated Universal Time) POST /v1/search 200 368696 - 528.883 ms\n"}
{"meta":{"serverLogs":"server-logs"},"level":"info","message":"Sat Sep 04 2021 05:23:00 GMT+0000 (Coordinated Universal Time) POST /v1/search 200 368696 - 439.169 ms\n"}
{"meta":{"serverLogs":"server-logs"},"level":"info","message":"Sat Sep 04 2021 05:23:00 GMT+0000 (Coordinated Universal Time) POST /v1/search 200 368696 - 624.609 ms\n"}
{"meta":{"serverLogs":"server-logs"},"level":"info","message":"Sat Sep 04 2021 05:29:32 GMT+0000 (Coordinated Universal Time) POST /v1/search 200 368696 - 183.871 ms\n"}
{"meta":{"serverLogs":"server-logs"},"level":"info","message":"Sat Sep 04 2021 05:29:32 GMT+0000 (Coordinated Universal Time) POST /v1/search 200 368697 - 384.168 ms\n"}
{"meta":{"serverLogs":"server-logs"},"level":"info","message":"Sat Sep 04 2021 05:31:19 GMT+0000 (Coordinated Universal Time) POST /v1/search 200 368695 - 178.263 ms\n"}
{"meta":{"serverLogs":"server-logs"},"level":"info","message":"Sat Sep 04 2021 05:31:19 GMT+0000 (Coordinated Universal Time) POST /v1/search 200 368696 - 263.548 ms\n"}
{"meta":{"serverLogs":"server-logs"},"level":"info","message":"Sat Sep 04 2021 05:31:42 GMT+0000 (Coordinated Universal Time) POST /v1/syc_local 200 99 - 295.653 ms\n"}
{"meta":{"serverLogs":"server-logs"},"level":"info","message":"Sat Sep 04 2021 05:32:42 GMT+0000 (Coordinated Universal Time) POST /v1/search 200 368696 - 596.368 ms\n"}
{"meta":{"serverLogs":"server-logs"},"level":"info","message":"Sat Sep 04 2021 05:32:43 GMT+0000 (Coordinated Universal Time) POST /v1/search 200 368696 - 876.274 ms\n"}
{"meta":{"serverLogs":"server-logs"},"level":"info","message":"Sat Sep 04 2021 05:33:09 GMT+0000 (Coordinated Universal Time) POST /v1/search 200 368696 - 195.554 ms\n"}
{"meta":{"serverLogs":"server-logs"},"level":"info","message":"Sat Sep 04 2021 05:33:09 GMT+0000 (Coordinated Universal Time) POST /v1/search 200 368696 - 424.189 ms\n"}
{"meta":{"serverLogs":"server-logs"},"level":"info","message":"Sat Sep 04 2021 05:35:44 GMT+0000 (Coordinated Universal Time) POST /v1/search 200 368697 - 347.106 ms\n"}
{"meta":{"serverLogs":"server-logs"},"level":"info","message":"Sat Sep 04 2021 05:35:44 GMT+0000 (Coordinated Universal Time) POST /v1/search 200 368697 - 423.276 ms\n"}
{"meta":{"serverLogs":"server-logs"},"level":"info","message":"Sat Sep 04 2021 15:00:02 GMT+0000 (Coordinated Universal Time) POST /v1/search 200 368697 - 326.007 ms\n"}
{"meta":{"serverLogs":"server-logs"},"level":"info","message":"Sat Sep 04 2021 15:00:02 GMT+0000 (Coordinated Universal Time) POST /v1/search 200 368697 - 688.090 ms\n"}
{"meta":{"serverLogs":"server-logs"},"level":"info","message":"Sat Sep 04 2021 15:00:22 GMT+0000 (Coordinated Universal Time) POST /v1/syc_local 200 99 - 344.505 ms\n"}
{"meta":{"serverLogs":"server-logs"},"level":"info","message":"Sat Sep 04 2021 15:00:29 GMT+0000 (Coordinated Universal Time) POST /v1/my_post 200 83 - 23.175 ms\n"}
{"meta":{"serverLogs":"server-logs"},"level":"info","message":"Sat Sep 04 2021 15:00:58 GMT+0000 (Coordinated Universal Time) POST /v1/syc_local 200 99 - 399.434 ms\n"}
{"meta":{"serverLogs":"server-logs"},"level":"info","message":"Sat Sep 04 2021 15:03:55 GMT+0000 (Coordinated Universal Time) POST /v1/syc_local 200 99 - 687.826 ms\n"}
{"meta":{"serverLogs":"server-logs"},"level":"info","message":"Sat Sep 04 2021 15:04:30 GMT+0000 (Coordinated Universal Time) POST /v1/search 200 368697 - 485.233 ms\n"}
{"meta":{"serverLogs":"server-logs"},"level":"info","message":"Sat Sep 04 2021 15:04:30 GMT+0000 (Coordinated Universal Time) POST /v1/search 200 368697 - 554.868 ms\n"}
{"meta":{"serverLogs":"server-logs"},"level":"info","message":"Sat Sep 04 2021 15:04:41 GMT+0000 (Coordinated Universal Time) POST /v1/syc_local 200 99 - 187.223 ms\n"}
{"meta":{"serverLogs":"server-logs"},"level":"info","message":"Sat Sep 04 2021 15:06:18 GMT+0000 (Coordinated Universal Time) POST /v1/search 200 368696 - 507.132 ms\n"}
{"meta":{"serverLogs":"server-logs"},"level":"info","message":"Sat Sep 04 2021 15:06:19 GMT+0000 (Coordinated Universal Time) POST /v1/search 200 368696 - 584.003 ms\n"}
{"meta":{"serverLogs":"server-logs"},"level":"info","message":"Sat Sep 04 2021 15:11:21 GMT+0000 (Coordinated Universal Time) POST /v1/search 200 368696 - 613.723 ms\n"}
{"meta":{"serverLogs":"server-logs"},"level":"info","message":"Sat Sep 04 2021 15:11:21 GMT+0000 (Coordinated Universal Time) POST /v1/search 200 368696 - 917.959 ms\n"}
{"meta":{"serverLogs":"server-logs"},"level":"info","message":"Sat Sep 04 2021 15:26:20 GMT+0000 (Coordinated Universal Time) GET / 304 - - 143.812 ms\n"}
{"meta":{"serverLogs":"server-logs"},"level":"info","message":"Sat Sep 04 2021 15:26:21 GMT+0000 (Coordinated Universal Time) GET /favicon.ico 404 150 - 36.047 ms\n"}
{"meta":{"serverLogs":"server-logs"},"level":"info","message":"Sat Sep 04 2021 15:32:43 GMT+0000 (Coordinated Universal Time) GET / 304 - - 287.651 ms\n"}
{"meta":{"serverLogs":"server-logs"},"level":"info","message":"Sat Sep 04 2021 15:35:04 GMT+0000 (Coordinated Universal Time) GET / 304 - - 232.750 ms\n"}
{"meta":{"serverLogs":"server-logs"},"level":"info","message":"Sat Sep 04 2021 15:40:04 GMT+0000 (Coordinated Universal Time) GET / 304 - - 1534.142 ms\n"}
{"meta":{"serverLogs":"server-logs"},"level":"info","message":"Sat Sep 04 2021 16:06:11 GMT+0000 (Coordinated Universal Time) GET / 304 - - 283.928 ms\n"}
{"meta":{"serverLogs":"server-logs"},"level":"info","message":"Sat Sep 04 2021 16:19:09 GMT+0000 (Coordinated Universal Time) GET / 304 - - 76.575 ms\n"}
{"meta":{"serverLogs":"server-logs"},"level":"info","message":"Sat Sep 04 2021 16:30:10 GMT+0000 (Coordinated Universal Time) GET / 304 - - 1026.501 ms\n"}
{"meta":{"serverLogs":"server-logs"},"level":"info","message":"Sat Sep 04 2021 16:30:13 GMT+0000 (Coordinated Universal Time) GET / 304 - - 52.170 ms\n"}
{"meta":{"serverLogs":"server-logs"},"level":"info","message":"Sat Sep 04 2021 16:32:09 GMT+0000 (Coordinated Universal Time) GET / 304 - - 197.615 ms\n"}
{"meta":{"serverLogs":"server-logs"},"level":"info","message":"Sat Sep 04 2021 16:33:46 GMT+0000 (Coordinated Universal Time) GET / 304 - - 714.598 ms\n"}
{"meta":{"serverLogs":"server-logs"},"level":"info","message":"Sat Sep 04 2021 16:58:18 GMT+0000 (Coordinated Universal Time) GET / 304 - - 34.604 ms\n"}
{"meta":{"serverLogs":"server-logs"},"level":"info","message":"Sat Sep 04 2021 16:59:43 GMT+0000 (Coordinated Universal Time) GET / 304 - - 41.207 ms\n"}
{"meta":{"serverLogs":"server-logs"},"level":"info","message":"Sat Sep 04 2021 17:04:41 GMT+0000 (Coordinated Universal Time) GET / 304 - - 433.401 ms\n"}
{"meta":{"serverLogs":"server-logs"},"level":"info","message":"Sat Sep 04 2021 17:12:45 GMT+0000 (Coordinated Universal Time) GET / 304 - - 316.710 ms\n"}
{"meta":{"serverLogs":"server-logs"},"level":"info","message":"Sat Sep 04 2021 17:14:01 GMT+0000 (Coordinated Universal Time) GET / 304 - - 198.698 ms\n"}
{"meta":{"serverLogs":"server-logs"},"level":"info","message":"Sat Sep 04 2021 17:28:53 GMT+0000 (Coordinated Universal Time) POST /v1/search 200 175714 - 476.474 ms\n"}
{"meta":{"serverLogs":"server-logs"},"level":"info","message":"Sat Sep 04 2021 17:28:53 GMT+0000 (Coordinated Universal Time) POST /v1/search 200 175714 - 540.082 ms\n"}
{"meta":{"serverLogs":"server-logs"},"level":"info","message":"Sat Sep 04 2021 17:29:21 GMT+0000 (Coordinated Universal Time) POST /v1/syc_local 200 99 - 414.400 ms\n"}
{"meta":{"serverLogs":"server-logs"},"level":"info","message":"Sat Sep 04 2021 17:30:07 GMT+0000 (Coordinated Universal Time) POST /v1/search 200 176868 - 125.590 ms\n"}
{"meta":{"serverLogs":"server-logs"},"level":"info","message":"Sat Sep 04 2021 17:30:07 GMT+0000 (Coordinated Universal Time) POST /v1/search 200 176868 - 266.091 ms\n"}
{"meta":{"serverLogs":"server-logs"},"level":"info","message":"Sat Sep 04 2021 17:30:37 GMT+0000 (Coordinated Universal Time) POST /v1/login 200 429 - 5061.744 ms\n"}
{"meta":{"serverLogs":"server-logs"},"level":"info","message":"Sat Sep 04 2021 17:30:58 GMT+0000 (Coordinated Universal Time) POST /v1/syc_local 200 99 - 85.335 ms\n"}
{"meta":{"serverLogs":"server-logs"},"level":"info","message":"Sat Sep 04 2021 17:33:00 GMT+0000 (Coordinated Universal Time) POST /v1/syc_local 200 99 - 183.670 ms\n"}
{"meta":{"serverLogs":"server-logs"},"level":"info","message":"Sat Sep 04 2021 17:37:09 GMT+0000 (Coordinated Universal Time) POST /v1/search 200 177053 - 285.061 ms\n"}
{"meta":{"serverLogs":"server-logs"},"level":"info","message":"Sat Sep 04 2021 17:37:09 GMT+0000 (Coordinated Universal Time) POST /v1/search 200 177051 - 357.076 ms\n"}
