{"meta":{"serverLogs":"server-logs"},"level":"info","message":"Tue Sep 14 2021 01:39:18 GMT+0000 (Coordinated Universal Time) POST /v1/search 200 393104 - 733.993 ms\n"}
{"meta":{"serverLogs":"server-logs"},"level":"info","message":"Tue Sep 14 2021 01:39:50 GMT+0000 (Coordinated Universal Time) POST /v1/login 200 43535 - 93.646 ms\n"}
{"meta":{"serverLogs":"server-logs"},"level":"info","message":"Tue Sep 14 2021 01:40:27 GMT+0000 (Coordinated Universal Time) POST /v1/search 200 393103 - 197.678 ms\n"}
{"meta":{"serverLogs":"server-logs"},"level":"info","message":"Tue Sep 14 2021 04:01:29 GMT+0000 (Coordinated Universal Time) POST /v1/search 200 393104 - 655.166 ms\n"}
{"meta":{"serverLogs":"server-logs"},"level":"info","message":"Tue Sep 14 2021 04:15:37 GMT+0000 (Coordinated Universal Time) POST /v1/search 200 393104 - 293.518 ms\n"}
{"meta":{"serverLogs":"server-logs"},"level":"info","message":"Tue Sep 14 2021 05:04:16 GMT+0000 (Coordinated Universal Time) POST /v1/search 200 393103 - 846.965 ms\n"}
{"meta":{"serverLogs":"server-logs"},"level":"info","message":"Tue Sep 14 2021 05:13:38 GMT+0000 (Coordinated Universal Time) POST /v1/search 200 393104 - 224.454 ms\n"}
{"meta":{"serverLogs":"server-logs"},"level":"info","message":"Tue Sep 14 2021 05:23:19 GMT+0000 (Coordinated Universal Time) POST /v1/search 200 393102 - 333.676 ms\n"}
{"meta":{"serverLogs":"server-logs"},"level":"info","message":"Tue Sep 14 2021 05:26:19 GMT+0000 (Coordinated Universal Time) POST /v1/search 200 393103 - 461.261 ms\n"}
{"meta":{"serverLogs":"server-logs"},"level":"info","message":"Tue Sep 14 2021 05:26:24 GMT+0000 (Coordinated Universal Time) POST /v1/logout 200 72 - 28.496 ms\n"}
{"meta":{"serverLogs":"server-logs"},"level":"info","message":"Tue Sep 14 2021 05:26:34 GMT+0000 (Coordinated Universal Time) POST /v1/login 200 43536 - 69.529 ms\n"}
{"meta":{"serverLogs":"server-logs"},"level":"info","message":"Tue Sep 14 2021 05:28:57 GMT+0000 (Coordinated Universal Time) POST /v1/search 200 393103 - 247.989 ms\n"}
{"meta":{"serverLogs":"server-logs"},"level":"info","message":"Tue Sep 14 2021 05:29:02 GMT+0000 (Coordinated Universal Time) POST /v1/logout 200 72 - 33.727 ms\n"}
{"meta":{"serverLogs":"server-logs"},"level":"info","message":"Tue Sep 14 2021 05:30:04 GMT+0000 (Coordinated Universal Time) POST /v1/search 200 393102 - 203.384 ms\n"}
{"meta":{"serverLogs":"server-logs"},"level":"info","message":"Tue Sep 14 2021 05:32:10 GMT+0000 (Coordinated Universal Time) POST /v1/login 200 43536 - 57.634 ms\n"}
{"meta":{"serverLogs":"server-logs"},"level":"info","message":"Tue Sep 14 2021 05:56:02 GMT+0000 (Coordinated Universal Time) POST /v1/search 200 393104 - 227.214 ms\n"}
{"meta":{"serverLogs":"server-logs"},"level":"info","message":"Tue Sep 14 2021 05:59:02 GMT+0000 (Coordinated Universal Time) POST /v1/search 200 393103 - 173.618 ms\n"}
{"meta":{"serverLogs":"server-logs"},"level":"info","message":"Tue Sep 14 2021 06:00:53 GMT+0000 (Coordinated Universal Time) POST /v1/search 200 393103 - 183.735 ms\n"}
{"meta":{"serverLogs":"server-logs"},"level":"info","message":"Tue Sep 14 2021 06:02:06 GMT+0000 (Coordinated Universal Time) POST /v1/search 200 393103 - 174.608 ms\n"}
{"meta":{"serverLogs":"server-logs"},"level":"info","message":"Tue Sep 14 2021 06:07:19 GMT+0000 (Coordinated Universal Time) POST /v1/search 200 393104 - 227.559 ms\n"}
{"meta":{"serverLogs":"server-logs"},"level":"info","message":"Tue Sep 14 2021 06:08:41 GMT+0000 (Coordinated Universal Time) POST /v1/search 200 393103 - 170.558 ms\n"}
{"meta":{"serverLogs":"server-logs"},"level":"info","message":"Tue Sep 14 2021 06:10:56 GMT+0000 (Coordinated Universal Time) POST /v1/search 200 393103 - 301.637 ms\n"}
{"meta":{"serverLogs":"server-logs"},"level":"info","message":"Tue Sep 14 2021 06:12:16 GMT+0000 (Coordinated Universal Time) POST /v1/search 200 393103 - 174.745 ms\n"}
{"meta":{"serverLogs":"server-logs"},"level":"info","message":"Tue Sep 14 2021 06:12:35 GMT+0000 (Coordinated Universal Time) POST /v1/search 200 393103 - 170.435 ms\n"}
{"meta":{"serverLogs":"server-logs"},"level":"info","message":"Tue Sep 14 2021 06:13:03 GMT+0000 (Coordinated Universal Time) POST /v1/search 200 393102 - 167.077 ms\n"}
{"meta":{"serverLogs":"server-logs"},"level":"info","message":"Tue Sep 14 2021 06:14:14 GMT+0000 (Coordinated Universal Time) POST /v1/search 200 393103 - 199.044 ms\n"}
{"meta":{"serverLogs":"server-logs"},"level":"info","message":"Tue Sep 14 2021 06:15:44 GMT+0000 (Coordinated Universal Time) POST /v1/search 200 393103 - 185.301 ms\n"}
{"meta":{"serverLogs":"server-logs"},"level":"info","message":"Tue Sep 14 2021 06:21:17 GMT+0000 (Coordinated Universal Time) POST /v1/search 200 393104 - 261.964 ms\n"}
{"meta":{"serverLogs":"server-logs"},"level":"info","message":"Tue Sep 14 2021 06:23:36 GMT+0000 (Coordinated Universal Time) POST /v1/search 200 393103 - 250.759 ms\n"}
{"meta":{"serverLogs":"server-logs"},"level":"info","message":"Tue Sep 14 2021 06:24:15 GMT+0000 (Coordinated Universal Time) POST /v1/logout 200 72 - 23.584 ms\n"}
{"meta":{"serverLogs":"server-logs"},"level":"info","message":"Tue Sep 14 2021 06:24:58 GMT+0000 (Coordinated Universal Time) POST /v1/search 200 393103 - 251.975 ms\n"}
{"meta":{"serverLogs":"server-logs"},"level":"info","message":"Tue Sep 14 2021 06:26:23 GMT+0000 (Coordinated Universal Time) POST /v1/search 200 393103 - 171.572 ms\n"}
{"meta":{"serverLogs":"server-logs"},"level":"info","message":"Tue Sep 14 2021 06:28:12 GMT+0000 (Coordinated Universal Time) POST /v1/search 200 393103 - 207.287 ms\n"}
{"meta":{"serverLogs":"server-logs"},"level":"info","message":"Tue Sep 14 2021 06:28:35 GMT+0000 (Coordinated Universal Time) POST /v1/search 200 393103 - 269.826 ms\n"}
{"meta":{"serverLogs":"server-logs"},"level":"info","message":"Tue Sep 14 2021 06:29:27 GMT+0000 (Coordinated Universal Time) POST /v1/search 200 393103 - 163.983 ms\n"}
{"meta":{"serverLogs":"server-logs"},"level":"info","message":"Tue Sep 14 2021 06:30:06 GMT+0000 (Coordinated Universal Time) POST /v1/search 200 393103 - 158.699 ms\n"}
{"meta":{"serverLogs":"server-logs"},"level":"info","message":"Tue Sep 14 2021 06:32:03 GMT+0000 (Coordinated Universal Time) POST /v1/search 200 393104 - 188.810 ms\n"}
{"meta":{"serverLogs":"server-logs"},"level":"info","message":"Tue Sep 14 2021 06:33:49 GMT+0000 (Coordinated Universal Time) POST /v1/search 200 393103 - 205.738 ms\n"}
{"meta":{"serverLogs":"server-logs"},"level":"info","message":"Tue Sep 14 2021 06:34:18 GMT+0000 (Coordinated Universal Time) POST /v1/search 200 393103 - 234.012 ms\n"}
{"meta":{"serverLogs":"server-logs"},"level":"info","message":"Tue Sep 14 2021 06:35:16 GMT+0000 (Coordinated Universal Time) POST /v1/search 200 393102 - 194.554 ms\n"}
{"meta":{"serverLogs":"server-logs"},"level":"info","message":"Tue Sep 14 2021 06:36:18 GMT+0000 (Coordinated Universal Time) POST /v1/search 200 393103 - 285.568 ms\n"}
{"meta":{"serverLogs":"server-logs"},"level":"info","message":"Tue Sep 14 2021 06:36:24 GMT+0000 (Coordinated Universal Time) POST /v1/get_followers 200 34 - 20.967 ms\n"}
{"meta":{"serverLogs":"server-logs"},"level":"info","message":"Tue Sep 14 2021 06:36:29 GMT+0000 (Coordinated Universal Time) POST /v1/get_followers 200 34 - 8.102 ms\n"}
{"meta":{"serverLogs":"server-logs"},"level":"info","message":"Tue Sep 14 2021 06:36:35 GMT+0000 (Coordinated Universal Time) POST /v1/search 200 393103 - 203.034 ms\n"}
{"meta":{"serverLogs":"server-logs"},"level":"info","message":"Tue Sep 14 2021 06:39:07 GMT+0000 (Coordinated Universal Time) POST /v1/search 200 393103 - 159.413 ms\n"}
{"meta":{"serverLogs":"server-logs"},"level":"info","message":"Tue Sep 14 2021 06:40:35 GMT+0000 (Coordinated Universal Time) POST /v1/get_followers 200 34 - 16.753 ms\n"}
{"meta":{"serverLogs":"server-logs"},"level":"info","message":"Tue Sep 14 2021 06:46:50 GMT+0000 (Coordinated Universal Time) POST /v1/search 200 393104 - 218.127 ms\n"}
{"meta":{"serverLogs":"server-logs"},"level":"info","message":"Tue Sep 14 2021 06:46:55 GMT+0000 (Coordinated Universal Time) POST /v1/get_followers 200 34 - 14.249 ms\n"}
{"meta":{"serverLogs":"server-logs"},"level":"info","message":"Tue Sep 14 2021 06:48:52 GMT+0000 (Coordinated Universal Time) POST /v1/search 200 393103 - 184.327 ms\n"}
{"meta":{"serverLogs":"server-logs"},"level":"info","message":"Tue Sep 14 2021 06:49:22 GMT+0000 (Coordinated Universal Time) POST /v1/search 200 393103 - 212.046 ms\n"}
{"meta":{"serverLogs":"server-logs"},"level":"info","message":"Tue Sep 14 2021 06:49:38 GMT+0000 (Coordinated Universal Time) POST /v1/get_followers 200 34 - 8.366 ms\n"}
{"meta":{"serverLogs":"server-logs"},"level":"info","message":"Tue Sep 14 2021 06:51:45 GMT+0000 (Coordinated Universal Time) POST /v1/search 200 393103 - 190.778 ms\n"}
{"meta":{"serverLogs":"server-logs"},"level":"info","message":"Tue Sep 14 2021 06:51:56 GMT+0000 (Coordinated Universal Time) POST /v1/get_followers 200 34 - 13.594 ms\n"}
{"meta":{"serverLogs":"server-logs"},"level":"info","message":"Tue Sep 14 2021 06:52:09 GMT+0000 (Coordinated Universal Time) POST /v1/search 200 393103 - 223.907 ms\n"}
{"meta":{"serverLogs":"server-logs"},"level":"info","message":"Tue Sep 14 2021 06:53:34 GMT+0000 (Coordinated Universal Time) POST /v1/search 200 393103 - 486.892 ms\n"}
{"meta":{"serverLogs":"server-logs"},"level":"info","message":"Tue Sep 14 2021 06:55:13 GMT+0000 (Coordinated Universal Time) POST /v1/search 200 393103 - 198.786 ms\n"}
{"meta":{"serverLogs":"server-logs"},"level":"info","message":"Tue Sep 14 2021 06:56:09 GMT+0000 (Coordinated Universal Time) POST /v1/search 200 393103 - 169.440 ms\n"}
{"meta":{"serverLogs":"server-logs"},"level":"info","message":"Tue Sep 14 2021 06:56:49 GMT+0000 (Coordinated Universal Time) POST /v1/search 200 393102 - 160.085 ms\n"}
{"meta":{"serverLogs":"server-logs"},"level":"info","message":"Tue Sep 14 2021 06:57:06 GMT+0000 (Coordinated Universal Time) POST /v1/get_followers 200 34 - 40.683 ms\n"}
{"meta":{"serverLogs":"server-logs"},"level":"info","message":"Tue Sep 14 2021 07:03:29 GMT+0000 (Coordinated Universal Time) POST /v1/search 200 393104 - 208.270 ms\n"}
{"meta":{"serverLogs":"server-logs"},"level":"info","message":"Tue Sep 14 2021 07:03:35 GMT+0000 (Coordinated Universal Time) POST /v1/get_followers 200 34 - 12.617 ms\n"}
{"meta":{"serverLogs":"server-logs"},"level":"info","message":"Tue Sep 14 2021 07:04:42 GMT+0000 (Coordinated Universal Time) POST /v1/get_followers 200 34 - 14.630 ms\n"}
{"meta":{"serverLogs":"server-logs"},"level":"info","message":"Tue Sep 14 2021 07:05:26 GMT+0000 (Coordinated Universal Time) POST /v1/search 200 393103 - 244.657 ms\n"}
{"meta":{"serverLogs":"server-logs"},"level":"info","message":"Tue Sep 14 2021 07:05:31 GMT+0000 (Coordinated Universal Time) POST /v1/get_followers 200 34 - 10.991 ms\n"}
{"meta":{"serverLogs":"server-logs"},"level":"info","message":"Tue Sep 14 2021 07:09:22 GMT+0000 (Coordinated Universal Time) POST /v1/search 200 393103 - 156.392 ms\n"}
{"meta":{"serverLogs":"server-logs"},"level":"info","message":"Tue Sep 14 2021 07:09:25 GMT+0000 (Coordinated Universal Time) POST /v1/get_followers 200 34 - 9.884 ms\n"}
{"meta":{"serverLogs":"server-logs"},"level":"info","message":"Tue Sep 14 2021 07:09:56 GMT+0000 (Coordinated Universal Time) POST /v1/search 200 393103 - 166.086 ms\n"}
{"meta":{"serverLogs":"server-logs"},"level":"info","message":"Tue Sep 14 2021 07:09:59 GMT+0000 (Coordinated Universal Time) POST /v1/get_followers 200 34 - 16.436 ms\n"}
{"meta":{"serverLogs":"server-logs"},"level":"info","message":"Tue Sep 14 2021 07:10:08 GMT+0000 (Coordinated Universal Time) POST /v1/search 200 393103 - 246.476 ms\n"}
{"meta":{"serverLogs":"server-logs"},"level":"info","message":"Tue Sep 14 2021 07:18:39 GMT+0000 (Coordinated Universal Time) POST /v1/get_followers 200 34 - 10.249 ms\n"}
{"meta":{"serverLogs":"server-logs"},"level":"info","message":"Tue Sep 14 2021 07:19:58 GMT+0000 (Coordinated Universal Time) POST /v1/search 200 393102 - 209.400 ms\n"}
{"meta":{"serverLogs":"server-logs"},"level":"info","message":"Tue Sep 14 2021 07:20:05 GMT+0000 (Coordinated Universal Time) POST /v1/get_followers 200 34 - 15.940 ms\n"}
{"meta":{"serverLogs":"server-logs"},"level":"info","message":"Tue Sep 14 2021 07:20:08 GMT+0000 (Coordinated Universal Time) POST /v1/search 200 393103 - 189.454 ms\n"}
{"meta":{"serverLogs":"server-logs"},"level":"info","message":"Tue Sep 14 2021 07:21:22 GMT+0000 (Coordinated Universal Time) POST /v1/search 200 393103 - 192.032 ms\n"}
{"meta":{"serverLogs":"server-logs"},"level":"info","message":"Tue Sep 14 2021 07:21:25 GMT+0000 (Coordinated Universal Time) POST /v1/get_followers 200 34 - 18.647 ms\n"}
{"meta":{"serverLogs":"server-logs"},"level":"info","message":"Tue Sep 14 2021 07:21:27 GMT+0000 (Coordinated Universal Time) POST /v1/search 200 393103 - 274.428 ms\n"}
{"meta":{"serverLogs":"server-logs"},"level":"info","message":"Tue Sep 14 2021 07:21:57 GMT+0000 (Coordinated Universal Time) POST /v1/search 200 393103 - 225.096 ms\n"}
{"meta":{"serverLogs":"server-logs"},"level":"info","message":"Tue Sep 14 2021 07:22:02 GMT+0000 (Coordinated Universal Time) POST /v1/search 200 393102 - 172.189 ms\n"}
{"meta":{"serverLogs":"server-logs"},"level":"info","message":"Tue Sep 14 2021 07:28:48 GMT+0000 (Coordinated Universal Time) POST /v1/search 200 393104 - 242.128 ms\n"}
{"meta":{"serverLogs":"server-logs"},"level":"info","message":"Tue Sep 14 2021 07:29:28 GMT+0000 (Coordinated Universal Time) POST /v1/search 200 393103 - 154.242 ms\n"}
{"meta":{"serverLogs":"server-logs"},"level":"info","message":"Tue Sep 14 2021 07:32:11 GMT+0000 (Coordinated Universal Time) POST /v1/search 200 393103 - 180.679 ms\n"}
{"meta":{"serverLogs":"server-logs"},"level":"info","message":"Tue Sep 14 2021 07:38:54 GMT+0000 (Coordinated Universal Time) POST /v1/search 200 393104 - 247.950 ms\n"}
{"meta":{"serverLogs":"server-logs"},"level":"info","message":"Tue Sep 14 2021 07:39:56 GMT+0000 (Coordinated Universal Time) POST /v1/search 200 393103 - 318.388 ms\n"}
{"meta":{"serverLogs":"server-logs"},"level":"info","message":"Tue Sep 14 2021 07:40:28 GMT+0000 (Coordinated Universal Time) POST /v1/search 200 393103 - 176.266 ms\n"}
{"meta":{"serverLogs":"server-logs"},"level":"info","message":"Tue Sep 14 2021 07:43:16 GMT+0000 (Coordinated Universal Time) POST /v1/search 200 393103 - 173.277 ms\n"}
{"meta":{"serverLogs":"server-logs"},"level":"info","message":"Tue Sep 14 2021 07:43:42 GMT+0000 (Coordinated Universal Time) POST /v1/search 200 393103 - 347.104 ms\n"}
{"meta":{"serverLogs":"server-logs"},"level":"info","message":"Tue Sep 14 2021 07:44:25 GMT+0000 (Coordinated Universal Time) POST /v1/search 200 393103 - 258.179 ms\n"}
{"meta":{"serverLogs":"server-logs"},"level":"info","message":"Tue Sep 14 2021 07:46:39 GMT+0000 (Coordinated Universal Time) POST /v1/search 200 393103 - 586.220 ms\n"}
{"meta":{"serverLogs":"server-logs"},"level":"info","message":"Tue Sep 14 2021 07:47:09 GMT+0000 (Coordinated Universal Time) POST /v1/search 200 393103 - 203.133 ms\n"}
{"meta":{"serverLogs":"server-logs"},"level":"info","message":"Tue Sep 14 2021 07:47:33 GMT+0000 (Coordinated Universal Time) POST /v1/search 200 393103 - 216.040 ms\n"}
{"meta":{"serverLogs":"server-logs"},"level":"info","message":"Tue Sep 14 2021 07:49:11 GMT+0000 (Coordinated Universal Time) POST /v1/search 200 393103 - 366.837 ms\n"}
{"meta":{"serverLogs":"server-logs"},"level":"info","message":"Tue Sep 14 2021 07:49:28 GMT+0000 (Coordinated Universal Time) POST /v1/search 200 393103 - 193.414 ms\n"}
{"meta":{"serverLogs":"server-logs"},"level":"info","message":"Tue Sep 14 2021 07:49:49 GMT+0000 (Coordinated Universal Time) POST /v1/search 200 393103 - 167.556 ms\n"}
{"meta":{"serverLogs":"server-logs"},"level":"info","message":"Tue Sep 14 2021 07:50:32 GMT+0000 (Coordinated Universal Time) POST /v1/search 200 393103 - 167.213 ms\n"}
{"meta":{"serverLogs":"server-logs"},"level":"info","message":"Tue Sep 14 2021 07:51:15 GMT+0000 (Coordinated Universal Time) POST /v1/search 200 393103 - 167.922 ms\n"}
{"meta":{"serverLogs":"server-logs"},"level":"info","message":"Tue Sep 14 2021 07:51:58 GMT+0000 (Coordinated Universal Time) POST /v1/search 200 393103 - 197.913 ms\n"}
{"meta":{"serverLogs":"server-logs"},"level":"info","message":"Tue Sep 14 2021 07:52:23 GMT+0000 (Coordinated Universal Time) POST /v1/search 200 393103 - 177.706 ms\n"}
{"meta":{"serverLogs":"server-logs"},"level":"info","message":"Tue Sep 14 2021 07:52:44 GMT+0000 (Coordinated Universal Time) POST /v1/search 200 393103 - 156.910 ms\n"}
{"meta":{"serverLogs":"server-logs"},"level":"info","message":"Tue Sep 14 2021 07:53:02 GMT+0000 (Coordinated Universal Time) POST /v1/search 200 393103 - 226.250 ms\n"}
{"meta":{"serverLogs":"server-logs"},"level":"info","message":"Tue Sep 14 2021 07:54:06 GMT+0000 (Coordinated Universal Time) POST /v1/search 200 393103 - 166.522 ms\n"}
{"meta":{"serverLogs":"server-logs"},"level":"info","message":"Tue Sep 14 2021 07:54:14 GMT+0000 (Coordinated Universal Time) POST /v1/search 200 393102 - 167.440 ms\n"}
{"meta":{"serverLogs":"server-logs"},"level":"info","message":"Tue Sep 14 2021 07:54:30 GMT+0000 (Coordinated Universal Time) POST /v1/search 200 393103 - 173.639 ms\n"}
{"meta":{"serverLogs":"server-logs"},"level":"info","message":"Tue Sep 14 2021 07:58:12 GMT+0000 (Coordinated Universal Time) POST /v1/search 200 393103 - 168.584 ms\n"}
{"meta":{"serverLogs":"server-logs"},"level":"info","message":"Tue Sep 14 2021 08:00:22 GMT+0000 (Coordinated Universal Time) POST /v1/login 200 43536 - 79.309 ms\n"}
{"meta":{"serverLogs":"server-logs"},"level":"info","message":"Tue Sep 14 2021 09:14:11 GMT+0000 (Coordinated Universal Time) POST /v1/get_followers 200 34 - 11.335 ms\n"}
{"meta":{"serverLogs":"server-logs"},"level":"info","message":"Tue Sep 14 2021 09:15:27 GMT+0000 (Coordinated Universal Time) POST /v1/search 200 393104 - 221.384 ms\n"}
{"meta":{"serverLogs":"server-logs"},"level":"info","message":"Tue Sep 14 2021 09:17:47 GMT+0000 (Coordinated Universal Time) POST /v1/search 200 393101 - 248.037 ms\n"}
{"meta":{"serverLogs":"server-logs"},"level":"info","message":"Tue Sep 14 2021 09:19:32 GMT+0000 (Coordinated Universal Time) POST /v1/search 200 393104 - 268.030 ms\n"}
{"meta":{"serverLogs":"server-logs"},"level":"info","message":"Tue Sep 14 2021 09:19:38 GMT+0000 (Coordinated Universal Time) POST /v1/search 200 393103 - 162.547 ms\n"}
{"meta":{"serverLogs":"server-logs"},"level":"info","message":"Tue Sep 14 2021 09:20:05 GMT+0000 (Coordinated Universal Time) POST /v1/search 200 393103 - 175.495 ms\n"}
{"meta":{"serverLogs":"server-logs"},"level":"info","message":"Tue Sep 14 2021 09:50:05 GMT+0000 (Coordinated Universal Time) POST /v1/search 200 393104 - 253.656 ms\n"}
{"meta":{"serverLogs":"server-logs"},"level":"info","message":"Tue Sep 14 2021 09:50:47 GMT+0000 (Coordinated Universal Time) POST /v1/search 200 393103 - 276.589 ms\n"}
{"meta":{"serverLogs":"server-logs"},"level":"info","message":"Tue Sep 14 2021 09:52:10 GMT+0000 (Coordinated Universal Time) POST /v1/search 200 393103 - 427.958 ms\n"}
{"meta":{"serverLogs":"server-logs"},"level":"info","message":"Tue Sep 14 2021 09:53:36 GMT+0000 (Coordinated Universal Time) POST /v1/search 200 393103 - 253.642 ms\n"}
{"meta":{"serverLogs":"server-logs"},"level":"info","message":"Tue Sep 14 2021 09:54:02 GMT+0000 (Coordinated Universal Time) POST /v1/search 200 393103 - 204.773 ms\n"}
{"meta":{"serverLogs":"server-logs"},"level":"info","message":"Tue Sep 14 2021 09:55:00 GMT+0000 (Coordinated Universal Time) POST /v1/search 200 393103 - 267.676 ms\n"}
{"meta":{"serverLogs":"server-logs"},"level":"info","message":"Tue Sep 14 2021 09:59:51 GMT+0000 (Coordinated Universal Time) POST /v1/search 200 393103 - 245.474 ms\n"}
{"meta":{"serverLogs":"server-logs"},"level":"info","message":"Tue Sep 14 2021 10:01:03 GMT+0000 (Coordinated Universal Time) POST /v1/search 200 393103 - 250.689 ms\n"}
{"meta":{"serverLogs":"server-logs"},"level":"info","message":"Tue Sep 14 2021 10:02:49 GMT+0000 (Coordinated Universal Time) POST /v1/get_followers 200 34 - 14.220 ms\n"}
{"meta":{"serverLogs":"server-logs"},"level":"info","message":"Tue Sep 14 2021 10:07:36 GMT+0000 (Coordinated Universal Time) POST /v1/search 200 393102 - 696.381 ms\n"}
{"meta":{"serverLogs":"server-logs"},"level":"info","message":"Tue Sep 14 2021 10:08:27 GMT+0000 (Coordinated Universal Time) POST /v1/search 200 393103 - 215.986 ms\n"}
{"meta":{"serverLogs":"server-logs"},"level":"info","message":"Tue Sep 14 2021 10:08:39 GMT+0000 (Coordinated Universal Time) POST /v1/search 200 393103 - 346.352 ms\n"}
{"meta":{"serverLogs":"server-logs"},"level":"info","message":"Tue Sep 14 2021 10:09:27 GMT+0000 (Coordinated Universal Time) POST /v1/search 200 393103 - 192.045 ms\n"}
{"meta":{"serverLogs":"server-logs"},"level":"info","message":"Tue Sep 14 2021 10:09:41 GMT+0000 (Coordinated Universal Time) POST /v1/get_html 200 10848 - 70.642 ms\n"}
{"meta":{"serverLogs":"server-logs"},"level":"info","message":"Tue Sep 14 2021 10:09:41 GMT+0000 (Coordinated Universal Time) POST /v1/get_html 200 10848 - 49.467 ms\n"}
{"meta":{"serverLogs":"server-logs"},"level":"info","message":"Tue Sep 14 2021 10:09:41 GMT+0000 (Coordinated Universal Time) POST /v1/get_html 200 10843 - 62.233 ms\n"}
{"meta":{"serverLogs":"server-logs"},"level":"info","message":"Tue Sep 14 2021 10:09:42 GMT+0000 (Coordinated Universal Time) POST /v1/get_html 200 10843 - 30.306 ms\n"}
{"meta":{"serverLogs":"server-logs"},"level":"info","message":"Tue Sep 14 2021 10:09:44 GMT+0000 (Coordinated Universal Time) POST /v1/get_html 200 10847 - 33.092 ms\n"}
{"meta":{"serverLogs":"server-logs"},"level":"info","message":"Tue Sep 14 2021 10:09:44 GMT+0000 (Coordinated Universal Time) POST /v1/get_html 200 10843 - 48.161 ms\n"}
{"meta":{"serverLogs":"server-logs"},"level":"info","message":"Tue Sep 14 2021 10:11:10 GMT+0000 (Coordinated Universal Time) POST /v1/get_html 200 10843 - 4.504 ms\n"}
{"meta":{"serverLogs":"server-logs"},"level":"info","message":"Tue Sep 14 2021 10:11:11 GMT+0000 (Coordinated Universal Time) POST /v1/get_html 200 10843 - 16.443 ms\n"}
{"meta":{"serverLogs":"server-logs"},"level":"info","message":"Tue Sep 14 2021 10:11:11 GMT+0000 (Coordinated Universal Time) POST /v1/get_html 200 10843 - 102.424 ms\n"}
{"meta":{"serverLogs":"server-logs"},"level":"info","message":"Tue Sep 14 2021 10:11:14 GMT+0000 (Coordinated Universal Time) POST /v1/search 200 393104 - 233.647 ms\n"}
{"meta":{"serverLogs":"server-logs"},"level":"info","message":"Tue Sep 14 2021 10:11:19 GMT+0000 (Coordinated Universal Time) POST /v1/get_html 200 5393 - 44.172 ms\n"}
{"meta":{"serverLogs":"server-logs"},"level":"info","message":"Tue Sep 14 2021 10:11:19 GMT+0000 (Coordinated Universal Time) POST /v1/get_html 200 5388 - 15.364 ms\n"}
{"meta":{"serverLogs":"server-logs"},"level":"info","message":"Tue Sep 14 2021 10:11:26 GMT+0000 (Coordinated Universal Time) POST /v1/get_html 200 10843 - 5.982 ms\n"}
{"meta":{"serverLogs":"server-logs"},"level":"info","message":"Tue Sep 14 2021 10:11:26 GMT+0000 (Coordinated Universal Time) POST /v1/get_html 200 10843 - 104.554 ms\n"}
{"meta":{"serverLogs":"server-logs"},"level":"info","message":"Tue Sep 14 2021 10:11:26 GMT+0000 (Coordinated Universal Time) POST /v1/get_html 200 10843 - 26.906 ms\n"}
{"meta":{"serverLogs":"server-logs"},"level":"info","message":"Tue Sep 14 2021 10:11:27 GMT+0000 (Coordinated Universal Time) POST /v1/search 200 393103 - 182.807 ms\n"}
{"meta":{"serverLogs":"server-logs"},"level":"info","message":"Tue Sep 14 2021 10:12:02 GMT+0000 (Coordinated Universal Time) POST /v1/search 200 393103 - 228.761 ms\n"}
{"meta":{"serverLogs":"server-logs"},"level":"info","message":"Tue Sep 14 2021 10:12:52 GMT+0000 (Coordinated Universal Time) POST /v1/search 200 393103 - 238.300 ms\n"}
{"meta":{"serverLogs":"server-logs"},"level":"info","message":"Tue Sep 14 2021 10:13:36 GMT+0000 (Coordinated Universal Time) POST /v1/search 200 393103 - 163.360 ms\n"}
{"meta":{"serverLogs":"server-logs"},"level":"info","message":"Tue Sep 14 2021 10:13:48 GMT+0000 (Coordinated Universal Time) POST /v1/get_html 200 10847 - 7.596 ms\n"}
{"meta":{"serverLogs":"server-logs"},"level":"info","message":"Tue Sep 14 2021 10:13:48 GMT+0000 (Coordinated Universal Time) POST /v1/get_html 200 10843 - 27.998 ms\n"}
{"meta":{"serverLogs":"server-logs"},"level":"info","message":"Tue Sep 14 2021 10:13:55 GMT+0000 (Coordinated Universal Time) POST /v1/get_html 200 10843 - 5.492 ms\n"}
{"meta":{"serverLogs":"server-logs"},"level":"info","message":"Tue Sep 14 2021 10:13:55 GMT+0000 (Coordinated Universal Time) POST /v1/get_html 200 10843 - 10.919 ms\n"}
{"meta":{"serverLogs":"server-logs"},"level":"info","message":"Tue Sep 14 2021 10:13:59 GMT+0000 (Coordinated Universal Time) POST /v1/get_html 200 4872 - 26.151 ms\n"}
{"meta":{"serverLogs":"server-logs"},"level":"info","message":"Tue Sep 14 2021 10:13:59 GMT+0000 (Coordinated Universal Time) POST /v1/get_html 200 4867 - 4.276 ms\n"}
{"meta":{"serverLogs":"server-logs"},"level":"info","message":"Tue Sep 14 2021 10:14:02 GMT+0000 (Coordinated Universal Time) POST /v1/get_html 200 4867 - 10.914 ms\n"}
{"meta":{"serverLogs":"server-logs"},"level":"info","message":"Tue Sep 14 2021 10:14:03 GMT+0000 (Coordinated Universal Time) POST /v1/get_html 200 10843 - 4.504 ms\n"}
{"meta":{"serverLogs":"server-logs"},"level":"info","message":"Tue Sep 14 2021 10:14:03 GMT+0000 (Coordinated Universal Time) POST /v1/get_html 200 10847 - 4.898 ms\n"}
{"meta":{"serverLogs":"server-logs"},"level":"info","message":"Tue Sep 14 2021 10:14:06 GMT+0000 (Coordinated Universal Time) POST /v1/get_html 200 5388 - 43.736 ms\n"}
{"meta":{"serverLogs":"server-logs"},"level":"info","message":"Tue Sep 14 2021 10:14:06 GMT+0000 (Coordinated Universal Time) POST /v1/get_html 200 5388 - 29.329 ms\n"}
{"meta":{"serverLogs":"server-logs"},"level":"info","message":"Tue Sep 14 2021 10:14:15 GMT+0000 (Coordinated Universal Time) POST /v1/search 200 393103 - 193.192 ms\n"}
{"meta":{"serverLogs":"server-logs"},"level":"info","message":"Wed Sep 15 2021 00:43:43 GMT+0000 (Coordinated Universal Time) POST /v1/search 200 393104 - 502.971 ms\n"}
{"meta":{"serverLogs":"server-logs"},"level":"info","message":"Wed Sep 15 2021 00:45:34 GMT+0000 (Coordinated Universal Time) POST /v1/login 200 43708 - 108.496 ms\n"}
{"meta":{"serverLogs":"server-logs"},"level":"info","message":"Wed Sep 15 2021 04:02:12 GMT+0000 (Coordinated Universal Time) POST /v1/search 200 393104 - 310.163 ms\n"}
{"meta":{"serverLogs":"server-logs"},"level":"info","message":"Wed Sep 15 2021 05:49:27 GMT+0000 (Coordinated Universal Time) POST /v1/search 200 393104 - 305.175 ms\n"}
{"meta":{"serverLogs":"server-logs"},"level":"info","message":"Wed Sep 15 2021 06:07:50 GMT+0000 (Coordinated Universal Time) POST /v1/search 200 393104 - 319.146 ms\n"}
{"meta":{"serverLogs":"server-logs"},"level":"info","message":"Wed Sep 15 2021 06:15:15 GMT+0000 (Coordinated Universal Time) POST /v1/search 200 393103 - 276.299 ms\n"}
{"meta":{"serverLogs":"server-logs"},"level":"info","message":"Wed Sep 15 2021 06:15:46 GMT+0000 (Coordinated Universal Time) POST /v1/search 200 393103 - 383.961 ms\n"}
{"meta":{"serverLogs":"server-logs"},"level":"info","message":"Wed Sep 15 2021 06:37:17 GMT+0000 (Coordinated Universal Time) POST /v1/search 200 393103 - 218.441 ms\n"}
{"meta":{"serverLogs":"server-logs"},"level":"info","message":"Wed Sep 15 2021 06:47:54 GMT+0000 (Coordinated Universal Time) POST /v1/search 200 393104 - 251.571 ms\n"}
{"meta":{"serverLogs":"server-logs"},"level":"info","message":"Wed Sep 15 2021 06:49:52 GMT+0000 (Coordinated Universal Time) POST /v1/search 200 393103 - 291.228 ms\n"}
{"meta":{"serverLogs":"server-logs"},"level":"info","message":"Wed Sep 15 2021 06:59:27 GMT+0000 (Coordinated Universal Time) POST /v1/search 200 393102 - 275.362 ms\n"}
{"meta":{"serverLogs":"server-logs"},"level":"info","message":"Wed Sep 15 2021 07:08:08 GMT+0000 (Coordinated Universal Time) POST /v1/search 200 393104 - 270.005 ms\n"}
{"meta":{"serverLogs":"server-logs"},"level":"info","message":"Wed Sep 15 2021 07:13:15 GMT+0000 (Coordinated Universal Time) POST /v1/search 200 393103 - 219.356 ms\n"}
{"meta":{"serverLogs":"server-logs"},"level":"info","message":"Wed Sep 15 2021 07:13:34 GMT+0000 (Coordinated Universal Time) POST /v1/get_html 200 4872 - 40.886 ms\n"}
{"meta":{"serverLogs":"server-logs"},"level":"info","message":"Wed Sep 15 2021 07:13:34 GMT+0000 (Coordinated Universal Time) POST /v1/get_html 200 4867 - 8.772 ms\n"}
{"meta":{"serverLogs":"server-logs"},"level":"info","message":"Wed Sep 15 2021 07:13:36 GMT+0000 (Coordinated Universal Time) POST /v1/get_html 200 5393 - 16.845 ms\n"}
{"meta":{"serverLogs":"server-logs"},"level":"info","message":"Wed Sep 15 2021 07:13:36 GMT+0000 (Coordinated Universal Time) POST /v1/get_html 200 5388 - 13.249 ms\n"}
{"meta":{"serverLogs":"server-logs"},"level":"info","message":"Wed Sep 15 2021 07:13:40 GMT+0000 (Coordinated Universal Time) POST /v1/search 200 393102 - 256.115 ms\n"}
{"meta":{"serverLogs":"server-logs"},"level":"info","message":"Wed Sep 15 2021 07:14:55 GMT+0000 (Coordinated Universal Time) POST /v1/search 200 393103 - 166.881 ms\n"}
{"meta":{"serverLogs":"server-logs"},"level":"info","message":"Wed Sep 15 2021 07:17:07 GMT+0000 (Coordinated Universal Time) POST /v1/search 200 393104 - 326.839 ms\n"}
{"meta":{"serverLogs":"server-logs"},"level":"info","message":"Wed Sep 15 2021 07:37:38 GMT+0000 (Coordinated Universal Time) POST /v1/search 200 393104 - 221.514 ms\n"}
